{"E:\\大学资料\\大学\\比赛\\大三寒假\\软创\\code\\backend\\src\\errors\\AppError.ts": {"path":"E:\\大学资料\\大学\\比赛\\大三寒假\\软创\\code\\backend\\src\\errors\\AppError.ts","statementMap":{"0":{"start":{"line":26,"column":46},"end":{"line":40,"column":null}},"1":{"start":{"line":41,"column":47},"end":{"line":58,"column":null}},"2":{"start":{"line":60,"column":4},"end":{"line":60,"column":null}},"3":{"start":{"line":61,"column":4},"end":{"line":61,"column":null}},"4":{"start":{"line":62,"column":4},"end":{"line":62,"column":null}},"5":{"start":{"line":63,"column":4},"end":{"line":63,"column":null}},"6":{"start":{"line":64,"column":4},"end":{"line":64,"column":null}},"7":{"start":{"line":65,"column":4},"end":{"line":65,"column":null}},"8":{"start":{"line":68,"column":4},"end":{"line":68,"column":null}},"9":{"start":{"line":75,"column":4},"end":{"line":83,"column":null}},"10":{"start":{"line":94,"column":4},"end":{"line":94,"column":null}},"11":{"start":{"line":95,"column":4},"end":{"line":95,"column":null}},"12":{"start":{"line":96,"column":4},"end":{"line":96,"column":null}},"13":{"start":{"line":105,"column":4},"end":{"line":105,"column":null}},"14":{"start":{"line":106,"column":4},"end":{"line":106,"column":null}},"15":{"start":{"line":115,"column":4},"end":{"line":115,"column":null}},"16":{"start":{"line":116,"column":4},"end":{"line":116,"column":null}},"17":{"start":{"line":127,"column":4},"end":{"line":127,"column":null}},"18":{"start":{"line":128,"column":4},"end":{"line":128,"column":null}},"19":{"start":{"line":129,"column":4},"end":{"line":129,"column":null}},"20":{"start":{"line":140,"column":4},"end":{"line":140,"column":null}},"21":{"start":{"line":141,"column":4},"end":{"line":141,"column":null}},"22":{"start":{"line":142,"column":4},"end":{"line":142,"column":null}},"23":{"start":{"line":153,"column":4},"end":{"line":157,"column":null}},"24":{"start":{"line":158,"column":4},"end":{"line":158,"column":null}},"25":{"start":{"line":159,"column":4},"end":{"line":159,"column":null}},"26":{"start":{"line":168,"column":4},"end":{"line":168,"column":null}},"27":{"start":{"line":169,"column":4},"end":{"line":169,"column":null}},"28":{"start":{"line":178,"column":4},"end":{"line":178,"column":null}},"29":{"start":{"line":179,"column":4},"end":{"line":179,"column":null}},"30":{"start":{"line":190,"column":4},"end":{"line":190,"column":null}},"31":{"start":{"line":191,"column":4},"end":{"line":191,"column":null}},"32":{"start":{"line":192,"column":4},"end":{"line":192,"column":null}}},"fnMap":{"0":{"name":"(anonymous_0)","decl":{"start":{"line":20,"column":2},"end":{"line":20,"column":null}},"loc":{"start":{"line":23,"column":21},"end":{"line":69,"column":3}}},"1":{"name":"(anonymous_1)","decl":{"start":{"line":74,"column":2},"end":{"line":74,"column":8}},"loc":{"start":{"line":74,"column":8},"end":{"line":84,"column":3}}},"2":{"name":"(anonymous_2)","decl":{"start":{"line":93,"column":2},"end":{"line":93,"column":14}},"loc":{"start":{"line":93,"column":64},"end":{"line":97,"column":3}}},"3":{"name":"(anonymous_3)","decl":{"start":{"line":104,"column":2},"end":{"line":104,"column":14}},"loc":{"start":{"line":104,"column":81},"end":{"line":107,"column":3}}},"4":{"name":"(anonymous_4)","decl":{"start":{"line":114,"column":2},"end":{"line":114,"column":14}},"loc":{"start":{"line":114,"column":38},"end":{"line":117,"column":3}}},"5":{"name":"(anonymous_5)","decl":{"start":{"line":126,"column":2},"end":{"line":126,"column":14}},"loc":{"start":{"line":126,"column":52},"end":{"line":130,"column":3}}},"6":{"name":"(anonymous_6)","decl":{"start":{"line":139,"column":2},"end":{"line":139,"column":14}},"loc":{"start":{"line":139,"column":52},"end":{"line":143,"column":3}}},"7":{"name":"(anonymous_7)","decl":{"start":{"line":152,"column":2},"end":{"line":152,"column":14}},"loc":{"start":{"line":152,"column":56},"end":{"line":160,"column":3}}},"8":{"name":"(anonymous_8)","decl":{"start":{"line":167,"column":2},"end":{"line":167,"column":14}},"loc":{"start":{"line":167,"column":85},"end":{"line":170,"column":3}}},"9":{"name":"(anonymous_9)","decl":{"start":{"line":177,"column":2},"end":{"line":177,"column":14}},"loc":{"start":{"line":177,"column":81},"end":{"line":180,"column":3}}},"10":{"name":"(anonymous_10)","decl":{"start":{"line":189,"column":2},"end":{"line":189,"column":14}},"loc":{"start":{"line":189,"column":50},"end":{"line":193,"column":3}}}},"branchMap":{"0":{"loc":{"start":{"line":60,"column":10},"end":{"line":60,"column":52}},"type":"binary-expr","locations":[{"start":{"line":60,"column":10},"end":{"line":60,"column":17}},{"start":{"line":60,"column":21},"end":{"line":60,"column":37}},{"start":{"line":60,"column":41},"end":{"line":60,"column":52}}]},"1":{"loc":{"start":{"line":63,"column":22},"end":{"line":63,"column":44}},"type":"binary-expr","locations":[{"start":{"line":63,"column":22},"end":{"line":63,"column":37}},{"start":{"line":63,"column":41},"end":{"line":63,"column":44}}]},"2":{"loc":{"start":{"line":80,"column":12},"end":{"line":80,"column":79}},"type":"binary-expr","locations":[{"start":{"line":80,"column":12},"end":{"line":80,"column":50}},{"start":{"line":80,"column":54},"end":{"line":80,"column":79}}]},"3":{"loc":{"start":{"line":81,"column":12},"end":{"line":81,"column":75}},"type":"binary-expr","locations":[{"start":{"line":81,"column":12},"end":{"line":81,"column":50}},{"start":{"line":81,"column":54},"end":{"line":81,"column":75}}]},"4":{"loc":{"start":{"line":104,"column":14},"end":{"line":104,"column":63}},"type":"default-arg","locations":[{"start":{"line":104,"column":36},"end":{"line":104,"column":63}}]},"5":{"loc":{"start":{"line":114,"column":14},"end":{"line":114,"column":38}},"type":"default-arg","locations":[{"start":{"line":114,"column":32},"end":{"line":114,"column":38}}]},"6":{"loc":{"start":{"line":127,"column":31},"end":{"line":127,"column":62}},"type":"binary-expr","locations":[{"start":{"line":127,"column":31},"end":{"line":127,"column":38}},{"start":{"line":127,"column":42},"end":{"line":127,"column":62}}]},"7":{"loc":{"start":{"line":140,"column":31},"end":{"line":140,"column":62}},"type":"binary-expr","locations":[{"start":{"line":140,"column":31},"end":{"line":140,"column":38}},{"start":{"line":140,"column":42},"end":{"line":140,"column":62}}]},"8":{"loc":{"start":{"line":167,"column":31},"end":{"line":167,"column":85}},"type":"default-arg","locations":[{"start":{"line":167,"column":53},"end":{"line":167,"column":85}}]},"9":{"loc":{"start":{"line":177,"column":31},"end":{"line":177,"column":81}},"type":"default-arg","locations":[{"start":{"line":177,"column":53},"end":{"line":177,"column":81}}]}},"s":{"0":0,"1":0,"2":0,"3":0,"4":0,"5":0,"6":0,"7":0,"8":0,"9":0,"10":0,"11":0,"12":0,"13":0,"14":0,"15":0,"16":0,"17":0,"18":0,"19":0,"20":0,"21":0,"22":0,"23":0,"24":0,"25":0,"26":0,"27":0,"28":0,"29":0,"30":0,"31":0,"32":0},"f":{"0":0,"1":0,"2":0,"3":0,"4":0,"5":0,"6":0,"7":0,"8":0,"9":0,"10":0},"b":{"0":[0,0,0],"1":[0,0],"2":[0,0],"3":[0,0],"4":[0],"5":[0],"6":[0,0],"7":[0,0],"8":[0],"9":[0]}}
,"E:\\大学资料\\大学\\比赛\\大三寒假\\软创\\code\\backend\\src\\errors\\errorHandler.ts": {"path":"E:\\大学资料\\大学\\比赛\\大三寒假\\软创\\code\\backend\\src\\errors\\errorHandler.ts","statementMap":{"0":{"start":{"line":17,"column":20},"end":{"line":17,"column":44}},"1":{"start":{"line":18,"column":17},"end":{"line":18,"column":27}},"2":{"start":{"line":19,"column":14},"end":{"line":19,"column":21}},"3":{"start":{"line":20,"column":13},"end":{"line":20,"column":60}},"4":{"start":{"line":21,"column":20},"end":{"line":21,"column":54}},"5":{"start":{"line":24,"column":2},"end":{"line":45,"column":3}},"6":{"start":{"line":25,"column":4},"end":{"line":38,"column":5}},"7":{"start":{"line":26,"column":6},"end":{"line":26,"column":null}},"8":{"start":{"line":27,"column":6},"end":{"line":27,"column":null}},"9":{"start":{"line":28,"column":6},"end":{"line":28,"column":null}},"10":{"start":{"line":29,"column":6},"end":{"line":31,"column":7}},"11":{"start":{"line":30,"column":8},"end":{"line":30,"column":null}},"12":{"start":{"line":32,"column":6},"end":{"line":34,"column":7}},"13":{"start":{"line":33,"column":8},"end":{"line":33,"column":null}},"14":{"start":{"line":37,"column":6},"end":{"line":37,"column":null}},"15":{"start":{"line":41,"column":4},"end":{"line":41,"column":null}},"16":{"start":{"line":42,"column":4},"end":{"line":42,"column":null}},"17":{"start":{"line":43,"column":4},"end":{"line":43,"column":null}},"18":{"start":{"line":44,"column":4},"end":{"line":44,"column":null}},"19":{"start":{"line":55,"column":2},"end":{"line":57,"column":3}},"20":{"start":{"line":56,"column":4},"end":{"line":56,"column":null}},"21":{"start":{"line":60,"column":2},"end":{"line":62,"column":3}},"22":{"start":{"line":61,"column":4},"end":{"line":61,"column":null}},"23":{"start":{"line":64,"column":2},"end":{"line":66,"column":3}},"24":{"start":{"line":65,"column":4},"end":{"line":65,"column":null}},"25":{"start":{"line":68,"column":2},"end":{"line":70,"column":3}},"26":{"start":{"line":69,"column":4},"end":{"line":69,"column":null}},"27":{"start":{"line":73,"column":2},"end":{"line":75,"column":3}},"28":{"start":{"line":74,"column":4},"end":{"line":74,"column":null}},"29":{"start":{"line":77,"column":2},"end":{"line":79,"column":3}},"30":{"start":{"line":78,"column":4},"end":{"line":78,"column":null}},"31":{"start":{"line":82,"column":2},"end":{"line":84,"column":3}},"32":{"start":{"line":83,"column":4},"end":{"line":83,"column":null}},"33":{"start":{"line":87,"column":2},"end":{"line":90,"column":null}},"34":{"start":{"line":98,"column":2},"end":{"line":101,"column":3}},"35":{"start":{"line":99,"column":22},"end":{"line":99,"column":61}},"36":{"start":{"line":100,"column":4},"end":{"line":100,"column":null}},"37":{"start":{"line":104,"column":2},"end":{"line":110,"column":3}},"38":{"start":{"line":105,"column":18},"end":{"line":105,"column":54}},"39":{"start":{"line":106,"column":4},"end":{"line":109,"column":null}},"40":{"start":{"line":113,"column":2},"end":{"line":119,"column":3}},"41":{"start":{"line":114,"column":4},"end":{"line":118,"column":null}},"42":{"start":{"line":122,"column":2},"end":{"line":124,"column":3}},"43":{"start":{"line":123,"column":4},"end":{"line":123,"column":null}},"44":{"start":{"line":127,"column":2},"end":{"line":127,"column":null}},"45":{"start":{"line":134,"column":2},"end":{"line":143,"column":3}},"46":{"start":{"line":136,"column":6},"end":{"line":136,"column":null}},"47":{"start":{"line":138,"column":6},"end":{"line":138,"column":null}},"48":{"start":{"line":140,"column":6},"end":{"line":140,"column":null}},"49":{"start":{"line":142,"column":6},"end":{"line":142,"column":null}},"50":{"start":{"line":155,"column":2},"end":{"line":157,"column":null}},"51":{"start":{"line":156,"column":4},"end":{"line":156,"column":null}},"52":{"start":{"line":164,"column":2},"end":{"line":170,"column":null}},"53":{"start":{"line":183,"column":2},"end":{"line":183,"column":null}},"54":{"start":{"line":186,"column":19},"end":{"line":186,"column":41}},"55":{"start":{"line":189,"column":21},"end":{"line":189,"column":40}},"56":{"start":{"line":192,"column":40},"end":{"line":198,"column":null}},"57":{"start":{"line":201,"column":2},"end":{"line":204,"column":3}},"58":{"start":{"line":202,"column":4},"end":{"line":202,"column":null}},"59":{"start":{"line":203,"column":4},"end":{"line":203,"column":null}},"60":{"start":{"line":207,"column":2},"end":{"line":210,"column":3}},"61":{"start":{"line":208,"column":4},"end":{"line":208,"column":null}},"62":{"start":{"line":209,"column":4},"end":{"line":209,"column":null}},"63":{"start":{"line":213,"column":2},"end":{"line":213,"column":null}},"64":{"start":{"line":222,"column":2},"end":{"line":226,"column":null}},"65":{"start":{"line":223,"column":4},"end":{"line":223,"column":null}},"66":{"start":{"line":224,"column":4},"end":{"line":224,"column":null}},"67":{"start":{"line":228,"column":2},"end":{"line":233,"column":null}},"68":{"start":{"line":229,"column":4},"end":{"line":229,"column":null}},"69":{"start":{"line":230,"column":4},"end":{"line":232,"column":5}},"70":{"start":{"line":231,"column":6},"end":{"line":231,"column":null}}},"fnMap":{"0":{"name":"logError","decl":{"start":{"line":16,"column":9},"end":{"line":16,"column":17}},"loc":{"start":{"line":16,"column":44},"end":{"line":46,"column":1}}},"1":{"name":"convertToAppError","decl":{"start":{"line":53,"column":9},"end":{"line":53,"column":26}},"loc":{"start":{"line":53,"column":39},"end":{"line":91,"column":1}}},"2":{"name":"handlePrismaError","decl":{"start":{"line":96,"column":9},"end":{"line":96,"column":26}},"loc":{"start":{"line":96,"column":70},"end":{"line":128,"column":1}}},"3":{"name":"handleMulterError","decl":{"start":{"line":133,"column":9},"end":{"line":133,"column":26}},"loc":{"start":{"line":133,"column":37},"end":{"line":144,"column":1}}},"4":{"name":"asyncHandler","decl":{"start":{"line":152,"column":16},"end":{"line":152,"column":28}},"loc":{"start":{"line":153,"column":71},"end":{"line":158,"column":1}}},"5":{"name":"(anonymous_5)","decl":{"start":{"line":155,"column":9},"end":{"line":155,"column":10}},"loc":{"start":{"line":155,"column":61},"end":{"line":157,"column":3}}},"6":{"name":"notFoundHandler","decl":{"start":{"line":163,"column":16},"end":{"line":163,"column":31}},"loc":{"start":{"line":163,"column":59},"end":{"line":171,"column":1}}},"7":{"name":"errorHandler","decl":{"start":{"line":176,"column":16},"end":{"line":176,"column":28}},"loc":{"start":{"line":180,"column":21},"end":{"line":214,"column":1}}},"8":{"name":"setupUncaughtExceptionHandler","decl":{"start":{"line":221,"column":16},"end":{"line":221,"column":45}},"loc":{"start":{"line":221,"column":45},"end":{"line":234,"column":1}}},"9":{"name":"(anonymous_9)","decl":{"start":{"line":222,"column":34},"end":{"line":222,"column":35}},"loc":{"start":{"line":222,"column":51},"end":{"line":226,"column":3}}},"10":{"name":"(anonymous_10)","decl":{"start":{"line":228,"column":35},"end":{"line":228,"column":36}},"loc":{"start":{"line":228,"column":55},"end":{"line":233,"column":3}}}},"branchMap":{"0":{"loc":{"start":{"line":20,"column":13},"end":{"line":20,"column":60}},"type":"binary-expr","locations":[{"start":{"line":20,"column":13},"end":{"line":20,"column":19}},{"start":{"line":20,"column":23},"end":{"line":20,"column":47}},{"start":{"line":20,"column":51},"end":{"line":20,"column":60}}]},"1":{"loc":{"start":{"line":21,"column":20},"end":{"line":21,"column":54}},"type":"binary-expr","locations":[{"start":{"line":21,"column":20},"end":{"line":21,"column":41}},{"start":{"line":21,"column":45},"end":{"line":21,"column":54}}]},"2":{"loc":{"start":{"line":24,"column":2},"end":{"line":45,"column":3}},"type":"if","locations":[{"start":{"line":24,"column":2},"end":{"line":45,"column":3}},{"start":{"line":39,"column":9},"end":{"line":45,"column":3}}]},"3":{"loc":{"start":{"line":25,"column":4},"end":{"line":38,"column":5}},"type":"if","locations":[{"start":{"line":25,"column":4},"end":{"line":38,"column":5}},{"start":{"line":35,"column":11},"end":{"line":38,"column":5}}]},"4":{"loc":{"start":{"line":29,"column":6},"end":{"line":31,"column":7}},"type":"if","locations":[{"start":{"line":29,"column":6},"end":{"line":31,"column":7}}]},"5":{"loc":{"start":{"line":32,"column":6},"end":{"line":34,"column":7}},"type":"if","locations":[{"start":{"line":32,"column":6},"end":{"line":34,"column":7}}]},"6":{"loc":{"start":{"line":55,"column":2},"end":{"line":57,"column":3}},"type":"if","locations":[{"start":{"line":55,"column":2},"end":{"line":57,"column":3}}]},"7":{"loc":{"start":{"line":60,"column":2},"end":{"line":62,"column":3}},"type":"if","locations":[{"start":{"line":60,"column":2},"end":{"line":62,"column":3}}]},"8":{"loc":{"start":{"line":64,"column":2},"end":{"line":66,"column":3}},"type":"if","locations":[{"start":{"line":64,"column":2},"end":{"line":66,"column":3}}]},"9":{"loc":{"start":{"line":68,"column":2},"end":{"line":70,"column":3}},"type":"if","locations":[{"start":{"line":68,"column":2},"end":{"line":70,"column":3}}]},"10":{"loc":{"start":{"line":73,"column":2},"end":{"line":75,"column":3}},"type":"if","locations":[{"start":{"line":73,"column":2},"end":{"line":75,"column":3}}]},"11":{"loc":{"start":{"line":77,"column":2},"end":{"line":79,"column":3}},"type":"if","locations":[{"start":{"line":77,"column":2},"end":{"line":79,"column":3}}]},"12":{"loc":{"start":{"line":82,"column":2},"end":{"line":84,"column":3}},"type":"if","locations":[{"start":{"line":82,"column":2},"end":{"line":84,"column":3}}]},"13":{"loc":{"start":{"line":98,"column":2},"end":{"line":101,"column":3}},"type":"if","locations":[{"start":{"line":98,"column":2},"end":{"line":101,"column":3}}]},"14":{"loc":{"start":{"line":99,"column":22},"end":{"line":99,"column":61}},"type":"binary-expr","locations":[{"start":{"line":99,"column":22},"end":{"line":99,"column":53}},{"start":{"line":99,"column":57},"end":{"line":99,"column":61}}]},"15":{"loc":{"start":{"line":104,"column":2},"end":{"line":110,"column":3}},"type":"if","locations":[{"start":{"line":104,"column":2},"end":{"line":110,"column":3}}]},"16":{"loc":{"start":{"line":105,"column":18},"end":{"line":105,"column":54}},"type":"binary-expr","locations":[{"start":{"line":105,"column":18},"end":{"line":105,"column":48}},{"start":{"line":105,"column":52},"end":{"line":105,"column":54}}]},"17":{"loc":{"start":{"line":113,"column":2},"end":{"line":119,"column":3}},"type":"if","locations":[{"start":{"line":113,"column":2},"end":{"line":119,"column":3}}]},"18":{"loc":{"start":{"line":122,"column":2},"end":{"line":124,"column":3}},"type":"if","locations":[{"start":{"line":122,"column":2},"end":{"line":124,"column":3}}]},"19":{"loc":{"start":{"line":134,"column":2},"end":{"line":143,"column":3}},"type":"switch","locations":[{"start":{"line":135,"column":4},"end":{"line":136,"column":null}},{"start":{"line":137,"column":4},"end":{"line":138,"column":null}},{"start":{"line":139,"column":4},"end":{"line":140,"column":null}},{"start":{"line":141,"column":4},"end":{"line":142,"column":null}}]},"20":{"loc":{"start":{"line":142,"column":27},"end":{"line":142,"column":52}},"type":"binary-expr","locations":[{"start":{"line":142,"column":27},"end":{"line":142,"column":40}},{"start":{"line":142,"column":44},"end":{"line":142,"column":52}}]},"21":{"loc":{"start":{"line":201,"column":2},"end":{"line":204,"column":3}},"type":"if","locations":[{"start":{"line":201,"column":2},"end":{"line":204,"column":3}}]},"22":{"loc":{"start":{"line":207,"column":2},"end":{"line":210,"column":3}},"type":"if","locations":[{"start":{"line":207,"column":2},"end":{"line":210,"column":3}}]},"23":{"loc":{"start":{"line":207,"column":6},"end":{"line":207,"column":64}},"type":"binary-expr","locations":[{"start":{"line":207,"column":6},"end":{"line":207,"column":43}},{"start":{"line":207,"column":47},"end":{"line":207,"column":64}}]},"24":{"loc":{"start":{"line":230,"column":4},"end":{"line":232,"column":5}},"type":"if","locations":[{"start":{"line":230,"column":4},"end":{"line":232,"column":5}}]}},"s":{"0":0,"1":0,"2":0,"3":0,"4":0,"5":0,"6":0,"7":0,"8":0,"9":0,"10":0,"11":0,"12":0,"13":0,"14":0,"15":0,"16":0,"17":0,"18":0,"19":0,"20":0,"21":0,"22":0,"23":0,"24":0,"25":0,"26":0,"27":0,"28":0,"29":0,"30":0,"31":0,"32":0,"33":0,"34":0,"35":0,"36":0,"37":0,"38":0,"39":0,"40":0,"41":0,"42":0,"43":0,"44":0,"45":0,"46":0,"47":0,"48":0,"49":0,"50":0,"51":0,"52":0,"53":0,"54":0,"55":0,"56":0,"57":0,"58":0,"59":0,"60":0,"61":0,"62":0,"63":0,"64":0,"65":0,"66":0,"67":0,"68":0,"69":0,"70":0},"f":{"0":0,"1":0,"2":0,"3":0,"4":0,"5":0,"6":0,"7":0,"8":0,"9":0,"10":0},"b":{"0":[0,0,0],"1":[0,0],"2":[0,0],"3":[0,0],"4":[0],"5":[0],"6":[0],"7":[0],"8":[0],"9":[0],"10":[0],"11":[0],"12":[0],"13":[0],"14":[0,0],"15":[0],"16":[0,0],"17":[0],"18":[0],"19":[0,0,0,0],"20":[0,0],"21":[0],"22":[0],"23":[0,0],"24":[0]}}
,"E:\\大学资料\\大学\\比赛\\大三寒假\\软创\\code\\backend\\src\\lib\\prisma.ts": {"path":"E:\\大学资料\\大学\\比赛\\大三寒假\\软创\\code\\backend\\src\\lib\\prisma.ts","statementMap":{"0":{"start":{"line":4,"column":15},"end":{"line":6,"column":2}},"1":{"start":{"line":9,"column":0},"end":{"line":11,"column":null}},"2":{"start":{"line":10,"column":2},"end":{"line":10,"column":null}}},"fnMap":{"0":{"name":"(anonymous_0)","decl":{"start":{"line":9,"column":25},"end":{"line":9,"column":30}},"loc":{"start":{"line":9,"column":36},"end":{"line":11,"column":1}}}},"branchMap":{"0":{"loc":{"start":{"line":5,"column":7},"end":{"line":5,"column":86}},"type":"cond-expr","locations":[{"start":{"line":5,"column":48},"end":{"line":5,"column":74}},{"start":{"line":5,"column":77},"end":{"line":5,"column":86}}]}},"s":{"0":0,"1":0,"2":0},"f":{"0":0},"b":{"0":[0,0]}}
,"E:\\大学资料\\大学\\比赛\\大三寒假\\软创\\code\\backend\\src\\middleware\\validator.ts": {"path":"E:\\大学资料\\大学\\比赛\\大三寒假\\软创\\code\\backend\\src\\middleware\\validator.ts","statementMap":{"0":{"start":{"line":9,"column":17},"end":{"line":9,"column":38}},"1":{"start":{"line":11,"column":2},"end":{"line":20,"column":3}},"2":{"start":{"line":12,"column":4},"end":{"line":19,"column":null}},"3":{"start":{"line":15,"column":42},"end":{"line":18,"column":8}},"4":{"start":{"line":22,"column":2},"end":{"line":22,"column":null}}},"fnMap":{"0":{"name":"validate","decl":{"start":{"line":8,"column":16},"end":{"line":8,"column":24}},"loc":{"start":{"line":8,"column":72},"end":{"line":23,"column":1}}},"1":{"name":"(anonymous_1)","decl":{"start":{"line":15,"column":34},"end":{"line":15,"column":37}},"loc":{"start":{"line":15,"column":42},"end":{"line":18,"column":8}}}},"branchMap":{"0":{"loc":{"start":{"line":11,"column":2},"end":{"line":20,"column":3}},"type":"if","locations":[{"start":{"line":11,"column":2},"end":{"line":20,"column":3}}]},"1":{"loc":{"start":{"line":16,"column":15},"end":{"line":16,"column":58}},"type":"cond-expr","locations":[{"start":{"line":16,"column":38},"end":{"line":16,"column":46}},{"start":{"line":16,"column":49},"end":{"line":16,"column":58}}]}},"s":{"0":0,"1":0,"2":0,"3":0,"4":0},"f":{"0":0,"1":0},"b":{"0":[0],"1":[0,0]}}
,"E:\\大学资料\\大学\\比赛\\大三寒假\\软创\\code\\backend\\src\\routes\\ai.ts": {"path":"E:\\大学资料\\大学\\比赛\\大三寒假\\软创\\code\\backend\\src\\routes\\ai.ts","statementMap":{"0":{"start":{"line":8,"column":15},"end":{"line":8,"column":23}},"1":{"start":{"line":12,"column":0},"end":{"line":35,"column":null}},"2":{"start":{"line":13,"column":2},"end":{"line":34,"column":3}},"3":{"start":{"line":14,"column":19},"end":{"line":14,"column":44}},"4":{"start":{"line":16,"column":4},"end":{"line":27,"column":null}},"5":{"start":{"line":29,"column":4},"end":{"line":29,"column":null}},"6":{"start":{"line":30,"column":4},"end":{"line":33,"column":null}},"7":{"start":{"line":39,"column":0},"end":{"line":131,"column":null}},"8":{"start":{"line":46,"column":2},"end":{"line":130,"column":3}},"9":{"start":{"line":47,"column":100},"end":{"line":47,"column":108}},"10":{"start":{"line":50,"column":27},"end":{"line":61,"column":6}},"11":{"start":{"line":63,"column":4},"end":{"line":68,"column":5}},"12":{"start":{"line":64,"column":6},"end":{"line":67,"column":null}},"13":{"start":{"line":71,"column":71},"end":{"line":71,"column":73}},"14":{"start":{"line":73,"column":4},"end":{"line":96,"column":5}},"15":{"start":{"line":74,"column":24},"end":{"line":85,"column":8}},"16":{"start":{"line":87,"column":6},"end":{"line":95,"column":null}},"17":{"start":{"line":89,"column":24},"end":{"line":89,"column":77}},"18":{"start":{"line":90,"column":10},"end":{"line":93,"column":null}},"19":{"start":{"line":99,"column":24},"end":{"line":110,"column":6}},"20":{"start":{"line":112,"column":4},"end":{"line":123,"column":null}},"21":{"start":{"line":125,"column":4},"end":{"line":125,"column":null}},"22":{"start":{"line":126,"column":4},"end":{"line":129,"column":null}},"23":{"start":{"line":135,"column":0},"end":{"line":244,"column":null}},"24":{"start":{"line":143,"column":2},"end":{"line":243,"column":3}},"25":{"start":{"line":150,"column":8},"end":{"line":150,"column":16}},"26":{"start":{"line":153,"column":19},"end":{"line":155,"column":6}},"27":{"start":{"line":157,"column":4},"end":{"line":162,"column":5}},"28":{"start":{"line":158,"column":6},"end":{"line":161,"column":null}},"29":{"start":{"line":165,"column":23},"end":{"line":179,"column":6}},"30":{"start":{"line":182,"column":25},"end":{"line":191,"column":6}},"31":{"start":{"line":194,"column":25},"end":{"line":200,"column":6}},"32":{"start":{"line":203,"column":32},"end":{"line":213,"column":6}},"33":{"start":{"line":204,"column":20},"end":{"line":204,"column":72}},"34":{"start":{"line":204,"column":43},"end":{"line":204,"column":71}},"35":{"start":{"line":205,"column":27},"end":{"line":205,"column":45}},"36":{"start":{"line":206,"column":28},"end":{"line":206,"column":44}},"37":{"start":{"line":208,"column":6},"end":{"line":212,"column":null}},"38":{"start":{"line":216,"column":23},"end":{"line":224,"column":6}},"39":{"start":{"line":226,"column":4},"end":{"line":236,"column":null}},"40":{"start":{"line":238,"column":4},"end":{"line":238,"column":null}},"41":{"start":{"line":239,"column":4},"end":{"line":242,"column":null}},"42":{"start":{"line":248,"column":0},"end":{"line":395,"column":null}},"43":{"start":{"line":253,"column":2},"end":{"line":394,"column":3}},"44":{"start":{"line":254,"column":49},"end":{"line":254,"column":57}},"45":{"start":{"line":257,"column":19},"end":{"line":259,"column":6}},"46":{"start":{"line":261,"column":4},"end":{"line":266,"column":5}},"47":{"start":{"line":262,"column":6},"end":{"line":265,"column":null}},"48":{"start":{"line":269,"column":28},"end":{"line":280,"column":6}},"49":{"start":{"line":283,"column":25},"end":{"line":287,"column":6}},"50":{"start":{"line":289,"column":23},"end":{"line":289,"column":85}},"51":{"start":{"line":289,"column":53},"end":{"line":289,"column":83}},"52":{"start":{"line":292,"column":27},"end":{"line":318,"column":6}},"53":{"start":{"line":293,"column":27},"end":{"line":293,"column":53}},"54":{"start":{"line":296,"column":28},"end":{"line":296,"column":44}},"55":{"start":{"line":297,"column":26},"end":{"line":297,"column":54}},"56":{"start":{"line":300,"column":30},"end":{"line":301,"column":null}},"57":{"start":{"line":303,"column":30},"end":{"line":303,"column":74}},"58":{"start":{"line":305,"column":6},"end":{"line":317,"column":null}},"59":{"start":{"line":321,"column":29},"end":{"line":321,"column":31}},"60":{"start":{"line":322,"column":32},"end":{"line":322,"column":36}},"61":{"start":{"line":324,"column":4},"end":{"line":334,"column":5}},"62":{"start":{"line":326,"column":23},"end":{"line":330,"column":8}},"63":{"start":{"line":333,"column":6},"end":{"line":333,"column":null}},"64":{"start":{"line":337,"column":35},"end":{"line":359,"column":6}},"65":{"start":{"line":339,"column":27},"end":{"line":339,"column":46}},"66":{"start":{"line":340,"column":30},"end":{"line":340,"column":59}},"67":{"start":{"line":341,"column":27},"end":{"line":341,"column":71}},"68":{"start":{"line":343,"column":20},"end":{"line":343,"column":80}},"69":{"start":{"line":346,"column":6},"end":{"line":352,"column":7}},"70":{"start":{"line":347,"column":8},"end":{"line":347,"column":null}},"71":{"start":{"line":348,"column":13},"end":{"line":352,"column":7}},"72":{"start":{"line":349,"column":8},"end":{"line":349,"column":null}},"73":{"start":{"line":351,"column":8},"end":{"line":351,"column":null}},"74":{"start":{"line":354,"column":6},"end":{"line":358,"column":null}},"75":{"start":{"line":362,"column":29},"end":{"line":364,"column":40}},"76":{"start":{"line":363,"column":19},"end":{"line":363,"column":39}},"77":{"start":{"line":364,"column":22},"end":{"line":364,"column":39}},"78":{"start":{"line":367,"column":22},"end":{"line":367,"column":86}},"79":{"start":{"line":367,"column":57},"end":{"line":367,"column":78}},"80":{"start":{"line":368,"column":24},"end":{"line":368,"column":90}},"81":{"start":{"line":368,"column":59},"end":{"line":368,"column":82}},"82":{"start":{"line":369,"column":27},"end":{"line":369,"column":108}},"83":{"start":{"line":369,"column":61},"end":{"line":369,"column":80}},"84":{"start":{"line":371,"column":4},"end":{"line":375,"column":null}},"85":{"start":{"line":377,"column":4},"end":{"line":387,"column":null}},"86":{"start":{"line":389,"column":4},"end":{"line":389,"column":null}},"87":{"start":{"line":390,"column":4},"end":{"line":393,"column":null}},"88":{"start":{"line":399,"column":0},"end":{"line":471,"column":null}},"89":{"start":{"line":402,"column":4},"end":{"line":409,"column":5}},"90":{"start":{"line":403,"column":25},"end":{"line":403,"column":58}},"91":{"start":{"line":404,"column":6},"end":{"line":408,"column":7}},"92":{"start":{"line":405,"column":8},"end":{"line":407,"column":9}},"93":{"start":{"line":406,"column":10},"end":{"line":406,"column":null}},"94":{"start":{"line":410,"column":4},"end":{"line":410,"column":null}},"95":{"start":{"line":416,"column":2},"end":{"line":470,"column":3}},"96":{"start":{"line":422,"column":8},"end":{"line":422,"column":16}},"97":{"start":{"line":425,"column":27},"end":{"line":436,"column":6}},"98":{"start":{"line":438,"column":4},"end":{"line":443,"column":5}},"99":{"start":{"line":439,"column":6},"end":{"line":442,"column":null}},"100":{"start":{"line":446,"column":22},"end":{"line":451,"column":6}},"101":{"start":{"line":453,"column":4},"end":{"line":463,"column":null}},"102":{"start":{"line":465,"column":4},"end":{"line":465,"column":null}},"103":{"start":{"line":466,"column":4},"end":{"line":469,"column":null}},"104":{"start":{"line":475,"column":0},"end":{"line":503,"column":null}},"105":{"start":{"line":480,"column":2},"end":{"line":502,"column":3}},"106":{"start":{"line":481,"column":43},"end":{"line":481,"column":51}},"107":{"start":{"line":484,"column":21},"end":{"line":487,"column":6}},"108":{"start":{"line":489,"column":4},"end":{"line":495,"column":null}},"109":{"start":{"line":497,"column":4},"end":{"line":497,"column":null}},"110":{"start":{"line":498,"column":4},"end":{"line":501,"column":null}}},"fnMap":{"0":{"name":"(anonymous_0)","decl":{"start":{"line":12,"column":25},"end":{"line":12,"column":30}},"loc":{"start":{"line":12,"column":64},"end":{"line":35,"column":1}}},"1":{"name":"(anonymous_1)","decl":{"start":{"line":45,"column":3},"end":{"line":45,"column":8}},"loc":{"start":{"line":45,"column":41},"end":{"line":131,"column":1}}},"2":{"name":"(anonymous_2)","decl":{"start":{"line":88,"column":13},"end":{"line":88,"column":14}},"loc":{"start":{"line":88,"column":17},"end":{"line":94,"column":9}}},"3":{"name":"(anonymous_3)","decl":{"start":{"line":142,"column":3},"end":{"line":142,"column":8}},"loc":{"start":{"line":142,"column":41},"end":{"line":244,"column":1}}},"4":{"name":"(anonymous_4)","decl":{"start":{"line":203,"column":47},"end":{"line":203,"column":49}},"loc":{"start":{"line":203,"column":52},"end":{"line":213,"column":5}}},"5":{"name":"(anonymous_5)","decl":{"start":{"line":204,"column":38},"end":{"line":204,"column":39}},"loc":{"start":{"line":204,"column":43},"end":{"line":204,"column":71}}},"6":{"name":"(anonymous_6)","decl":{"start":{"line":252,"column":3},"end":{"line":252,"column":8}},"loc":{"start":{"line":252,"column":41},"end":{"line":395,"column":1}}},"7":{"name":"(anonymous_7)","decl":{"start":{"line":289,"column":48},"end":{"line":289,"column":49}},"loc":{"start":{"line":289,"column":53},"end":{"line":289,"column":83}}},"8":{"name":"(anonymous_8)","decl":{"start":{"line":292,"column":47},"end":{"line":292,"column":49}},"loc":{"start":{"line":292,"column":52},"end":{"line":318,"column":5}}},"9":{"name":"(anonymous_9)","decl":{"start":{"line":337,"column":54},"end":{"line":337,"column":56}},"loc":{"start":{"line":337,"column":59},"end":{"line":359,"column":5}}},"10":{"name":"(anonymous_10)","decl":{"start":{"line":363,"column":14},"end":{"line":363,"column":15}},"loc":{"start":{"line":363,"column":19},"end":{"line":363,"column":39}}},"11":{"name":"(anonymous_11)","decl":{"start":{"line":364,"column":12},"end":{"line":364,"column":13}},"loc":{"start":{"line":364,"column":22},"end":{"line":364,"column":39}}},"12":{"name":"(anonymous_12)","decl":{"start":{"line":367,"column":52},"end":{"line":367,"column":53}},"loc":{"start":{"line":367,"column":57},"end":{"line":367,"column":78}}},"13":{"name":"(anonymous_13)","decl":{"start":{"line":368,"column":54},"end":{"line":368,"column":55}},"loc":{"start":{"line":368,"column":59},"end":{"line":368,"column":82}}},"14":{"name":"(anonymous_14)","decl":{"start":{"line":369,"column":49},"end":{"line":369,"column":50}},"loc":{"start":{"line":369,"column":61},"end":{"line":369,"column":80}}},"15":{"name":"(anonymous_15)","decl":{"start":{"line":401,"column":52},"end":{"line":401,"column":53}},"loc":{"start":{"line":401,"column":62},"end":{"line":411,"column":3}}},"16":{"name":"(anonymous_16)","decl":{"start":{"line":415,"column":3},"end":{"line":415,"column":8}},"loc":{"start":{"line":415,"column":41},"end":{"line":471,"column":1}}},"17":{"name":"(anonymous_17)","decl":{"start":{"line":479,"column":3},"end":{"line":479,"column":8}},"loc":{"start":{"line":479,"column":41},"end":{"line":503,"column":1}}}},"branchMap":{"0":{"loc":{"start":{"line":47,"column":30},"end":{"line":47,"column":48}},"type":"default-arg","locations":[{"start":{"line":47,"column":38},"end":{"line":47,"column":48}}]},"1":{"loc":{"start":{"line":47,"column":50},"end":{"line":47,"column":71}},"type":"default-arg","locations":[{"start":{"line":47,"column":67},"end":{"line":47,"column":71}}]},"2":{"loc":{"start":{"line":47,"column":73},"end":{"line":47,"column":95}},"type":"default-arg","locations":[{"start":{"line":47,"column":91},"end":{"line":47,"column":95}}]},"3":{"loc":{"start":{"line":63,"column":4},"end":{"line":68,"column":5}},"type":"if","locations":[{"start":{"line":63,"column":4},"end":{"line":68,"column":5}}]},"4":{"loc":{"start":{"line":73,"column":4},"end":{"line":96,"column":5}},"type":"if","locations":[{"start":{"line":73,"column":4},"end":{"line":96,"column":5}}]},"5":{"loc":{"start":{"line":89,"column":24},"end":{"line":89,"column":77}},"type":"cond-expr","locations":[{"start":{"line":89,"column":58},"end":{"line":89,"column":66}},{"start":{"line":89,"column":69},"end":{"line":89,"column":77}}]},"6":{"loc":{"start":{"line":146,"column":6},"end":{"line":146,"column":23}},"type":"default-arg","locations":[{"start":{"line":146,"column":20},"end":{"line":146,"column":23}}]},"7":{"loc":{"start":{"line":147,"column":6},"end":{"line":147,"column":24}},"type":"default-arg","locations":[{"start":{"line":147,"column":22},"end":{"line":147,"column":24}}]},"8":{"loc":{"start":{"line":148,"column":6},"end":{"line":148,"column":26}},"type":"default-arg","locations":[{"start":{"line":148,"column":23},"end":{"line":148,"column":26}}]},"9":{"loc":{"start":{"line":149,"column":6},"end":{"line":149,"column":34}},"type":"default-arg","locations":[{"start":{"line":149,"column":19},"end":{"line":149,"column":34}}]},"10":{"loc":{"start":{"line":157,"column":4},"end":{"line":162,"column":5}},"type":"if","locations":[{"start":{"line":157,"column":4},"end":{"line":162,"column":5}}]},"11":{"loc":{"start":{"line":205,"column":27},"end":{"line":205,"column":45}},"type":"binary-expr","locations":[{"start":{"line":205,"column":27},"end":{"line":205,"column":40}},{"start":{"line":205,"column":44},"end":{"line":205,"column":45}}]},"12":{"loc":{"start":{"line":254,"column":22},"end":{"line":254,"column":44}},"type":"default-arg","locations":[{"start":{"line":254,"column":37},"end":{"line":254,"column":44}}]},"13":{"loc":{"start":{"line":261,"column":4},"end":{"line":266,"column":5}},"type":"if","locations":[{"start":{"line":261,"column":4},"end":{"line":266,"column":5}}]},"14":{"loc":{"start":{"line":293,"column":27},"end":{"line":293,"column":53}},"type":"binary-expr","locations":[{"start":{"line":293,"column":27},"end":{"line":293,"column":48}},{"start":{"line":293,"column":52},"end":{"line":293,"column":53}}]},"15":{"loc":{"start":{"line":324,"column":4},"end":{"line":334,"column":5}},"type":"if","locations":[{"start":{"line":324,"column":4},"end":{"line":334,"column":5}}]},"16":{"loc":{"start":{"line":346,"column":6},"end":{"line":352,"column":7}},"type":"if","locations":[{"start":{"line":346,"column":6},"end":{"line":352,"column":7}},{"start":{"line":348,"column":13},"end":{"line":352,"column":7}}]},"17":{"loc":{"start":{"line":346,"column":10},"end":{"line":346,"column":45}},"type":"binary-expr","locations":[{"start":{"line":346,"column":10},"end":{"line":346,"column":21}},{"start":{"line":346,"column":25},"end":{"line":346,"column":45}}]},"18":{"loc":{"start":{"line":348,"column":13},"end":{"line":352,"column":7}},"type":"if","locations":[{"start":{"line":348,"column":13},"end":{"line":352,"column":7}},{"start":{"line":350,"column":13},"end":{"line":352,"column":7}}]},"19":{"loc":{"start":{"line":374,"column":6},"end":{"line":374,"column":53}},"type":"cond-expr","locations":[{"start":{"line":374,"column":22},"end":{"line":374,"column":37}},{"start":{"line":374,"column":40},"end":{"line":374,"column":53}}]},"20":{"loc":{"start":{"line":402,"column":4},"end":{"line":409,"column":5}},"type":"if","locations":[{"start":{"line":402,"column":4},"end":{"line":409,"column":5}}]},"21":{"loc":{"start":{"line":402,"column":8},"end":{"line":402,"column":37}},"type":"binary-expr","locations":[{"start":{"line":402,"column":8},"end":{"line":402,"column":13}},{"start":{"line":402,"column":17},"end":{"line":402,"column":37}}]},"22":{"loc":{"start":{"line":405,"column":8},"end":{"line":407,"column":9}},"type":"if","locations":[{"start":{"line":405,"column":8},"end":{"line":407,"column":9}}]},"23":{"loc":{"start":{"line":419,"column":6},"end":{"line":419,"column":55}},"type":"default-arg","locations":[{"start":{"line":419,"column":22},"end":{"line":419,"column":55}}]},"24":{"loc":{"start":{"line":420,"column":6},"end":{"line":420,"column":24}},"type":"default-arg","locations":[{"start":{"line":420,"column":17},"end":{"line":420,"column":24}}]},"25":{"loc":{"start":{"line":421,"column":6},"end":{"line":421,"column":20}},"type":"default-arg","locations":[{"start":{"line":421,"column":19},"end":{"line":421,"column":20}}]},"26":{"loc":{"start":{"line":438,"column":4},"end":{"line":443,"column":5}},"type":"if","locations":[{"start":{"line":438,"column":4},"end":{"line":443,"column":5}}]},"27":{"loc":{"start":{"line":486,"column":25},"end":{"line":486,"column":69}},"type":"binary-expr","locations":[{"start":{"line":486,"column":25},"end":{"line":486,"column":42}},{"start":{"line":486,"column":46},"end":{"line":486,"column":69}}]}},"s":{"0":0,"1":0,"2":0,"3":0,"4":0,"5":0,"6":0,"7":0,"8":0,"9":0,"10":0,"11":0,"12":0,"13":0,"14":0,"15":0,"16":0,"17":0,"18":0,"19":0,"20":0,"21":0,"22":0,"23":0,"24":0,"25":0,"26":0,"27":0,"28":0,"29":0,"30":0,"31":0,"32":0,"33":0,"34":0,"35":0,"36":0,"37":0,"38":0,"39":0,"40":0,"41":0,"42":0,"43":0,"44":0,"45":0,"46":0,"47":0,"48":0,"49":0,"50":0,"51":0,"52":0,"53":0,"54":0,"55":0,"56":0,"57":0,"58":0,"59":0,"60":0,"61":0,"62":0,"63":0,"64":0,"65":0,"66":0,"67":0,"68":0,"69":0,"70":0,"71":0,"72":0,"73":0,"74":0,"75":0,"76":0,"77":0,"78":0,"79":0,"80":0,"81":0,"82":0,"83":0,"84":0,"85":0,"86":0,"87":0,"88":0,"89":0,"90":0,"91":0,"92":0,"93":0,"94":0,"95":0,"96":0,"97":0,"98":0,"99":0,"100":0,"101":0,"102":0,"103":0,"104":0,"105":0,"106":0,"107":0,"108":0,"109":0,"110":0},"f":{"0":0,"1":0,"2":0,"3":0,"4":0,"5":0,"6":0,"7":0,"8":0,"9":0,"10":0,"11":0,"12":0,"13":0,"14":0,"15":0,"16":0,"17":0},"b":{"0":[0],"1":[0],"2":[0],"3":[0],"4":[0],"5":[0,0],"6":[0],"7":[0],"8":[0],"9":[0],"10":[0],"11":[0,0],"12":[0],"13":[0],"14":[0,0],"15":[0],"16":[0,0],"17":[0,0],"18":[0,0],"19":[0,0],"20":[0],"21":[0,0],"22":[0],"23":[0],"24":[0],"25":[0],"26":[0],"27":[0,0]}}
,"E:\\大学资料\\大学\\比赛\\大三寒假\\软创\\code\\backend\\src\\routes\\analysis.ts": {"path":"E:\\大学资料\\大学\\比赛\\大三寒假\\软创\\code\\backend\\src\\routes\\analysis.ts","statementMap":{"0":{"start":{"line":7,"column":15},"end":{"line":7,"column":23}},"1":{"start":{"line":19,"column":20},"end":{"line":19,"column":21}},"2":{"start":{"line":20,"column":28},"end":{"line":20,"column":30}},"3":{"start":{"line":23,"column":25},"end":{"line":31,"column":4}},"4":{"start":{"line":33,"column":2},"end":{"line":36,"column":3}},"5":{"start":{"line":34,"column":4},"end":{"line":34,"column":46}},"6":{"start":{"line":35,"column":4},"end":{"line":35,"column":null}},"7":{"start":{"line":39,"column":26},"end":{"line":42,"column":4}},"8":{"start":{"line":44,"column":26},"end":{"line":47,"column":4}},"9":{"start":{"line":49,"column":26},"end":{"line":49,"column":78}},"10":{"start":{"line":49,"column":60},"end":{"line":49,"column":76}},"11":{"start":{"line":50,"column":24},"end":{"line":50,"column":91}},"12":{"start":{"line":50,"column":53},"end":{"line":50,"column":90}},"13":{"start":{"line":52,"column":2},"end":{"line":56,"column":3}},"14":{"start":{"line":53,"column":24},"end":{"line":53,"column":66}},"15":{"start":{"line":54,"column":4},"end":{"line":54,"column":null}},"16":{"start":{"line":55,"column":4},"end":{"line":55,"column":null}},"17":{"start":{"line":59,"column":25},"end":{"line":62,"column":4}},"18":{"start":{"line":64,"column":25},"end":{"line":67,"column":4}},"19":{"start":{"line":70,"column":25},"end":{"line":70,"column":86}},"20":{"start":{"line":70,"column":57},"end":{"line":70,"column":84}},"21":{"start":{"line":71,"column":27},"end":{"line":72,"column":null}},"22":{"start":{"line":72,"column":4},"end":{"line":72,"column":64}},"23":{"start":{"line":72,"column":41},"end":{"line":72,"column":63}},"24":{"start":{"line":75,"column":2},"end":{"line":78,"column":3}},"25":{"start":{"line":76,"column":4},"end":{"line":76,"column":null}},"26":{"start":{"line":77,"column":4},"end":{"line":77,"column":null}},"27":{"start":{"line":81,"column":22},"end":{"line":83,"column":4}},"28":{"start":{"line":85,"column":22},"end":{"line":87,"column":4}},"29":{"start":{"line":89,"column":2},"end":{"line":92,"column":3}},"30":{"start":{"line":90,"column":4},"end":{"line":90,"column":null}},"31":{"start":{"line":91,"column":4},"end":{"line":91,"column":null}},"32":{"start":{"line":95,"column":2},"end":{"line":95,"column":null}},"33":{"start":{"line":97,"column":2},"end":{"line":100,"column":null}},"34":{"start":{"line":105,"column":0},"end":{"line":316,"column":null}},"35":{"start":{"line":110,"column":2},"end":{"line":315,"column":3}},"36":{"start":{"line":111,"column":25},"end":{"line":111,"column":35}},"37":{"start":{"line":112,"column":18},"end":{"line":112,"column":59}},"38":{"start":{"line":115,"column":19},"end":{"line":117,"column":6}},"39":{"start":{"line":119,"column":4},"end":{"line":125,"column":5}},"40":{"start":{"line":120,"column":6},"end":{"line":124,"column":null}},"41":{"start":{"line":128,"column":21},"end":{"line":131,"column":6}},"42":{"start":{"line":132,"column":23},"end":{"line":132,"column":46}},"43":{"start":{"line":132,"column":41},"end":{"line":132,"column":45}},"44":{"start":{"line":135,"column":28},"end":{"line":146,"column":6}},"45":{"start":{"line":148,"column":4},"end":{"line":154,"column":5}},"46":{"start":{"line":149,"column":6},"end":{"line":153,"column":null}},"47":{"start":{"line":157,"column":21},"end":{"line":157,"column":73}},"48":{"start":{"line":157,"column":55},"end":{"line":157,"column":71}},"49":{"start":{"line":158,"column":28},"end":{"line":158,"column":85}},"50":{"start":{"line":158,"column":62},"end":{"line":158,"column":83}},"51":{"start":{"line":161,"column":22},"end":{"line":166,"column":6}},"52":{"start":{"line":163,"column":50},"end":{"line":163,"column":55}},"53":{"start":{"line":164,"column":50},"end":{"line":164,"column":55}},"54":{"start":{"line":177,"column":9},"end":{"line":177,"column":11}},"55":{"start":{"line":180,"column":4},"end":{"line":208,"column":5}},"56":{"start":{"line":181,"column":19},"end":{"line":181,"column":21}},"57":{"start":{"line":182,"column":6},"end":{"line":197,"column":7}},"58":{"start":{"line":184,"column":10},"end":{"line":184,"column":null}},"59":{"start":{"line":185,"column":10},"end":{"line":185,"column":15}},"60":{"start":{"line":187,"column":10},"end":{"line":187,"column":null}},"61":{"start":{"line":188,"column":10},"end":{"line":188,"column":15}},"62":{"start":{"line":190,"column":10},"end":{"line":190,"column":null}},"63":{"start":{"line":191,"column":10},"end":{"line":191,"column":15}},"64":{"start":{"line":193,"column":10},"end":{"line":193,"column":null}},"65":{"start":{"line":194,"column":10},"end":{"line":194,"column":15}},"66":{"start":{"line":196,"column":10},"end":{"line":196,"column":null}},"67":{"start":{"line":199,"column":6},"end":{"line":207,"column":null}},"68":{"start":{"line":211,"column":26},"end":{"line":212,"column":null}},"69":{"start":{"line":212,"column":25},"end":{"line":212,"column":54}},"70":{"start":{"line":215,"column":26},"end":{"line":215,"column":27}},"71":{"start":{"line":216,"column":4},"end":{"line":243,"column":5}},"72":{"start":{"line":216,"column":17},"end":{"line":216,"column":18}},"73":{"start":{"line":217,"column":6},"end":{"line":242,"column":7}},"74":{"start":{"line":217,"column":19},"end":{"line":217,"column":24}},"75":{"start":{"line":218,"column":24},"end":{"line":218,"column":75}},"76":{"start":{"line":219,"column":31},"end":{"line":219,"column":82}},"77":{"start":{"line":221,"column":8},"end":{"line":241,"column":9}},"78":{"start":{"line":223,"column":42},"end":{"line":225,"column":null}},"79":{"start":{"line":229,"column":10},"end":{"line":240,"column":11}},"80":{"start":{"line":230,"column":12},"end":{"line":238,"column":null}},"81":{"start":{"line":239,"column":12},"end":{"line":239,"column":null}},"82":{"start":{"line":246,"column":4},"end":{"line":246,"column":null}},"83":{"start":{"line":246,"column":37},"end":{"line":246,"column":66}},"84":{"start":{"line":249,"column":26},"end":{"line":249,"column":59}},"85":{"start":{"line":252,"column":25},"end":{"line":255,"column":6}},"86":{"start":{"line":256,"column":27},"end":{"line":256,"column":73}},"87":{"start":{"line":256,"column":57},"end":{"line":256,"column":71}},"88":{"start":{"line":264,"column":9},"end":{"line":264,"column":11}},"89":{"start":{"line":267,"column":26},"end":{"line":267,"column":67}},"90":{"start":{"line":268,"column":4},"end":{"line":274,"column":5}},"91":{"start":{"line":269,"column":26},"end":{"line":269,"column":68}},"92":{"start":{"line":270,"column":6},"end":{"line":272,"column":7}},"93":{"start":{"line":271,"column":8},"end":{"line":271,"column":null}},"94":{"start":{"line":273,"column":6},"end":{"line":273,"column":null}},"95":{"start":{"line":277,"column":4},"end":{"line":295,"column":5}},"96":{"start":{"line":278,"column":6},"end":{"line":294,"column":7}},"97":{"start":{"line":280,"column":44},"end":{"line":286,"column":10}},"98":{"start":{"line":282,"column":38},"end":{"line":282,"column":42}},"99":{"start":{"line":288,"column":8},"end":{"line":293,"column":null}},"100":{"start":{"line":290,"column":43},"end":{"line":290,"column":49}},"101":{"start":{"line":297,"column":4},"end":{"line":307,"column":null}},"102":{"start":{"line":309,"column":4},"end":{"line":309,"column":null}},"103":{"start":{"line":310,"column":4},"end":{"line":314,"column":null}},"104":{"start":{"line":320,"column":0},"end":{"line":499,"column":null}},"105":{"start":{"line":324,"column":2},"end":{"line":498,"column":3}},"106":{"start":{"line":325,"column":25},"end":{"line":325,"column":35}},"107":{"start":{"line":328,"column":19},"end":{"line":330,"column":6}},"108":{"start":{"line":332,"column":4},"end":{"line":338,"column":5}},"109":{"start":{"line":333,"column":6},"end":{"line":337,"column":null}},"110":{"start":{"line":341,"column":21},"end":{"line":344,"column":6}},"111":{"start":{"line":345,"column":23},"end":{"line":345,"column":46}},"112":{"start":{"line":345,"column":41},"end":{"line":345,"column":45}},"113":{"start":{"line":346,"column":27},"end":{"line":346,"column":95}},"114":{"start":{"line":346,"column":53},"end":{"line":346,"column":93}},"115":{"start":{"line":349,"column":28},"end":{"line":361,"column":6}},"116":{"start":{"line":363,"column":4},"end":{"line":369,"column":5}},"117":{"start":{"line":364,"column":6},"end":{"line":368,"column":null}},"118":{"start":{"line":372,"column":26},"end":{"line":378,"column":6}},"119":{"start":{"line":375,"column":50},"end":{"line":375,"column":55}},"120":{"start":{"line":376,"column":50},"end":{"line":376,"column":55}},"121":{"start":{"line":381,"column":22},"end":{"line":381,"column":49}},"122":{"start":{"line":382,"column":4},"end":{"line":387,"column":5}},"123":{"start":{"line":383,"column":6},"end":{"line":385,"column":7}},"124":{"start":{"line":384,"column":8},"end":{"line":384,"column":null}},"125":{"start":{"line":386,"column":6},"end":{"line":386,"column":null}},"126":{"start":{"line":390,"column":29},"end":{"line":390,"column":54}},"127":{"start":{"line":391,"column":4},"end":{"line":401,"column":5}},"128":{"start":{"line":395,"column":26},"end":{"line":395,"column":28}},"129":{"start":{"line":396,"column":6},"end":{"line":396,"column":47}},"130":{"start":{"line":397,"column":6},"end":{"line":399,"column":7}},"131":{"start":{"line":398,"column":8},"end":{"line":398,"column":28}},"132":{"start":{"line":400,"column":6},"end":{"line":400,"column":null}},"133":{"start":{"line":404,"column":25},"end":{"line":427,"column":6}},"134":{"start":{"line":406,"column":6},"end":{"line":421,"column":7}},"135":{"start":{"line":407,"column":25},"end":{"line":407,"column":50}},"136":{"start":{"line":408,"column":25},"end":{"line":408,"column":50}},"137":{"start":{"line":411,"column":8},"end":{"line":413,"column":9}},"138":{"start":{"line":412,"column":10},"end":{"line":412,"column":null}},"139":{"start":{"line":416,"column":8},"end":{"line":416,"column":null}},"140":{"start":{"line":416,"column":64},"end":{"line":416,"column":null}},"141":{"start":{"line":417,"column":8},"end":{"line":417,"column":null}},"142":{"start":{"line":417,"column":64},"end":{"line":417,"column":null}},"143":{"start":{"line":420,"column":8},"end":{"line":420,"column":null}},"144":{"start":{"line":424,"column":23},"end":{"line":424,"column":54}},"145":{"start":{"line":425,"column":23},"end":{"line":425,"column":54}},"146":{"start":{"line":426,"column":6},"end":{"line":426,"column":null}},"147":{"start":{"line":430,"column":25},"end":{"line":430,"column":77}},"148":{"start":{"line":430,"column":59},"end":{"line":430,"column":75}},"149":{"start":{"line":433,"column":30},"end":{"line":465,"column":6}},"150":{"start":{"line":434,"column":22},"end":{"line":434,"column":48}},"151":{"start":{"line":435,"column":26},"end":{"line":438,"column":20}},"152":{"start":{"line":436,"column":19},"end":{"line":436,"column":39}},"153":{"start":{"line":437,"column":42},"end":{"line":437,"column":48}},"154":{"start":{"line":440,"column":26},"end":{"line":440,"column":58}},"155":{"start":{"line":442,"column":19},"end":{"line":442,"column":21}},"156":{"start":{"line":443,"column":6},"end":{"line":451,"column":7}},"157":{"start":{"line":444,"column":8},"end":{"line":444,"column":null}},"158":{"start":{"line":445,"column":13},"end":{"line":451,"column":7}},"159":{"start":{"line":446,"column":8},"end":{"line":446,"column":null}},"160":{"start":{"line":447,"column":13},"end":{"line":451,"column":7}},"161":{"start":{"line":448,"column":8},"end":{"line":448,"column":null}},"162":{"start":{"line":450,"column":8},"end":{"line":450,"column":null}},"163":{"start":{"line":453,"column":6},"end":{"line":464,"column":null}},"164":{"start":{"line":468,"column":31},"end":{"line":468,"column":95}},"165":{"start":{"line":468,"column":86},"end":{"line":468,"column":91}},"166":{"start":{"line":471,"column":27},"end":{"line":471,"column":81}},"167":{"start":{"line":471,"column":56},"end":{"line":471,"column":80}},"168":{"start":{"line":472,"column":25},"end":{"line":472,"column":104}},"169":{"start":{"line":472,"column":60},"end":{"line":472,"column":100}},"170":{"start":{"line":474,"column":4},"end":{"line":490,"column":null}},"171":{"start":{"line":492,"column":4},"end":{"line":492,"column":null}},"172":{"start":{"line":493,"column":4},"end":{"line":497,"column":null}},"173":{"start":{"line":503,"column":0},"end":{"line":727,"column":null}},"174":{"start":{"line":507,"column":2},"end":{"line":726,"column":3}},"175":{"start":{"line":508,"column":25},"end":{"line":508,"column":35}},"176":{"start":{"line":511,"column":19},"end":{"line":513,"column":6}},"177":{"start":{"line":515,"column":4},"end":{"line":521,"column":5}},"178":{"start":{"line":516,"column":6},"end":{"line":520,"column":null}},"179":{"start":{"line":524,"column":21},"end":{"line":527,"column":6}},"180":{"start":{"line":528,"column":23},"end":{"line":528,"column":46}},"181":{"start":{"line":528,"column":41},"end":{"line":528,"column":45}},"182":{"start":{"line":529,"column":27},"end":{"line":529,"column":95}},"183":{"start":{"line":529,"column":53},"end":{"line":529,"column":93}},"184":{"start":{"line":532,"column":28},"end":{"line":550,"column":6}},"185":{"start":{"line":552,"column":4},"end":{"line":558,"column":5}},"186":{"start":{"line":553,"column":6},"end":{"line":557,"column":null}},"187":{"start":{"line":561,"column":26},"end":{"line":566,"column":6}},"188":{"start":{"line":564,"column":50},"end":{"line":564,"column":55}},"189":{"start":{"line":569,"column":28},"end":{"line":569,"column":76}},"190":{"start":{"line":569,"column":63},"end":{"line":569,"column":73}},"191":{"start":{"line":570,"column":25},"end":{"line":578,"column":6}},"192":{"start":{"line":579,"column":27},"end":{"line":579,"column":68}},"193":{"start":{"line":579,"column":57},"end":{"line":579,"column":66}},"194":{"start":{"line":582,"column":22},"end":{"line":582,"column":61}},"195":{"start":{"line":583,"column":4},"end":{"line":588,"column":5}},"196":{"start":{"line":584,"column":6},"end":{"line":586,"column":7}},"197":{"start":{"line":585,"column":8},"end":{"line":585,"column":null}},"198":{"start":{"line":587,"column":6},"end":{"line":587,"column":null}},"199":{"start":{"line":606,"column":9},"end":{"line":606,"column":11}},"200":{"start":{"line":608,"column":4},"end":{"line":682,"column":5}},"201":{"start":{"line":609,"column":22},"end":{"line":609,"column":48}},"202":{"start":{"line":612,"column":28},"end":{"line":612,"column":29}},"203":{"start":{"line":613,"column":58},"end":{"line":613,"column":60}},"204":{"start":{"line":614,"column":32},"end":{"line":614,"column":34}},"205":{"start":{"line":617,"column":6},"end":{"line":620,"column":7}},"206":{"start":{"line":618,"column":8},"end":{"line":618,"column":null}},"207":{"start":{"line":619,"column":8},"end":{"line":619,"column":null}},"208":{"start":{"line":623,"column":6},"end":{"line":626,"column":7}},"209":{"start":{"line":624,"column":8},"end":{"line":624,"column":null}},"210":{"start":{"line":625,"column":8},"end":{"line":625,"column":null}},"211":{"start":{"line":629,"column":6},"end":{"line":647,"column":7}},"212":{"start":{"line":630,"column":28},"end":{"line":630,"column":63}},"213":{"start":{"line":631,"column":8},"end":{"line":646,"column":9}},"214":{"start":{"line":632,"column":25},"end":{"line":632,"column":63}},"215":{"start":{"line":633,"column":10},"end":{"line":633,"column":null}},"216":{"start":{"line":635,"column":10},"end":{"line":643,"column":null}},"217":{"start":{"line":645,"column":10},"end":{"line":645,"column":null}},"218":{"start":{"line":650,"column":6},"end":{"line":653,"column":7}},"219":{"start":{"line":651,"column":8},"end":{"line":651,"column":null}},"220":{"start":{"line":652,"column":8},"end":{"line":652,"column":null}},"221":{"start":{"line":656,"column":6},"end":{"line":681,"column":7}},"222":{"start":{"line":659,"column":8},"end":{"line":665,"column":9}},"223":{"start":{"line":660,"column":10},"end":{"line":660,"column":null}},"224":{"start":{"line":661,"column":15},"end":{"line":665,"column":9}},"225":{"start":{"line":662,"column":10},"end":{"line":662,"column":null}},"226":{"start":{"line":664,"column":10},"end":{"line":664,"column":null}},"227":{"start":{"line":667,"column":28},"end":{"line":667,"column":60}},"228":{"start":{"line":669,"column":8},"end":{"line":680,"column":null}},"229":{"start":{"line":677,"column":22},"end":{"line":677,"column":58}},"230":{"start":{"line":678,"column":46},"end":{"line":678,"column":52}},"231":{"start":{"line":685,"column":4},"end":{"line":685,"column":null}},"232":{"start":{"line":685,"column":31},"end":{"line":685,"column":68}},"233":{"start":{"line":688,"column":28},"end":{"line":692,"column":null}},"234":{"start":{"line":689,"column":36},"end":{"line":689,"column":59}},"235":{"start":{"line":690,"column":38},"end":{"line":690,"column":63}},"236":{"start":{"line":691,"column":36},"end":{"line":691,"column":59}},"237":{"start":{"line":695,"column":24},"end":{"line":698,"column":13}},"238":{"start":{"line":696,"column":21},"end":{"line":696,"column":51}},"239":{"start":{"line":697,"column":6},"end":{"line":697,"column":null}},"240":{"start":{"line":700,"column":4},"end":{"line":718,"column":null}},"241":{"start":{"line":713,"column":53},"end":{"line":713,"column":73}},"242":{"start":{"line":714,"column":55},"end":{"line":714,"column":77}},"243":{"start":{"line":720,"column":4},"end":{"line":720,"column":null}},"244":{"start":{"line":721,"column":4},"end":{"line":725,"column":null}},"245":{"start":{"line":732,"column":0},"end":{"line":948,"column":null}},"246":{"start":{"line":738,"column":2},"end":{"line":947,"column":3}},"247":{"start":{"line":739,"column":69},"end":{"line":739,"column":77}},"248":{"start":{"line":742,"column":19},"end":{"line":744,"column":6}},"249":{"start":{"line":746,"column":4},"end":{"line":752,"column":5}},"250":{"start":{"line":747,"column":6},"end":{"line":751,"column":null}},"251":{"start":{"line":755,"column":16},"end":{"line":755,"column":26}},"252":{"start":{"line":757,"column":4},"end":{"line":769,"column":5}},"253":{"start":{"line":759,"column":8},"end":{"line":759,"column":null}},"254":{"start":{"line":760,"column":8},"end":{"line":760,"column":13}},"255":{"start":{"line":762,"column":8},"end":{"line":762,"column":null}},"256":{"start":{"line":763,"column":8},"end":{"line":763,"column":13}},"257":{"start":{"line":765,"column":8},"end":{"line":765,"column":null}},"258":{"start":{"line":766,"column":8},"end":{"line":766,"column":13}},"259":{"start":{"line":768,"column":8},"end":{"line":768,"column":null}},"260":{"start":{"line":772,"column":21},"end":{"line":775,"column":6}},"261":{"start":{"line":776,"column":23},"end":{"line":776,"column":46}},"262":{"start":{"line":776,"column":41},"end":{"line":776,"column":45}},"263":{"start":{"line":779,"column":28},"end":{"line":790,"column":6}},"264":{"start":{"line":793,"column":25},"end":{"line":803,"column":6}},"265":{"start":{"line":806,"column":21},"end":{"line":811,"column":6}},"266":{"start":{"line":814,"column":24},"end":{"line":814,"column":46}},"267":{"start":{"line":815,"column":27},"end":{"line":815,"column":88}},"268":{"start":{"line":815,"column":56},"end":{"line":815,"column":80}},"269":{"start":{"line":818,"column":27},"end":{"line":818,"column":79}},"270":{"start":{"line":818,"column":59},"end":{"line":818,"column":75}},"271":{"start":{"line":819,"column":27},"end":{"line":819,"column":48}},"272":{"start":{"line":820,"column":27},"end":{"line":820,"column":73}},"273":{"start":{"line":823,"column":34},"end":{"line":825,"column":9}},"274":{"start":{"line":824,"column":55},"end":{"line":824,"column":76}},"275":{"start":{"line":828,"column":25},"end":{"line":828,"column":40}},"276":{"start":{"line":829,"column":25},"end":{"line":831,"column":11}},"277":{"start":{"line":832,"column":26},"end":{"line":832,"column":53}},"278":{"start":{"line":835,"column":24},"end":{"line":837,"column":9}},"279":{"start":{"line":840,"column":25},"end":{"line":844,"column":null}},"280":{"start":{"line":849,"column":4},"end":{"line":853,"column":null}},"281":{"start":{"line":849,"column":28},"end":{"line":849,"column":null}},"282":{"start":{"line":850,"column":9},"end":{"line":853,"column":null}},"283":{"start":{"line":850,"column":33},"end":{"line":850,"column":null}},"284":{"start":{"line":851,"column":9},"end":{"line":853,"column":null}},"285":{"start":{"line":851,"column":33},"end":{"line":851,"column":null}},"286":{"start":{"line":852,"column":9},"end":{"line":853,"column":null}},"287":{"start":{"line":852,"column":33},"end":{"line":852,"column":null}},"288":{"start":{"line":853,"column":9},"end":{"line":853,"column":null}},"289":{"start":{"line":856,"column":26},"end":{"line":856,"column":95}},"290":{"start":{"line":857,"column":29},"end":{"line":862,"column":6}},"291":{"start":{"line":863,"column":26},"end":{"line":863,"column":82}},"292":{"start":{"line":863,"column":62},"end":{"line":863,"column":78}},"293":{"start":{"line":864,"column":18},"end":{"line":864,"column":126}},"294":{"start":{"line":867,"column":32},"end":{"line":867,"column":34}},"295":{"start":{"line":868,"column":33},"end":{"line":868,"column":35}},"296":{"start":{"line":869,"column":34},"end":{"line":869,"column":36}},"297":{"start":{"line":871,"column":4},"end":{"line":876,"column":5}},"298":{"start":{"line":872,"column":6},"end":{"line":872,"column":null}},"299":{"start":{"line":873,"column":11},"end":{"line":876,"column":5}},"300":{"start":{"line":874,"column":6},"end":{"line":874,"column":null}},"301":{"start":{"line":875,"column":6},"end":{"line":875,"column":null}},"302":{"start":{"line":878,"column":4},"end":{"line":883,"column":5}},"303":{"start":{"line":879,"column":6},"end":{"line":879,"column":null}},"304":{"start":{"line":880,"column":11},"end":{"line":883,"column":5}},"305":{"start":{"line":881,"column":6},"end":{"line":881,"column":null}},"306":{"start":{"line":882,"column":6},"end":{"line":882,"column":null}},"307":{"start":{"line":885,"column":4},"end":{"line":890,"column":5}},"308":{"start":{"line":886,"column":6},"end":{"line":886,"column":null}},"309":{"start":{"line":887,"column":11},"end":{"line":890,"column":5}},"310":{"start":{"line":888,"column":6},"end":{"line":888,"column":null}},"311":{"start":{"line":889,"column":6},"end":{"line":889,"column":null}},"312":{"start":{"line":892,"column":4},"end":{"line":897,"column":5}},"313":{"start":{"line":893,"column":6},"end":{"line":893,"column":null}},"314":{"start":{"line":894,"column":11},"end":{"line":897,"column":5}},"315":{"start":{"line":895,"column":6},"end":{"line":895,"column":null}},"316":{"start":{"line":896,"column":6},"end":{"line":896,"column":null}},"317":{"start":{"line":899,"column":4},"end":{"line":939,"column":null}},"318":{"start":{"line":941,"column":4},"end":{"line":941,"column":null}},"319":{"start":{"line":942,"column":4},"end":{"line":946,"column":null}},"320":{"start":{"line":951,"column":0},"end":{"line":1110,"column":null}},"321":{"start":{"line":955,"column":2},"end":{"line":1109,"column":3}},"322":{"start":{"line":956,"column":25},"end":{"line":956,"column":35}},"323":{"start":{"line":958,"column":19},"end":{"line":960,"column":6}},"324":{"start":{"line":962,"column":4},"end":{"line":968,"column":5}},"325":{"start":{"line":963,"column":6},"end":{"line":967,"column":null}},"326":{"start":{"line":971,"column":21},"end":{"line":974,"column":6}},"327":{"start":{"line":975,"column":23},"end":{"line":975,"column":46}},"328":{"start":{"line":975,"column":41},"end":{"line":975,"column":45}},"329":{"start":{"line":978,"column":28},"end":{"line":991,"column":6}},"330":{"start":{"line":994,"column":25},"end":{"line":1002,"column":6}},"331":{"start":{"line":1005,"column":27},"end":{"line":1005,"column":92}},"332":{"start":{"line":1005,"column":63},"end":{"line":1005,"column":88}},"333":{"start":{"line":1006,"column":27},"end":{"line":1006,"column":79}},"334":{"start":{"line":1006,"column":59},"end":{"line":1006,"column":75}},"335":{"start":{"line":1009,"column":25},"end":{"line":1011,"column":9}},"336":{"start":{"line":1014,"column":26},"end":{"line":1016,"column":9}},"337":{"start":{"line":1015,"column":55},"end":{"line":1015,"column":76}},"338":{"start":{"line":1019,"column":29},"end":{"line":1019,"column":54}},"339":{"start":{"line":1020,"column":4},"end":{"line":1023,"column":5}},"340":{"start":{"line":1021,"column":19},"end":{"line":1021,"column":56}},"341":{"start":{"line":1022,"column":6},"end":{"line":1022,"column":null}},"342":{"start":{"line":1026,"column":24},"end":{"line":1026,"column":33}},"343":{"start":{"line":1027,"column":18},"end":{"line":1027,"column":19}},"344":{"start":{"line":1028,"column":4},"end":{"line":1037,"column":5}},"345":{"start":{"line":1029,"column":6},"end":{"line":1036,"column":7}},"346":{"start":{"line":1030,"column":8},"end":{"line":1030,"column":null}},"347":{"start":{"line":1031,"column":8},"end":{"line":1035,"column":null}},"348":{"start":{"line":1031,"column":36},"end":{"line":1031,"column":null}},"349":{"start":{"line":1032,"column":13},"end":{"line":1035,"column":null}},"350":{"start":{"line":1032,"column":42},"end":{"line":1032,"column":null}},"351":{"start":{"line":1033,"column":13},"end":{"line":1035,"column":null}},"352":{"start":{"line":1033,"column":42},"end":{"line":1033,"column":null}},"353":{"start":{"line":1034,"column":13},"end":{"line":1035,"column":null}},"354":{"start":{"line":1034,"column":42},"end":{"line":1034,"column":null}},"355":{"start":{"line":1035,"column":13},"end":{"line":1035,"column":null}},"356":{"start":{"line":1040,"column":23},"end":{"line":1040,"column":89}},"357":{"start":{"line":1040,"column":53},"end":{"line":1040,"column":87}},"358":{"start":{"line":1041,"column":33},"end":{"line":1043,"column":9}},"359":{"start":{"line":1046,"column":27},"end":{"line":1048,"column":9}},"360":{"start":{"line":1051,"column":28},"end":{"line":1054,"column":null}},"361":{"start":{"line":1058,"column":38},"end":{"line":1058,"column":40}},"362":{"start":{"line":1060,"column":4},"end":{"line":1062,"column":5}},"363":{"start":{"line":1061,"column":6},"end":{"line":1061,"column":null}},"364":{"start":{"line":1064,"column":4},"end":{"line":1066,"column":5}},"365":{"start":{"line":1065,"column":6},"end":{"line":1065,"column":null}},"366":{"start":{"line":1068,"column":4},"end":{"line":1070,"column":5}},"367":{"start":{"line":1069,"column":6},"end":{"line":1069,"column":null}},"368":{"start":{"line":1072,"column":4},"end":{"line":1074,"column":5}},"369":{"start":{"line":1073,"column":6},"end":{"line":1073,"column":null}},"370":{"start":{"line":1076,"column":4},"end":{"line":1078,"column":5}},"371":{"start":{"line":1077,"column":6},"end":{"line":1077,"column":null}},"372":{"start":{"line":1080,"column":4},"end":{"line":1101,"column":null}},"373":{"start":{"line":1103,"column":4},"end":{"line":1103,"column":null}},"374":{"start":{"line":1104,"column":4},"end":{"line":1108,"column":null}},"375":{"start":{"line":1113,"column":0},"end":{"line":1216,"column":null}},"376":{"start":{"line":1117,"column":2},"end":{"line":1215,"column":3}},"377":{"start":{"line":1118,"column":25},"end":{"line":1118,"column":35}},"378":{"start":{"line":1120,"column":19},"end":{"line":1122,"column":6}},"379":{"start":{"line":1124,"column":4},"end":{"line":1130,"column":5}},"380":{"start":{"line":1125,"column":6},"end":{"line":1129,"column":null}},"381":{"start":{"line":1133,"column":21},"end":{"line":1136,"column":6}},"382":{"start":{"line":1137,"column":23},"end":{"line":1137,"column":46}},"383":{"start":{"line":1137,"column":41},"end":{"line":1137,"column":45}},"384":{"start":{"line":1140,"column":28},"end":{"line":1148,"column":6}},"385":{"start":{"line":1150,"column":22},"end":{"line":1152,"column":9}},"386":{"start":{"line":1151,"column":55},"end":{"line":1151,"column":76}},"387":{"start":{"line":1155,"column":25},"end":{"line":1157,"column":6}},"388":{"start":{"line":1158,"column":26},"end":{"line":1158,"column":97}},"389":{"start":{"line":1158,"column":69},"end":{"line":1158,"column":85}},"390":{"start":{"line":1161,"column":25},"end":{"line":1161,"column":27}},"391":{"start":{"line":1162,"column":23},"end":{"line":1164,"column":70}},"392":{"start":{"line":1166,"column":17},"end":{"line":1166,"column":70}},"393":{"start":{"line":1167,"column":26},"end":{"line":1167,"column":28}},"394":{"start":{"line":1170,"column":32},"end":{"line":1189,"column":null}},"395":{"start":{"line":1191,"column":4},"end":{"line":1207,"column":null}},"396":{"start":{"line":1209,"column":4},"end":{"line":1209,"column":null}},"397":{"start":{"line":1210,"column":4},"end":{"line":1214,"column":null}}},"fnMap":{"0":{"name":"calculateCorrelation","decl":{"start":{"line":15,"column":15},"end":{"line":15,"column":35}},"loc":{"start":{"line":17,"column":18},"end":{"line":101,"column":1}}},"1":{"name":"(anonymous_1)","decl":{"start":{"line":49,"column":54},"end":{"line":49,"column":56}},"loc":{"start":{"line":49,"column":60},"end":{"line":49,"column":76}}},"2":{"name":"(anonymous_2)","decl":{"start":{"line":50,"column":47},"end":{"line":50,"column":49}},"loc":{"start":{"line":50,"column":53},"end":{"line":50,"column":90}}},"3":{"name":"(anonymous_3)","decl":{"start":{"line":70,"column":52},"end":{"line":70,"column":53}},"loc":{"start":{"line":70,"column":57},"end":{"line":70,"column":84}}},"4":{"name":"(anonymous_4)","decl":{"start":{"line":71,"column":49},"end":{"line":71,"column":50}},"loc":{"start":{"line":72,"column":4},"end":{"line":72,"column":64}}},"5":{"name":"(anonymous_5)","decl":{"start":{"line":72,"column":36},"end":{"line":72,"column":37}},"loc":{"start":{"line":72,"column":41},"end":{"line":72,"column":63}}},"6":{"name":"(anonymous_6)","decl":{"start":{"line":109,"column":3},"end":{"line":109,"column":8}},"loc":{"start":{"line":109,"column":41},"end":{"line":316,"column":1}}},"7":{"name":"(anonymous_7)","decl":{"start":{"line":132,"column":36},"end":{"line":132,"column":37}},"loc":{"start":{"line":132,"column":41},"end":{"line":132,"column":45}}},"8":{"name":"(anonymous_8)","decl":{"start":{"line":157,"column":49},"end":{"line":157,"column":51}},"loc":{"start":{"line":157,"column":55},"end":{"line":157,"column":71}}},"9":{"name":"(anonymous_9)","decl":{"start":{"line":158,"column":56},"end":{"line":158,"column":58}},"loc":{"start":{"line":158,"column":62},"end":{"line":158,"column":83}}},"10":{"name":"(anonymous_10)","decl":{"start":{"line":163,"column":44},"end":{"line":163,"column":46}},"loc":{"start":{"line":163,"column":50},"end":{"line":163,"column":55}}},"11":{"name":"(anonymous_11)","decl":{"start":{"line":164,"column":44},"end":{"line":164,"column":46}},"loc":{"start":{"line":164,"column":50},"end":{"line":164,"column":55}}},"12":{"name":"(anonymous_12)","decl":{"start":{"line":212,"column":20},"end":{"line":212,"column":21}},"loc":{"start":{"line":212,"column":25},"end":{"line":212,"column":54}}},"13":{"name":"(anonymous_13)","decl":{"start":{"line":246,"column":27},"end":{"line":246,"column":28}},"loc":{"start":{"line":246,"column":37},"end":{"line":246,"column":66}}},"14":{"name":"(anonymous_14)","decl":{"start":{"line":256,"column":52},"end":{"line":256,"column":53}},"loc":{"start":{"line":256,"column":57},"end":{"line":256,"column":71}}},"15":{"name":"(anonymous_15)","decl":{"start":{"line":282,"column":33},"end":{"line":282,"column":34}},"loc":{"start":{"line":282,"column":38},"end":{"line":282,"column":42}}},"16":{"name":"(anonymous_16)","decl":{"start":{"line":290,"column":38},"end":{"line":290,"column":39}},"loc":{"start":{"line":290,"column":43},"end":{"line":290,"column":49}}},"17":{"name":"(anonymous_17)","decl":{"start":{"line":323,"column":3},"end":{"line":323,"column":8}},"loc":{"start":{"line":323,"column":41},"end":{"line":499,"column":1}}},"18":{"name":"(anonymous_18)","decl":{"start":{"line":345,"column":36},"end":{"line":345,"column":37}},"loc":{"start":{"line":345,"column":41},"end":{"line":345,"column":45}}},"19":{"name":"(anonymous_19)","decl":{"start":{"line":346,"column":48},"end":{"line":346,"column":49}},"loc":{"start":{"line":346,"column":53},"end":{"line":346,"column":93}}},"20":{"name":"(anonymous_20)","decl":{"start":{"line":375,"column":44},"end":{"line":375,"column":46}},"loc":{"start":{"line":375,"column":50},"end":{"line":375,"column":55}}},"21":{"name":"(anonymous_21)","decl":{"start":{"line":376,"column":44},"end":{"line":376,"column":46}},"loc":{"start":{"line":376,"column":50},"end":{"line":376,"column":55}}},"22":{"name":"(anonymous_22)","decl":{"start":{"line":404,"column":51},"end":{"line":404,"column":52}},"loc":{"start":{"line":404,"column":60},"end":{"line":427,"column":5}}},"23":{"name":"(anonymous_23)","decl":{"start":{"line":430,"column":53},"end":{"line":430,"column":55}},"loc":{"start":{"line":430,"column":59},"end":{"line":430,"column":75}}},"24":{"name":"(anonymous_24)","decl":{"start":{"line":433,"column":47},"end":{"line":433,"column":48}},"loc":{"start":{"line":433,"column":61},"end":{"line":465,"column":5}}},"25":{"name":"(anonymous_25)","decl":{"start":{"line":436,"column":13},"end":{"line":436,"column":15}},"loc":{"start":{"line":436,"column":19},"end":{"line":436,"column":39}}},"26":{"name":"(anonymous_26)","decl":{"start":{"line":437,"column":16},"end":{"line":437,"column":17}},"loc":{"start":{"line":437,"column":42},"end":{"line":437,"column":48}}},"27":{"name":"(anonymous_27)","decl":{"start":{"line":468,"column":76},"end":{"line":468,"column":77}},"loc":{"start":{"line":468,"column":86},"end":{"line":468,"column":91}}},"28":{"name":"(anonymous_28)","decl":{"start":{"line":471,"column":50},"end":{"line":471,"column":52}},"loc":{"start":{"line":471,"column":56},"end":{"line":471,"column":80}}},"29":{"name":"(anonymous_29)","decl":{"start":{"line":472,"column":47},"end":{"line":472,"column":48}},"loc":{"start":{"line":472,"column":60},"end":{"line":472,"column":100}}},"30":{"name":"(anonymous_30)","decl":{"start":{"line":506,"column":3},"end":{"line":506,"column":8}},"loc":{"start":{"line":506,"column":41},"end":{"line":727,"column":1}}},"31":{"name":"(anonymous_31)","decl":{"start":{"line":528,"column":36},"end":{"line":528,"column":37}},"loc":{"start":{"line":528,"column":41},"end":{"line":528,"column":45}}},"32":{"name":"(anonymous_32)","decl":{"start":{"line":529,"column":48},"end":{"line":529,"column":49}},"loc":{"start":{"line":529,"column":53},"end":{"line":529,"column":93}}},"33":{"name":"(anonymous_33)","decl":{"start":{"line":564,"column":44},"end":{"line":564,"column":46}},"loc":{"start":{"line":564,"column":50},"end":{"line":564,"column":55}}},"34":{"name":"(anonymous_34)","decl":{"start":{"line":569,"column":58},"end":{"line":569,"column":59}},"loc":{"start":{"line":569,"column":63},"end":{"line":569,"column":73}}},"35":{"name":"(anonymous_35)","decl":{"start":{"line":579,"column":52},"end":{"line":579,"column":53}},"loc":{"start":{"line":579,"column":57},"end":{"line":579,"column":66}}},"36":{"name":"(anonymous_36)","decl":{"start":{"line":677,"column":17},"end":{"line":677,"column":18}},"loc":{"start":{"line":677,"column":22},"end":{"line":677,"column":58}}},"37":{"name":"(anonymous_37)","decl":{"start":{"line":678,"column":20},"end":{"line":678,"column":21}},"loc":{"start":{"line":678,"column":46},"end":{"line":678,"column":52}}},"38":{"name":"(anonymous_38)","decl":{"start":{"line":685,"column":21},"end":{"line":685,"column":22}},"loc":{"start":{"line":685,"column":31},"end":{"line":685,"column":68}}},"39":{"name":"(anonymous_39)","decl":{"start":{"line":689,"column":31},"end":{"line":689,"column":32}},"loc":{"start":{"line":689,"column":36},"end":{"line":689,"column":59}}},"40":{"name":"(anonymous_40)","decl":{"start":{"line":690,"column":33},"end":{"line":690,"column":34}},"loc":{"start":{"line":690,"column":38},"end":{"line":690,"column":63}}},"41":{"name":"(anonymous_41)","decl":{"start":{"line":691,"column":31},"end":{"line":691,"column":32}},"loc":{"start":{"line":691,"column":36},"end":{"line":691,"column":59}}},"42":{"name":"(anonymous_42)","decl":{"start":{"line":695,"column":45},"end":{"line":695,"column":46}},"loc":{"start":{"line":695,"column":49},"end":{"line":698,"column":5}}},"43":{"name":"(anonymous_43)","decl":{"start":{"line":713,"column":47},"end":{"line":713,"column":49}},"loc":{"start":{"line":713,"column":53},"end":{"line":713,"column":73}}},"44":{"name":"(anonymous_44)","decl":{"start":{"line":714,"column":49},"end":{"line":714,"column":51}},"loc":{"start":{"line":714,"column":55},"end":{"line":714,"column":77}}},"45":{"name":"(anonymous_45)","decl":{"start":{"line":737,"column":3},"end":{"line":737,"column":8}},"loc":{"start":{"line":737,"column":41},"end":{"line":948,"column":1}}},"46":{"name":"(anonymous_46)","decl":{"start":{"line":776,"column":36},"end":{"line":776,"column":37}},"loc":{"start":{"line":776,"column":41},"end":{"line":776,"column":45}}},"47":{"name":"(anonymous_47)","decl":{"start":{"line":815,"column":50},"end":{"line":815,"column":52}},"loc":{"start":{"line":815,"column":56},"end":{"line":815,"column":80}}},"48":{"name":"(anonymous_48)","decl":{"start":{"line":818,"column":47},"end":{"line":818,"column":48}},"loc":{"start":{"line":818,"column":59},"end":{"line":818,"column":75}}},"49":{"name":"(anonymous_49)","decl":{"start":{"line":824,"column":42},"end":{"line":824,"column":43}},"loc":{"start":{"line":824,"column":55},"end":{"line":824,"column":76}}},"50":{"name":"(anonymous_50)","decl":{"start":{"line":863,"column":50},"end":{"line":863,"column":51}},"loc":{"start":{"line":863,"column":62},"end":{"line":863,"column":78}}},"51":{"name":"(anonymous_51)","decl":{"start":{"line":954,"column":3},"end":{"line":954,"column":8}},"loc":{"start":{"line":954,"column":41},"end":{"line":1110,"column":1}}},"52":{"name":"(anonymous_52)","decl":{"start":{"line":975,"column":36},"end":{"line":975,"column":37}},"loc":{"start":{"line":975,"column":41},"end":{"line":975,"column":45}}},"53":{"name":"(anonymous_53)","decl":{"start":{"line":1005,"column":50},"end":{"line":1005,"column":51}},"loc":{"start":{"line":1005,"column":63},"end":{"line":1005,"column":88}}},"54":{"name":"(anonymous_54)","decl":{"start":{"line":1006,"column":47},"end":{"line":1006,"column":48}},"loc":{"start":{"line":1006,"column":59},"end":{"line":1006,"column":75}}},"55":{"name":"(anonymous_55)","decl":{"start":{"line":1015,"column":42},"end":{"line":1015,"column":43}},"loc":{"start":{"line":1015,"column":55},"end":{"line":1015,"column":76}}},"56":{"name":"(anonymous_56)","decl":{"start":{"line":1040,"column":48},"end":{"line":1040,"column":49}},"loc":{"start":{"line":1040,"column":53},"end":{"line":1040,"column":87}}},"57":{"name":"(anonymous_57)","decl":{"start":{"line":1116,"column":3},"end":{"line":1116,"column":8}},"loc":{"start":{"line":1116,"column":41},"end":{"line":1216,"column":1}}},"58":{"name":"(anonymous_58)","decl":{"start":{"line":1137,"column":36},"end":{"line":1137,"column":37}},"loc":{"start":{"line":1137,"column":41},"end":{"line":1137,"column":45}}},"59":{"name":"(anonymous_59)","decl":{"start":{"line":1151,"column":42},"end":{"line":1151,"column":43}},"loc":{"start":{"line":1151,"column":55},"end":{"line":1151,"column":76}}},"60":{"name":"(anonymous_60)","decl":{"start":{"line":1158,"column":57},"end":{"line":1158,"column":58}},"loc":{"start":{"line":1158,"column":69},"end":{"line":1158,"column":85}}}},"branchMap":{"0":{"loc":{"start":{"line":33,"column":2},"end":{"line":36,"column":3}},"type":"if","locations":[{"start":{"line":33,"column":2},"end":{"line":36,"column":3}}]},"1":{"loc":{"start":{"line":52,"column":2},"end":{"line":56,"column":3}},"type":"if","locations":[{"start":{"line":52,"column":2},"end":{"line":56,"column":3}}]},"2":{"loc":{"start":{"line":75,"column":2},"end":{"line":78,"column":3}},"type":"if","locations":[{"start":{"line":75,"column":2},"end":{"line":78,"column":3}}]},"3":{"loc":{"start":{"line":89,"column":2},"end":{"line":92,"column":3}},"type":"if","locations":[{"start":{"line":89,"column":2},"end":{"line":92,"column":3}}]},"4":
[...]
}},"type":"binary-expr","locations":[{"start":{"line":299,"column":8},"end":{"line":299,"column":22}},{"start":{"line":299,"column":26},"end":{"line":299,"column":39}},{"start":{"line":299,"column":43},"end":{"line":299,"column":67}}]},"16":{"loc":{"start":{"line":303,"column":4},"end":{"line":305,"column":5}},"type":"if","locations":[{"start":{"line":303,"column":4},"end":{"line":305,"column":5}}]},"17":{"loc":{"start":{"line":332,"column":4},"end":{"line":336,"column":5}},"type":"if","locations":[{"start":{"line":332,"column":4},"end":{"line":336,"column":5}}]},"18":{"loc":{"start":{"line":332,"column":8},"end":{"line":332,"column":43}},"type":"binary-expr","locations":[{"start":{"line":332,"column":8},"end":{"line":332,"column":18}},{"start":{"line":332,"column":22},"end":{"line":332,"column":43}}]},"19":{"loc":{"start":{"line":338,"column":4},"end":{"line":341,"column":5}},"type":"if","locations":[{"start":{"line":338,"column":4},"end":{"line":341,"column":5}}]},"20":{"loc":{"start":{"line":338,"column":8},"end":{"line":338,"column":47}},"type":"binary-expr","locations":[{"start":{"line":338,"column":8},"end":{"line":338,"column":20}},{"start":{"line":338,"column":24},"end":{"line":338,"column":47}}]},"21":{"loc":{"start":{"line":372,"column":6},"end":{"line":378,"column":7}},"type":"if","locations":[{"start":{"line":372,"column":6},"end":{"line":378,"column":7}},{"start":{"line":374,"column":13},"end":{"line":378,"column":7}}]},"22":{"loc":{"start":{"line":372,"column":10},"end":{"line":372,"column":50}},"type":"binary-expr","locations":[{"start":{"line":372,"column":10},"end":{"line":372,"column":26}},{"start":{"line":372,"column":30},"end":{"line":372,"column":50}}]},"23":{"loc":{"start":{"line":374,"column":13},"end":{"line":378,"column":7}},"type":"if","locations":[{"start":{"line":374,"column":13},"end":{"line":378,"column":7}},{"start":{"line":376,"column":13},"end":{"line":378,"column":7}}]},"24":{"loc":{"start":{"line":395,"column":17},"end":{"line":397,"column":23}},"type":"binary-expr","locations":[{"start":{"line":395,"column":17},"end":{"line":397,"column":16}},{"start":{"line":397,"column":20},"end":{"line":397,"column":23}}]},"25":{"loc":{"start":{"line":396,"column":100},"end":{"line":396,"column":159}},"type":"cond-expr","locations":[{"start":{"line":396,"column":118},"end":{"line":396,"column":154}},{"start":{"line":396,"column":157},"end":{"line":396,"column":159}}]},"26":{"loc":{"start":{"line":399,"column":4},"end":{"line":403,"column":5}},"type":"if","locations":[{"start":{"line":399,"column":4},"end":{"line":403,"column":5}}]},"27":{"loc":{"start":{"line":424,"column":2},"end":{"line":424,"column":57}},"type":"cond-expr","locations":[{"start":{"line":424,"column":36},"end":{"line":424,"column":52}},{"start":{"line":424,"column":55},"end":{"line":424,"column":57}}]},"28":{"loc":{"start":{"line":425,"column":2},"end":{"line":425,"column":61}},"type":"cond-expr","locations":[{"start":{"line":425,"column":39},"end":{"line":425,"column":56}},{"start":{"line":425,"column":59},"end":{"line":425,"column":61}}]},"29":{"loc":{"start":{"line":426,"column":2},"end":{"line":426,"column":64}},"type":"cond-expr","locations":[{"start":{"line":426,"column":39},"end":{"line":426,"column":59}},{"start":{"line":426,"column":62},"end":{"line":426,"column":64}}]},"30":{"loc":{"start":{"line":442,"column":6},"end":{"line":453,"column":7}},"type":"if","locations":[{"start":{"line":442,"column":6},"end":{"line":453,"column":7}}]},"31":{"loc":{"start":{"line":445,"column":16},"end":{"line":445,"column":69}},"type":"binary-expr","locations":[{"start":{"line":445,"column":16},"end":{"line":445,"column":22}},{"start":{"line":445,"column":26},"end":{"line":445,"column":69}}]},"32":{"loc":{"start":{"line":446,"column":17},"end":{"line":446,"column":35}},"type":"binary-expr","locations":[{"start":{"line":446,"column":17},"end":{"line":446,"column":24}},{"start":{"line":446,"column":28},"end":{"line":446,"column":35}}]},"33":{"loc":{"start":{"line":447,"column":18},"end":{"line":447,"column":36}},"type":"binary-expr","locations":[{"start":{"line":447,"column":18},"end":{"line":447,"column":26}},{"start":{"line":447,"column":30},"end":{"line":447,"column":36}}]},"34":{"loc":{"start":{"line":448,"column":15},"end":{"line":448,"column":96}},"type":"binary-expr","locations":[{"start":{"line":448,"column":15},"end":{"line":448,"column":20}},{"start":{"line":448,"column":24},"end":{"line":448,"column":96}}]},"35":{"loc":{"start":{"line":449,"column":19},"end":{"line":449,"column":40}},"type":"binary-expr","locations":[{"start":{"line":449,"column":19},"end":{"line":449,"column":28}},{"start":{"line":449,"column":32},"end":{"line":449,"column":40}}]},"36":{"loc":{"start":{"line":450,"column":23},"end":{"line":450,"column":37}},"type":"binary-expr","locations":[{"start":{"line":450,"column":23},"end":{"line":450,"column":31}},{"start":{"line":450,"column":35},"end":{"line":450,"column":37}}]},"37":{"loc":{"start":{"line":451,"column":23},"end":{"line":451,"column":37}},"type":"binary-expr","locations":[{"start":{"line":451,"column":23},"end":{"line":451,"column":31}},{"start":{"line":451,"column":35},"end":{"line":451,"column":37}}]},"38":{"loc":{"start":{"line":509,"column":11},"end":{"line":509,"column":52}},"type":"binary-expr","locations":[{"start":{"line":509,"column":11},"end":{"line":509,"column":30}},{"start":{"line":509,"column":34},"end":{"line":509,"column":52}}]},"39":{"loc":{"start":{"line":539,"column":4},"end":{"line":552,"column":5}},"type":"if","locations":[{"start":{"line":539,"column":4},"end":{"line":552,"column":5}}]},"40":{"loc":{"start":{"line":539,"column":8},"end":{"line":539,"column":51}},"type":"binary-expr","locations":[{"start":{"line":539,"column":8},"end":{"line":539,"column":26}},{"start":{"line":539,"column":30},"end":{"line":539,"column":51}}]},"41":{"loc":{"start":{"line":555,"column":4},"end":{"line":568,"column":5}},"type":"if","locations":[{"start":{"line":555,"column":4},"end":{"line":568,"column":5}}]},"42":{"loc":{"start":{"line":555,"column":8},"end":{"line":555,"column":49}},"type":"binary-expr","locations":[{"start":{"line":555,"column":8},"end":{"line":555,"column":26}},{"start":{"line":555,"column":30},"end":{"line":555,"column":49}}]},"43":{"loc":{"start":{"line":571,"column":4},"end":{"line":582,"column":5}},"type":"if","locations":[{"start":{"line":571,"column":4},"end":{"line":582,"column":5}}]},"44":{"loc":{"start":{"line":571,"column":8},"end":{"line":571,"column":53}},"type":"binary-expr","locations":[{"start":{"line":571,"column":8},"end":{"line":571,"column":26}},{"start":{"line":571,"column":30},"end":{"line":571,"column":53}}]}},"s":{"0":0,"1":0,"2":0,"3":0,"4":0,"5":0,"6":0,"7":0,"8":0,"9":0,"10":0,"11":0,"12":0,"13":0,"14":0,"15":0,"16":0,"17":0,"18":0,"19":0,"20":0,"21":0,"22":0,"23":0,"24":0,"25":0,"26":0,"27":0,"28":0,"29":0,"30":0,"31":0,"32":0,"33":0,"34":0,"35":0,"36":0,"37":0,"38":0,"39":0,"40":0,"41":0,"42":0,"43":0,"44":0,"45":0,"46":0,"47":0,"48":0,"49":0,"50":0,"51":0,"52":0,"53":0,"54":0,"55":0,"56":0,"57":0,"58":0,"59":0,"60":0,"61":0,"62":0,"63":0,"64":0,"65":0,"66":0,"67":0,"68":0,"69":0,"70":0,"71":0,"72":0,"73":0,"74":0,"75":0,"76":0,"77":0,"78":0,"79":0,"80":0,"81":0,"82":0,"83":0,"84":0,"85":0,"86":0,"87":0,"88":0,"89":0,"90":0,"91":0,"92":0,"93":0,"94":0,"95":0,"96":0,"97":0,"98":0,"99":0,"100":0,"101":0,"102":0,"103":0,"104":0,"105":0,"106":0,"107":0,"108":0,"109":0,"110":0,"111":0,"112":0,"113":0,"114":0,"115":0,"116":0,"117":0,"118":0,"119":0,"120":0,"121":0,"122":0,"123":0,"124":0,"125":0,"126":0,"127":0,"128":0,"129":0},"f":{"0":0,"1":0,"2":0,"3":0,"4":0,"5":0,"6":0,"7":0,"8":0,"9":0,"10":0,"11":0,"12":0,"13":0,"14":0,"15":0,"16":0,"17":0,"18":0,"19":0,"20":0,"21":0,"22":0,"23":0},"b":{"0":[0,0],"1":[0,0],"2":[0,0],"3":[0,0],"4":[0],"5":[0],"6":[0,0],"7":[0,0],"8":[0,0],"9":[0],"10":[0],"11":[0,0],"12":[0],"13":[0],"14":[0],"15":[0,0,0],"16":[0],"17":[0],"18":[0,0],"19":[0],"20":[0,0],"21":[0,0],"22":[0,0],"23":[0,0],"24":[0,0],"25":[0,0],"26":[0],"27":[0,0],"28":[0,0],"29":[0,0],"30":[0],"31":[0,0],"32":[0,0],"33":[0,0],"34":[0,0],"35":[0,0],"36":[0,0],"37":[0,0],"38":[0,0],"39":[0],"40":[0,0],"41":[0],"42":[0,0],"43":[0],"44":[0,0]}}
,"E:\\大学资料\\大学\\比赛\\大三寒假\\软创\\code\\backend\\src\\utils\\file.ts": {"path":"E:\\大学资料\\大学\\比赛\\大三寒假\\软创\\code\\backend\\src\\utils\\file.ts","statementMap":{"0":{"start":{"line":9,"column":26},"end":{"line":9,"column":63}},"1":{"start":{"line":12,"column":29},"end":{"line":12,"column":78}},"2":{"start":{"line":15,"column":27},"end":{"line":21,"column":null}},"3":{"start":{"line":24,"column":27},"end":{"line":30,"column":null}},"4":{"start":{"line":33,"column":30},"end":{"line":39,"column":null}},"5":{"start":{"line":47,"column":2},"end":{"line":49,"column":3}},"6":{"start":{"line":48,"column":4},"end":{"line":48,"column":null}},"7":{"start":{"line":59,"column":14},"end":{"line":59,"column":40}},"8":{"start":{"line":60,"column":23},"end":{"line":60,"column":73}},"9":{"start":{"line":61,"column":19},"end":{"line":61,"column":87}},"10":{"start":{"line":62,"column":2},"end":{"line":62,"column":null}},"11":{"start":{"line":71,"column":14},"end":{"line":71,"column":40}},"12":{"start":{"line":72,"column":15},"end":{"line":72,"column":23}},"13":{"start":{"line":73,"column":2},"end":{"line":73,"column":null}},"14":{"start":{"line":82,"column":2},"end":{"line":82,"column":null}},"15":{"start":{"line":82,"column":38},"end":{"line":82,"column":null}},"16":{"start":{"line":83,"column":2},"end":{"line":83,"column":null}},"17":{"start":{"line":83,"column":38},"end":{"line":83,"column":null}},"18":{"start":{"line":84,"column":2},"end":{"line":84,"column":null}},"19":{"start":{"line":84,"column":41},"end":{"line":84,"column":null}},"20":{"start":{"line":85,"column":2},"end":{"line":85,"column":null}},"21":{"start":{"line":95,"column":23},"end":{"line":95,"column":48}},"22":{"start":{"line":96,"column":2},"end":{"line":96,"column":null}},"23":{"start":{"line":96,"column":17},"end":{"line":96,"column":null}},"24":{"start":{"line":97,"column":2},"end":{"line":97,"column":null}},"25":{"start":{"line":106,"column":2},"end":{"line":106,"column":null}},"26":{"start":{"line":115,"column":2},"end":{"line":115,"column":null}},"27":{"start":{"line":124,"column":2},"end":{"line":130,"column":3}},"28":{"start":{"line":125,"column":21},"end":{"line":125,"column":42}},"29":{"start":{"line":126,"column":4},"end":{"line":126,"column":null}},"30":{"start":{"line":127,"column":4},"end":{"line":127,"column":null}},"31":{"start":{"line":129,"column":4},"end":{"line":129,"column":null}},"32":{"start":{"line":139,"column":2},"end":{"line":146,"column":3}},"33":{"start":{"line":140,"column":21},"end":{"line":140,"column":42}},"34":{"start":{"line":141,"column":4},"end":{"line":141,"column":null}},"35":{"start":{"line":142,"column":4},"end":{"line":142,"column":null}},"36":{"start":{"line":144,"column":4},"end":{"line":144,"column":null}},"37":{"start":{"line":145,"column":4},"end":{"line":145,"column":null}},"38":{"start":{"line":155,"column":2},"end":{"line":166,"column":3}},"39":{"start":{"line":156,"column":21},"end":{"line":156,"column":42}},"40":{"start":{"line":157,"column":18},"end":{"line":157,"column":41}},"41":{"start":{"line":158,"column":4},"end":{"line":163,"column":null}},"42":{"start":{"line":165,"column":4},"end":{"line":165,"column":null}},"43":{"start":{"line":175,"column":2},"end":{"line":175,"column":null}},"44":{"start":{"line":175,"column":19},"end":{"line":175,"column":null}},"45":{"start":{"line":176,"column":12},"end":{"line":176,"column":16}},"46":{"start":{"line":177,"column":16},"end":{"line":177,"column":39}},"47":{"start":{"line":178,"column":12},"end":{"line":178,"column":53}},"48":{"start":{"line":179,"column":2},"end":{"line":179,"column":null}},"49":{"start":{"line":189,"column":2},"end":{"line":189,"column":null}},"50":{"start":{"line":220,"column":2},"end":{"line":253,"column":null}},"51":{"start":{"line":222,"column":25},"end":{"line":222,"column":82}},"52":{"start":{"line":223,"column":19},"end":{"line":223,"column":29}},"53":{"start":{"line":224,"column":24},"end":{"line":224,"column":47}},"54":{"start":{"line":227,"column":6},"end":{"line":246,"column":null}},"55":{"start":{"line":228,"column":8},"end":{"line":230,"column":9}},"56":{"start":{"line":229,"column":10},"end":{"line":229,"column":null}},"57":{"start":{"line":232,"column":26},"end":{"line":232,"column":57}},"58":{"start":{"line":233,"column":8},"end":{"line":233,"column":null}},"59":{"start":{"line":234,"column":8},"end":{"line":234,"column":null}},"60":{"start":{"line":235,"column":8},"end":{"line":245,"column":null}},"61":{"start":{"line":236,"column":10},"end":{"line":244,"column":null}},"62":{"start":{"line":249,"column":6},"end":{"line":251,"column":null}},"63":{"start":{"line":250,"column":8},"end":{"line":250,"column":null}},"64":{"start":{"line":261,"column":2},"end":{"line":267,"column":null}},"65":{"start":{"line":262,"column":4},"end":{"line":266,"column":5}},"66":{"start":{"line":263,"column":6},"end":{"line":263,"column":null}},"67":{"start":{"line":265,"column":6},"end":{"line":265,"column":null}}},"fnMap":{"0":{"name":"ensureUploadDir","decl":{"start":{"line":46,"column":22},"end":{"line":46,"column":37}},"loc":{"start":{"line":46,"column":37},"end":{"line":50,"column":1}}},"1":{"name":"generateUniqueFilename","decl":{"start":{"line":58,"column":16},"end":{"line":58,"column":38}},"loc":{"start":{"line":58,"column":76},"end":{"line":63,"column":1}}},"2":{"name":"generateUUIDFilename","decl":{"start":{"line":70,"column":16},"end":{"line":70,"column":36}},"loc":{"start":{"line":70,"column":57},"end":{"line":74,"column":1}}},"3":{"name":"getFileCategory","decl":{"start":{"line":81,"column":16},"end":{"line":81,"column":31}},"loc":{"start":{"line":81,"column":48},"end":{"line":86,"column":1}}},"4":{"name":"isValidFileType","decl":{"start":{"line":94,"column":16},"end":{"line":94,"column":31}},"loc":{"start":{"line":94,"column":91},"end":{"line":98,"column":1}}},"5":{"name":"getFilePath","decl":{"start":{"line":105,"column":16},"end":{"line":105,"column":27}},"loc":{"start":{"line":105,"column":44},"end":{"line":107,"column":1}}},"6":{"name":"getFileUrl","decl":{"start":{"line":114,"column":16},"end":{"line":114,"column":26}},"loc":{"start":{"line":114,"column":43},"end":{"line":116,"column":1}}},"7":{"name":"fileExists","decl":{"start":{"line":123,"column":22},"end":{"line":123,"column":32}},"loc":{"start":{"line":123,"column":49},"end":{"line":131,"column":1}}},"8":{"name":"deleteFile","decl":{"start":{"line":138,"column":22},"end":{"line":138,"column":32}},"loc":{"start":{"line":138,"column":49},"end":{"line":147,"column":1}}},"9":{"name":"getFileInfo","decl":{"start":{"line":154,"column":22},"end":{"line":154,"column":33}},"loc":{"start":{"line":154,"column":50},"end":{"line":167,"column":1}}},"10":{"name":"formatFileSize","decl":{"start":{"line":174,"column":16},"end":{"line":174,"column":30}},"loc":{"start":{"line":174,"column":44},"end":{"line":180,"column":1}}},"11":{"name":"isValidFileSize","decl":{"start":{"line":188,"column":16},"end":{"line":188,"column":31}},"loc":{"start":{"line":188,"column":78},"end":{"line":190,"column":1}}},"12":{"name":"createMulterStorage","decl":{"start":{"line":219,"column":16},"end":{"line":219,"column":35}},"loc":{"start":{"line":219,"column":35},"end":{"line":254,"column":1}}},"13":{"name":"(anonymous_13)","decl":{"start":{"line":221,"column":17},"end":{"line":221,"column":27}},"loc":{"start":{"line":221,"column":94},"end":{"line":247,"column":5}}},"14":{"name":"(anonymous_14)","decl":{"start":{"line":227,"column":24},"end":{"line":227,"column":26}},"loc":{"start":{"line":227,"column":29},"end":{"line":246,"column":7}}},"15":{"name":"(anonymous_15)","decl":{"start":{"line":235,"column":31},"end":{"line":235,"column":null}},"loc":{"start":{"line":235,"column":31},"end":{"line":245,"column":9}}},"16":{"name":"(anonymous_16)","decl":{"start":{"line":248,"column":17},"end":{"line":248,"column":27}},"loc":{"start":{"line":248,"column":82},"end":{"line":252,"column":5}}},"17":{"name":"(anonymous_17)","decl":{"start":{"line":249,"column":24},"end":{"line":249,"column":26}},"loc":{"start":{"line":249,"column":29},"end":{"line":251,"column":7}}},"18":{"name":"createFileFilter","decl":{"start":{"line":260,"column":16},"end":{"line":260,"column":32}},"loc":{"start":{"line":260,"column":55},"end":{"line":268,"column":1}}},"19":{"name":"(anonymous_19)","decl":{"start":{"line":261,"column":9},"end":{"line":261,"column":10}},"loc":{"start":{"line":261,"column":101},"end":{"line":267,"column":3}}}},"branchMap":{"0":{"loc":{"start":{"line":9,"column":26},"end":{"line":9,"column":63}},"type":"binary-expr","locations":[{"start":{"line":9,"column":26},"end":{"line":9,"column":48}},{"start":{"line":9,"column":52},"end":{"line":9,"column":63}}]},"1":{"loc":{"start":{"line":12,"column":38},"end":{"line":12,"column":77}},"type":"binary-expr","locations":[{"start":{"line":12,"column":38},"end":{"line":12,"column":63}},{"start":{"line":12,"column":67},"end":{"line":12,"column":77}}]},"2":{"loc":{"start":{"line":47,"column":2},"end":{"line":49,"column":3}},"type":"if","locations":[{"start":{"line":47,"column":2},"end":{"line":49,"column":3}}]},"3":{"loc":{"start":{"line":61,"column":19},"end":{"line":61,"column":87}},"type":"cond-expr","locations":[{"start":{"line":61,"column":28},"end":{"line":61,"column":61}},{"start":{"line":61,"column":64},"end":{"line":61,"column":87}}]},"4":{"loc":{"start":{"line":82,"column":2},"end":{"line":82,"column":null}},"type":"if","locations":[{"start":{"line":82,"column":2},"end":{"line":82,"column":null}}]},"5":{"loc":{"start":{"line":83,"column":2},"end":{"line":83,"column":null}},"type":"if","locations":[{"start":{"line":83,"column":2},"end":{"line":83,"column":null}}]},"6":{"loc":{"start":{"line":84,"column":2},"end":{"line":84,"column":null}},"type":"if","locations":[{"start":{"line":84,"column":2},"end":{"line":84,"column":null}}]},"7":{"loc":{"start":{"line":96,"column":2},"end":{"line":96,"column":null}},"type":"if","locations":[{"start":{"line":96,"column":2},"end":{"line":96,"column":null}}]},"8":{"loc":{"start":{"line":175,"column":2},"end":{"line":175,"column":null}},"type":"if","locations":[{"start":{"line":175,"column":2},"end":{"line":175,"column":null}}]},"9":{"loc":{"start":{"line":188,"column":47},"end":{"line":188,"column":78}},"type":"default-arg","locations":[{"start":{"line":188,"column":65},"end":{"line":188,"column":78}}]},"10":{"loc":{"start":{"line":189,"column":9},"end":{"line":189,"column":38}},"type":"binary-expr","locations":[{"start":{"line":189,"column":9},"end":{"line":189,"column":18}},{"start":{"line":189,"column":22},"end":{"line":189,"column":38}}]},"11":{"loc":{"start":{"line":228,"column":8},"end":{"line":230,"column":9}},"type":"if","locations":[{"start":{"line":228,"column":8},"end":{"line":230,"column":9}}]},"12":{"loc":{"start":{"line":262,"column":4},"end":{"line":266,"column":5}},"type":"if","locations":[{"start":{"line":262,"column":4},"end":{"line":266,"column":5}},{"start":{"line":264,"column":11},"end":{"line":266,"column":5}}]}},"s":{"0":0,"1":0,"2":0,"3":0,"4":0,"5":0,"6":0,"7":0,"8":0,"9":0,"10":0,"11":0,"12":0,"13":0,"14":0,"15":0,"16":0,"17":0,"18":0,"19":0,"20":0,"21":0,"22":0,"23":0,"24":0,"25":0,"26":0,"27":0,"28":0,"29":0,"30":0,"31":0,"32":0,"33":0,"34":0,"35":0,"36":0,"37":0,"38":0,"39":0,"40":0,"41":0,"42":0,"43":0,"44":0,"45":0,"46":0,"47":0,"48":0,"49":0,"50":0,"51":0,"52":0,"53":0,"54":0,"55":0,"56":0,"57":0,"58":0,"59":0,"60":0,"61":0,"62":0,"63":0,"64":0,"65":0,"66":0,"67":0},"f":{"0":0,"1":0,"2":0,"3":0,"4":0,"5":0,"6":0,"7":0,"8":0,"9":0,"10":0,"11":0,"12":0,"13":0,"14":0,"15":0,"16":0,"17":0,"18":0,"19":0},"b":{"0":[0,0],"1":[0,0],"2":[0],"3":[0,0],"4":[0],"5":[0],"6":[0],"7":[0],"8":[0],"9":[0],"10":[0,0],"11":[0],"12":[0,0]}}
}
