TN:
SF:src\errors\AppError.ts
FN:20,(anonymous_0)
FN:74,(anonymous_1)
FN:93,(anonymous_2)
FN:104,(anonymous_3)
FN:114,(anonymous_4)
FN:126,(anonymous_5)
FN:139,(anonymous_6)
FN:152,(anonymous_7)
FN:167,(anonymous_8)
FN:177,(anonymous_9)
FN:189,(anonymous_10)
FNF:11
FNH:0
FNDA:0,(anonymous_0)
FNDA:0,(anonymous_1)
FNDA:0,(anonymous_2)
FNDA:0,(anonymous_3)
FNDA:0,(anonymous_4)
FNDA:0,(anonymous_5)
FNDA:0,(anonymous_6)
FNDA:0,(anonymous_7)
FNDA:0,(anonymous_8)
FNDA:0,(anonymous_9)
FNDA:0,(anonymous_10)
DA:26,0
DA:41,0
DA:60,0
DA:61,0
DA:62,0
DA:63,0
DA:64,0
DA:65,0
DA:68,0
DA:75,0
DA:94,0
DA:95,0
DA:96,0
DA:105,0
DA:106,0
DA:115,0
DA:116,0
DA:127,0
DA:128,0
DA:129,0
DA:140,0
DA:141,0
DA:142,0
DA:153,0
DA:158,0
DA:159,0
DA:168,0
DA:169,0
DA:178,0
DA:179,0
DA:190,0
DA:191,0
DA:192,0
LF:33
LH:0
BRDA:60,0,0,0
BRDA:60,0,1,0
BRDA:60,0,2,0
BRDA:63,1,0,0
BRDA:63,1,1,0
BRDA:80,2,0,0
BRDA:80,2,1,0
BRDA:81,3,0,0
BRDA:81,3,1,0
BRDA:104,4,0,0
BRDA:114,5,0,0
BRDA:127,6,0,0
BRDA:127,6,1,0
BRDA:140,7,0,0
BRDA:140,7,1,0
BRDA:167,8,0,0
BRDA:177,9,0,0
BRF:17
BRH:0
end_of_record
TN:
SF:src\errors\errorHandler.ts
FN:16,logError
FN:53,convertToAppError
FN:96,handlePrismaError
FN:133,handleMulterError
FN:152,asyncHandler
FN:155,(anonymous_5)
FN:163,notFoundHandler
FN:176,errorHandler
FN:221,setupUncaughtExceptionHandler
FN:222,(anonymous_9)
FN:228,(anonymous_10)
FNF:11
FNH:0
FNDA:0,logError
FNDA:0,convertToAppError
FNDA:0,handlePrismaError
FNDA:0,handleMulterError
FNDA:0,asyncHandler
FNDA:0,(anonymous_5)
FNDA:0,notFoundHandler
FNDA:0,errorHandler
FNDA:0,setupUncaughtExceptionHandler
FNDA:0,(anonymous_9)
FNDA:0,(anonymous_10)
DA:17,0
DA:18,0
DA:19,0
DA:20,0
DA:21,0
DA:24,0
DA:25,0
DA:26,0
DA:27,0
DA:28,0
DA:29,0
DA:30,0
DA:32,0
DA:33,0
DA:37,0
DA:41,0
DA:42,0
DA:43,0
DA:44,0
DA:55,0
DA:56,0
DA:60,0
DA:61,0
DA:64,0
DA:65,0
DA:68,0
DA:69,0
DA:73,0
DA:74,0
DA:77,0
DA:78,0
DA:82,0
DA:83,0
DA:87,0
DA:98,0
DA:99,0
DA:100,0
DA:104,0
DA:105,0
DA:106,0
DA:113,0
DA:114,0
DA:122,0
DA:123,0
DA:127,0
DA:134,0
DA:136,0
DA:138,0
DA:140,0
DA:142,0
DA:155,0
DA:156,0
DA:164,0
DA:183,0
DA:186,0
DA:189,0
DA:192,0
DA:201,0
DA:202,0
DA:203,0
DA:207,0
DA:208,0
DA:209,0
DA:213,0
DA:222,0
DA:223,0
DA:224,0
DA:228,0
DA:229,0
DA:230,0
DA:231,0
LF:71
LH:0
BRDA:20,0,0,0
BRDA:20,0,1,0
BRDA:20,0,2,0
BRDA:21,1,0,0
BRDA:21,1,1,0
BRDA:24,2,0,0
BRDA:24,2,1,0
BRDA:25,3,0,0
BRDA:25,3,1,0
BRDA:29,4,0,0
BRDA:32,5,0,0
BRDA:55,6,0,0
BRDA:60,7,0,0
BRDA:64,8,0,0
BRDA:68,9,0,0
BRDA:73,10,0,0
BRDA:77,11,0,0
BRDA:82,12,0,0
BRDA:98,13,0,0
BRDA:99,14,0,0
BRDA:99,14,1,0
BRDA:104,15,0,0
BRDA:105,16,0,0
BRDA:105,16,1,0
BRDA:113,17,0,0
BRDA:122,18,0,0
BRDA:134,19,0,0
BRDA:134,19,1,0
BRDA:134,19,2,0
BRDA:134,19,3,0
BRDA:142,20,0,0
BRDA:142,20,1,0
BRDA:201,21,0,0
BRDA:207,22,0,0
BRDA:207,23,0,0
BRDA:207,23,1,0
BRDA:230,24,0,0
BRF:37
BRH:0
end_of_record
TN:
SF:src\lib\prisma.ts
FN:9,(anonymous_0)
FNF:1
FNH:0
FNDA:0,(anonymous_0)
DA:4,0
DA:9,0
DA:10,0
LF:3
LH:0
BRDA:5,0,0,0
BRDA:5,0,1,0
BRF:2
BRH:0
end_of_record
TN:
SF:src\middleware\validator.ts
FN:8,validate
FN:15,(anonymous_1)
FNF:2
FNH:0
FNDA:0,validate
FNDA:0,(anonymous_1)
DA:9,0
DA:11,0
DA:12,0
DA:15,0
DA:22,0
LF:5
LH:0
BRDA:11,0,0,0
BRDA:16,1,0,0
BRDA:16,1,1,0
BRF:3
BRH:0
end_of_record
TN:
SF:src\routes\ai.ts
FN:12,(anonymous_0)
FN:45,(anonymous_1)
FN:88,(anonymous_2)
FN:142,(anonymous_3)
FN:203,(anonymous_4)
FN:204,(anonymous_5)
FN:252,(anonymous_6)
FN:289,(anonymous_7)
FN:292,(anonymous_8)
FN:337,(anonymous_9)
FN:363,(anonymous_10)
FN:364,(anonymous_11)
FN:367,(anonymous_12)
FN:368,(anonymous_13)
FN:369,(anonymous_14)
FN:401,(anonymous_15)
FN:415,(anonymous_16)
FN:479,(anonymous_17)
FNF:18
FNH:0
FNDA:0,(anonymous_0)
FNDA:0,(anonymous_1)
FNDA:0,(anonymous_2)
FNDA:0,(anonymous_3)
FNDA:0,(anonymous_4)
FNDA:0,(anonymous_5)
FNDA:0,(anonymous_6)
FNDA:0,(anonymous_7)
FNDA:0,(anonymous_8)
FNDA:0,(anonymous_9)
FNDA:0,(anonymous_10)
FNDA:0,(anonymous_11)
FNDA:0,(anonymous_12)
FNDA:0,(anonymous_13)
FNDA:0,(anonymous_14)
FNDA:0,(anonymous_15)
FNDA:0,(anonymous_16)
FNDA:0,(anonymous_17)
DA:8,0
DA:12,0
DA:13,0
DA:14,0
DA:16,0
DA:29,0
DA:30,0
DA:39,0
DA:46,0
DA:47,0
DA:50,0
DA:63,0
DA:64,0
DA:71,0
DA:73,0
DA:74,0
DA:87,0
DA:89,0
DA:90,0
DA:99,0
DA:112,0
DA:125,0
DA:126,0
DA:135,0
DA:143,0
DA:150,0
DA:153,0
DA:157,0
DA:158,0
DA:165,0
DA:182,0
DA:194,0
DA:203,0
DA:204,0
DA:205,0
DA:206,0
DA:208,0
DA:216,0
DA:226,0
DA:238,0
DA:239,0
DA:248,0
DA:253,0
DA:254,0
DA:257,0
DA:261,0
DA:262,0
DA:269,0
DA:283,0
DA:289,0
DA:292,0
DA:293,0
DA:296,0
DA:297,0
DA:300,0
DA:303,0
DA:305,0
DA:321,0
DA:322,0
DA:324,0
DA:326,0
DA:333,0
DA:337,0
DA:339,0
DA:340,0
DA:341,0
DA:343,0
DA:346,0
DA:347,0
DA:348,0
DA:349,0
DA:351,0
DA:354,0
DA:362,0
DA:363,0
DA:364,0
DA:367,0
DA:368,0
DA:369,0
DA:371,0
DA:377,0
DA:389,0
DA:390,0
DA:399,0
DA:402,0
DA:403,0
DA:404,0
DA:405,0
DA:406,0
DA:410,0
DA:416,0
DA:422,0
DA:425,0
DA:438,0
DA:439,0
DA:446,0
DA:453,0
DA:465,0
DA:466,0
DA:475,0
DA:480,0
DA:481,0
DA:484,0
DA:489,0
DA:497,0
DA:498,0
LF:106
LH:0
BRDA:47,0,0,0
BRDA:47,1,0,0
BRDA:47,2,0,0
BRDA:63,3,0,0
BRDA:73,4,0,0
BRDA:89,5,0,0
BRDA:89,5,1,0
BRDA:146,6,0,0
BRDA:147,7,0,0
BRDA:148,8,0,0
BRDA:149,9,0,0
BRDA:157,10,0,0
BRDA:205,11,0,0
BRDA:205,11,1,0
BRDA:254,12,0,0
BRDA:261,13,0,0
BRDA:293,14,0,0
BRDA:293,14,1,0
BRDA:324,15,0,0
BRDA:346,16,0,0
BRDA:346,16,1,0
BRDA:346,17,0,0
BRDA:346,17,1,0
BRDA:348,18,0,0
BRDA:348,18,1,0
BRDA:374,19,0,0
BRDA:374,19,1,0
BRDA:402,20,0,0
BRDA:402,21,0,0
BRDA:402,21,1,0
BRDA:405,22,0,0
BRDA:419,23,0,0
BRDA:420,24,0,0
BRDA:421,25,0,0
BRDA:438,26,0,0
BRDA:486,27,0,0
BRDA:486,27,1,0
BRF:37
BRH:0
end_of_record
TN:
SF:src\routes\analysis.ts
FN:15,calculateCorrelation
FN:49,(anonymous_1)
FN:50,(anonymous_2)
FN:70,(anonymous_3)
FN:71,(anonymous_4)
FN:72,(anonymous_5)
FN:109,(anonymous_6)
FN:132,(anonymous_7)
FN:157,(anonymous_8)
FN:158,(anonymous_9)
FN:163,(anonymous_10)
FN:164,(anonymous_11)
FN:212,(anonymous_12)
FN:246,(anonymous_13)
FN:256,(anonymous_14)
FN:282,(anonymous_15)
FN:290,(anonymous_16)
FN:323,(anonymous_17)
FN:345,(anonymous_18)
FN:346,(anonymous_19)
FN:375,(anonymous_20)
FN:376,(anonymous_21)
FN:404,(anonymous_22)
FN:430,(anonymous_23)
FN:433,(anonymous_24)
FN:436,(anonymous_25)
FN:437,(anonymous_26)
FN:468,(anonymous_27)
FN:471,(anonymous_28)
FN:472,(anonymous_29)
FN:506,(anonymous_30)
FN:528,(anonymous_31)
FN:529,(anonymous_32)
FN:564,(anonymous_33)
FN:569,(anonymous_34)
FN:579,(anonymous_35)
FN:677,(anonymous_36)
FN:678,(anonymous_37)
FN:685,(anonymous_38)
FN:689,(anonymous_39)
FN:690,(anonymous_40)
FN:691,(anonymous_41)
FN:695,(anonymous_42)
FN:713,(anonymous_43)
FN:714,(anonymous_44)
FN:737,(anonymous_45)
FN:776,(anonymous_46)
FN:815,(anonymous_47)
FN:818,(anonymous_48)
FN:824,(anonymous_49)
FN:863,(anonymous_50)
FN:954,(anonymous_51)
FN:975,(anonymous_52)
FN:1005,(anonymous_53)
FN:1006,(anonymous_54)
FN:1015,(anonymous_55)
FN:1040,(anonymous_56)
FN:1116,(anonymous_57)
FN:1137,(anonymous_58)
FN:1151,(anonymous_59)
FN:1158,(anonymous_60)
FNF:61
FNH:0
FNDA:0,calculateCorrelation
FNDA:0,(anonymous_1)
FNDA:0,(anonymous_2)
FNDA:0,(anonymous_3)
FNDA:0,(anonymous_4)
FNDA:0,(anonymous_5)
FNDA:0,(anonymous_6)
FNDA:0,(anonymous_7)
FNDA:0,(anonymous_8)
FNDA:0,(anonymous_9)
FNDA:0,(anonymous_10)
FNDA:0,(anonymous_11)
FNDA:0,(anonymous_12)
FNDA:0,(anonymous_13)
FNDA:0,(anonymous_14)
FNDA:0,(anonymous_15)
FNDA:0,(anonymous_16)
FNDA:0,(anonymous_17)
FNDA:0,(anonymous_18)
FNDA:0,(anonymous_19)
FNDA:0,(anonymous_20)
FNDA:0,(anonymous_21)
FNDA:0,(anonymous_22)
FNDA:0,(anonymous_23)
FNDA:0,(anonymous_24)
FNDA:0,(anonymous_25)
FNDA:0,(anonymous_26)
FNDA:0,(anonymous_27)
FNDA:0,(anonymous_28)
FNDA:0,(anonymous_29)
FNDA:0,(anonymous_30)
FNDA:0,(anonymous_31)
FNDA:0,(anonymous_32)
FNDA:0,(anonymous_33)
FNDA:0,(anonymous_34)
FNDA:0,(anonymous_35)
FNDA:0,(anonymous_36)
FNDA:0,(anonymous_37)
FNDA:0,(anonymous_38)
FNDA:0,(anonymous_39)
FNDA:0,(anonymous_40)
FNDA:0,(anonymous_41)
FNDA:0,(anonymous_42)
FNDA:0,(anonymous_43)
FNDA:0,(anonymous_44)
FNDA:0,(anonymous_45)
FNDA:0,(anonymous_46)
FNDA:0,(anonymous_47)
FNDA:0,(anonymous_48)
FNDA:0,(anonymous_49)
FNDA:0,(anonymous_50)
FNDA:0,(anonymous_51)
FNDA:0,(anonymous_52)
FNDA:0,(anonymous_53)
FNDA:0,(anonymous_54)
FNDA:0,(anonymous_55)
FNDA:0,(anonymous_56)
FNDA:0,(anonymous_57)
FNDA:0,(anonymous_58)
FNDA:0,(anonymous_59)
FNDA:0,(anonymous_60)
DA:7,0
DA:19,0
DA:20,0
DA:23,0
DA:33,0
DA:34,0
DA:35,0
DA:39,0
DA:44,0
DA:49,0
DA:50,0
DA:52,0
DA:53,0
DA:54,0
DA:55,0
DA:59,0
DA:64,0
DA:70,0
DA:71,0
DA:72,0
DA:75,0
DA:76,0
DA:77,0
DA:81,0
DA:85,0
DA:89,0
DA:90,0
DA:91,0
DA:95,0
DA:97,0
DA:105,0
DA:110,0
DA:111,0
DA:112,0
DA:115,0
DA:119,0
DA:120,0
DA:128,0
DA:132,0
DA:135,0
DA:148,0
DA:149,0
DA:157,0
DA:158,0
DA:161,0
DA:163,0
DA:164,0
DA:177,0
DA:180,0
DA:181,0
DA:182,0
DA:184,0
DA:185,0
DA:187,0
DA:188,0
DA:190,0
DA:191,0
DA:193,0
DA:194,0
DA:196,0
DA:199,0
DA:211,0
DA:212,0
DA:215,0
DA:216,0
DA:217,0
DA:218,0
DA:219,0
DA:221,0
DA:223,0
DA:229,0
DA:230,0
DA:239,0
DA:246,0
DA:249,0
DA:252,0
DA:256,0
DA:264,0
DA:267,0
DA:268,0
DA:269,0
DA:270,0
DA:271,0
DA:273,0
DA:277,0
DA:278,0
DA:280,0
DA:282,0
DA:288,0
DA:290,0
DA:297,0
DA:309,0
DA:310,0
DA:320,0
DA:324,0
DA:325,0
DA:328,0
DA:332,0
DA:333,0
DA:341,0
DA:345,0
DA:346,0
DA:349,0
DA:363,0
DA:364,0
DA:372,0
DA:375,0
DA:376,0
DA:381,0
DA:382,0
DA:383,0
DA:384,0
DA:386,0
DA:390,0
DA:391,0
DA:395,0
DA:396,0
DA:397,0
DA:398,0
DA:400,0
DA:404,0
DA:406,0
DA:407,0
DA:408,0
DA:411,0
DA:412,0
DA:416,0
DA:417,0
DA:420,0
DA:424,0
DA:425,0
DA:426,0
DA:430,0
DA:433,0
DA:434,0
DA:435,0
DA:436,0
DA:437,0
DA:440,0
DA:442,0
DA:443,0
DA:444,0
DA:445,0
DA:446,0
DA:447,0
DA:448,0
DA:450,0
DA:453,0
DA:468,0
DA:471,0
DA:472,0
DA:474,0
DA:492,0
DA:493,0
DA:503,0
DA:507,0
DA:508,0
DA:511,0
DA:515,0
DA:516,0
DA:524,0
DA:528,0
DA:529,0
DA:532,0
DA:552,0
DA:553,0
DA:561,0
DA:564,0
DA:569,0
DA:570,0
DA:579,0
DA:582,0
DA:583,0
DA:584,0
DA:585,0
DA:587,0
DA:606,0
DA:608,0
DA:609,0
DA:612,0
DA:613,0
DA:614,0
DA:617,0
DA:618,0
DA:619,0
DA:623,0
DA:624,0
DA:625,0
DA:629,0
DA:630,0
DA:631,0
DA:632,0
DA:633,0
DA:635,0
DA:645,0
DA:650,0
DA:651,0
DA:652,0
DA:656,0
DA:659,0
DA:660,0
DA:661,0
DA:662,0
DA:664,0
DA:667,0
DA:669,0
DA:677,0
DA:678,0
DA:685,0
DA:688,0
DA:689,0
DA:690,0
DA:691,0
DA:695,0
DA:696,0
DA:697,0
DA:700,0
DA:713,0
DA:714,0
DA:720,0
DA:721,0
DA:732,0
DA:738,0
DA:739,0
DA:742,0
DA:746,0
DA:747,0
DA:755,0
DA:757,0
DA:759,0
DA:760,0
DA:762,0
DA:763,0
DA:765,0
DA:766,0
DA:768,0
DA:772,0
DA:776,0
DA:779,0
DA:793,0
DA:806,0
DA:814,0
DA:815,0
DA:818,0
DA:819,0
DA:820,0
DA:823,0
DA:824,0
DA:828,0
DA:829,0
DA:832,0
DA:835,0
DA:840,0
DA:849,0
DA:850,0
DA:851,0
DA:852,0
DA:853,0
DA:856,0
DA:857,0
DA:863,0
DA:864,0
DA:867,0
DA:868,0
DA:869,0
DA:871,0
DA:872,0
DA:873,0
DA:874,0
DA:875,0
DA:878,0
DA:879,0
DA:880,0
DA:881,0
DA:882,0
DA:885,0
DA:886,0
DA:887,0
DA:888,0
DA:889,0
DA:892,0
DA:893,0
DA:894,0
DA:895,0
DA:896,0
DA:899,0
DA:941,0
DA:942,0
DA:951,0
DA:955,0
DA:956,0
DA:958,0
DA:962,0
DA:963,0
DA:971,0
DA:975,0
DA:978,0
DA:994,0
DA:1005,0
DA:1006,0
DA:1009,0
DA:1014,0
DA:1015,0
DA:1019,0
DA:1020,0
DA:1021,0
DA:1022,0
DA:1026,0
DA:1027,0
DA:1028,0
DA:1029,0
DA:1030,0
DA:1031,0
DA:1032,0
DA:1033,0
DA:1034,0
DA:1035,0
DA:1040,0
DA:1041,0
DA:1046,0
DA:1051,0
DA:1058,0
DA:1060,0
DA:1061,0
DA:1064,0
DA:1065,0
DA:1068,0
DA:1069,0
DA:1072,0
DA:1073,0
DA:1076,0
DA:1077,0
DA:1080,0
DA:1103,0
DA:1104,0
DA:1113,0
DA:1117,0
DA:1118,0
DA:1120,0
DA:1124,0
DA:1125,0
DA:1133,0
DA:1137,0
DA:1140,0
DA:1150,0
DA:1151,0
DA:1155,0
DA:1158,0
DA:1161,0
DA:1162,0
DA:1166,0
DA:1167,0
DA:1170,0
DA:1191,0
DA:1209,0
DA:1210,0
LF:356
LH:0
BRDA:33,0,0,0
BRDA:52,1,0,0
BRDA:75,2,0,0
BRDA:89,3,0,0
BRDA:89,4,0,0
BRDA:89,4,1,0
BRDA:89,4,2,0
BRDA:99,5,0,0
BRDA:99,5,1,0
BRDA:112,6,0,0
BRDA:112,6,1,0
BRDA:119,7,0,0
BRDA:148,8,0,0
BRDA:182,9,0,0
BRDA:182,9,1,0
BRDA:182,9,2,0
BRDA:182,9,3,0
BRDA:182,9,4,0
BRDA:201,10,0,0
BRDA:201,10,1,0
BRDA:203,11,0,0
BRDA:203,11,1,0
BRDA:216,12,0,0
BRDA:216,12,1,0
BRDA:217,13,0,0
BRDA:217,13,1,0
BRDA:221,14,0,0
BRDA:221,15,0,0
BRDA:221,15,1,0
BRDA:229,16,0,0
BRDA:269,17,0,0
BRDA:269,17,1,0
BRDA:270,18,0,0
BRDA:278,19,0,0
BRDA:291,20,0,0
BRDA:291,20,1,0
BRDA:332,21,0,0
BRDA:363,22,0,0
BRDA:383,23,0,0
BRDA:397,24,0,0
BRDA:406,25,0,0
BRDA:407,26,0,0
BRDA:407,26,1,0
BRDA:408,27,0,0
BRDA:408,27,1,0
BRDA:411,28,0,0
BRDA:416,29,0,0
BRDA:416,30,0,0
BRDA:416,30,1,0
BRDA:417,31,0,0
BRDA:417,32,0,0
BRDA:417,32,1,0
BRDA:426,33,0,0
BRDA:426,33,1,0
BRDA:426,34,0,0
BRDA:426,34,1,0
BRDA:434,35,0,0
BRDA:434,35,1,0
BRDA:443,36,0,0
BRDA:443,36,1,0
BRDA:443,37,0,0
BRDA:443,37,1,0
BRDA:443,38,0,0
BRDA:443,38,1,0
BRDA:445,39,0,0
BRDA:445,39,1,0
BRDA:446,40,0,0
BRDA:446,40,1,0
BRDA:447,41,0,0
BRDA:447,41,1,0
BRDA:448,42,0,0
BRDA:448,42,1,0
BRDA:457,43,0,0
BRDA:457,43,1,0
BRDA:463,44,0,0
BRDA:463,44,1,0
BRDA:472,45,0,0
BRDA:472,45,1,0
BRDA:515,46,0,0
BRDA:552,47,0,0
BRDA:584,48,0,0
BRDA:609,49,0,0
BRDA:609,49,1,0
BRDA:617,50,0,0
BRDA:623,51,0,0
BRDA:631,52,0,0
BRDA:631,53,0,0
BRDA:631,53,1,0
BRDA:640,54,0,0
BRDA:640,54,1,0
BRDA:650,55,0,0
BRDA:650,56,0,0
BRDA:650,56,1,0
BRDA:656,57,0,0
BRDA:659,58,0,0
BRDA:659,58,1,0
BRDA:661,59,0,0
BRDA:661,59,1,0
BRDA:672,60,0,0
BRDA:672,60,1,0
BRDA:697,61,0,0
BRDA:697,61,1,0
BRDA:739,62,0,0
BRDA:739,63,0,0
BRDA:746,64,0,0
BRDA:757,65,0,0
BRDA:757,65,1,0
BRDA:757,65,2,0
BRDA:757,65,3,0
BRDA:823,66,0,0
BRDA:823,66,1,0
BRDA:829,67,0,0
BRDA:829,67,1,0
BRDA:835,68,0,0
BRDA:835,68,1,0
BRDA:849,69,0,0
BRDA:849,69,1,0
BRDA:850,70,0,0
BRDA:850,70,1,0
BRDA:851,71,0,0
BRDA:851,71,1,0
BRDA:852,72,0,0
BRDA:852,72,1,0
BRDA:864,73,0,0
BRDA:864,73,1,0
BRDA:864,74,0,0
BRDA:864,74,1,0
BRDA:871,75,0,0
BRDA:871,75,1,0
BRDA:873,76,0,0
BRDA:878,77,0,0
BRDA:878,77,1,0
BRDA:880,78,0,0
BRDA:885,79,0,0
BRDA:885,79,1,0
BRDA:887,80,0,0
BRDA:892,81,0,0
BRDA:892,81,1,0
BRDA:894,82,0,0
BRDA:914,83,0,0
BRDA:914,83,1,0
BRDA:914,84,0,0
BRDA:914,84,1,0
BRDA:919,85,0,0
BRDA:919,85,1,0
BRDA:919,86,0,0
BRDA:919,86,1,0
BRDA:924,87,0,0
BRDA:924,87,1,0
BRDA:924,88,0,0
BRDA:924,88,1,0
BRDA:929,89,0,0
BRDA:929,89,1,0
BRDA:929,90,0,0
BRDA:929,90,1,0
BRDA:930,91,0,0
BRDA:930,91,1,0
BRDA:962,92,0,0
BRDA:1009,93,0,0
BRDA:1009,93,1,0
BRDA:1014,94,0,0
BRDA:1014,94,1,0
BRDA:1022,95,0,0
BRDA:1022,95,1,0
BRDA:1029,96,0,0
BRDA:1031,97,0,0
BRDA:1031,97,1,0
BRDA:1031,98,0,0
BRDA:1031,98,1,0
BRDA:1032,99,0,0
BRDA:1032,99,1,0
BRDA:1032,100,0,0
BRDA:1032,100,1,0
BRDA:1033,101,0,0
BRDA:1033,101,1,0
BRDA:1033,102,0,0
BRDA:1033,102,1,0
BRDA:1034,103,0,0
BRDA:1034,103,1,0
BRDA:1034,104,0,0
BRDA:1034,104,1,0
BRDA:1041,105,0,0
BRDA:1041,105,1,0
BRDA:1046,106,0,0
BRDA:1046,106,1,0
BRDA:1052,107,0,0
BRDA:1052,107,1,0
BRDA:1054,108,0,0
BRDA:1054,108,1,0
BRDA:1060,109,0,0
BRDA:1064,110,0,0
BRDA:1068,111,0,0
BRDA:1072,112,0,0
BRDA:1076,113,0,0
BRDA:1124,114,0,0
BRDA:1150,115,0,0
BRDA:1150,115,1,0
BRDA:1162,116,0,0
BRDA:1162,116,1,0
BRDA:1175,117,0,0
BRDA:1175,117,1,0
BRDA:1181,118,0,0
BRDA:1181,118,1,0
BRDA:1187,119,0,0
BRDA:1187,119,1,0
BRDA:1202,120,0,0
BRDA:1202,120,1,0
BRDA:1202,121,0,0
BRDA:1202,121,1,0
BRF:209
BRH:0
end_of_record
TN:
SF:src\routes\audio.ts
FN:21,(anonymous_0)
FN:80,(anonymous_1)
FN:81,(anonymous_2)
FN:109,(anonymous_3)
FN:110,(anonymous_4)
FN:128,(anonymous_5)
FN:203,(anonymous_6)
FN:314,(anonymous_7)
FN:356,(anonymous_8)
FN:364,(anonymous_9)
FN:400,(anonymous_10)
FN:445,(anonymous_11)
FN:537,(anonymous_12)
FN:608,(anonymous_13)
FN:657,(anonymous_14)
FNF:15
FNH:0
FNDA:0,(anonymous_0)
FNDA:0,(anonymous_1)
FNDA:0,(anonymous_2)
FNDA:0,(anonymous_3)
FNDA:0,(anonymous_4)
FNDA:0,(anonymous_5)
FNDA:0,(anonymous_6)
FNDA:0,(anonymous_7)
FNDA:0,(anonymous_8)
FNDA:0,(anonymous_9)
FNDA:0,(anonymous_10)
FNDA:0,(anonymous_11)
FNDA:0,(anonymous_12)
FNDA:0,(anonymous_13)
FNDA:0,(anonymous_14)
DA:10,0
DA:11,0
DA:12,0
DA:15,0
DA:21,0
DA:22,0
DA:23,0
DA:26,0
DA:41,0
DA:42,0
DA:50,0
DA:51,0
DA:53,0
DA:55,0
DA:56,0
DA:58,0
DA:59,0
DA:60,0
DA:64,0
DA:66,0
DA:79,0
DA:80,0
DA:81,0
DA:84,0
DA:90,0
DA:94,0
DA:109,0
DA:110,0
DA:114,0
DA:115,0
DA:128,0
DA:129,0
DA:130,0
DA:131,0
DA:134,0
DA:138,0
DA:139,0
DA:147,0
DA:148,0
DA:155,0
DA:156,0
DA:158,0
DA:159,0
DA:171,0
DA:189,0
DA:190,0
DA:203,0
DA:204,0
DA:205,0
DA:206,0
DA:209,0
DA:210,0
DA:212,0
DA:213,0
DA:220,0
DA:221,0
DA:228,0
DA:229,0
DA:236,0
DA:237,0
DA:238,0
DA:246,0
DA:250,0
DA:251,0
DA:258,0
DA:259,0
DA:267,0
DA:268,0
DA:270,0
DA:271,0
DA:279,0
DA:280,0
DA:281,0
DA:289,0
DA:290,0
DA:293,0
DA:294,0
DA:295,0
DA:296,0
DA:298,0
DA:301,0
DA:303,0
DA:305,0
DA:307,0
DA:308,0
DA:310,0
DA:311,0
DA:314,0
DA:315,0
DA:316,0
DA:318,0
DA:322,0
DA:325,0
DA:334,0
DA:336,0
DA:337,0
DA:340,0
DA:341,0
DA:344,0
DA:347,0
DA:348,0
DA:349,0
DA:352,0
DA:353,0
DA:356,0
DA:357,0
DA:358,0
DA:360,0
DA:364,0
DA:365,0
DA:366,0
DA:367,0
DA:373,0
DA:376,0
DA:377,0
DA:380,0
DA:387,0
DA:388,0
DA:400,0
DA:401,0
DA:402,0
DA:431,0
DA:432,0
DA:445,0
DA:446,0
DA:447,0
DA:448,0
DA:451,0
DA:452,0
DA:460,0
DA:464,0
DA:465,0
DA:472,0
DA:473,0
DA:480,0
DA:481,0
DA:483,0
DA:484,0
DA:492,0
DA:493,0
DA:494,0
DA:495,0
DA:497,0
DA:500,0
DA:502,0
DA:504,0
DA:505,0
DA:513,0
DA:514,0
DA:515,0
DA:517,0
DA:518,0
DA:520,0
DA:521,0
DA:522,0
DA:526,0
DA:527,0
DA:530,0
DA:537,0
DA:547,0
DA:548,0
DA:551,0
DA:553,0
DA:554,0
DA:555,0
DA:558,0
DA:559,0
DA:561,0
DA:562,0
DA:564,0
DA:565,0
DA:567,0
DA:568,0
DA:572,0
DA:574,0
DA:576,0
DA:582,0
DA:584,0
DA:585,0
DA:588,0
DA:589,0
DA:596,0
DA:600,0
DA:601,0
DA:608,0
DA:610,0
DA:625,0
DA:627,0
DA:629,0
DA:644,0
DA:645,0
DA:657,0
DA:658,0
DA:659,0
DA:660,0
DA:661,0
DA:662,0
DA:664,0
DA:667,0
DA:698,0
DA:699,0
LF:201
LH:0
BRDA:41,0,0,0
BRDA:53,1,0,0
BRDA:58,2,0,0
BRDA:64,3,0,0
BRDA:64,3,1,0
BRDA:117,4,0,0
BRDA:117,4,1,0
BRDA:131,5,0,0
BRDA:138,6,0,0
BRDA:147,7,0,0
BRDA:158,8,0,0
BRDA:192,9,0,0
BRDA:192,9,1,0
BRDA:212,10,0,0
BRDA:212,11,0,0
BRDA:212,11,1,0
BRDA:220,12,0,0
BRDA:228,13,0,0
BRDA:237,14,0,0
BRDA:250,15,0,0
BRDA:258,16,0,0
BRDA:270,17,0,0
BRDA:279,18,0,0
BRDA:279,18,1,0
BRDA:280,19,0,0
BRDA:280,20,0,0
BRDA:280,20,1,0
BRDA:301,21,0,0
BRDA:303,22,0,0
BRDA:303,23,0,0
BRDA:303,23,1,0
BRDA:303,23,2,0
BRDA:340,24,0,0
BRDA:376,25,0,0
BRDA:390,26,0,0
BRDA:390,26,1,0
BRDA:434,27,0,0
BRDA:434,27,1,0
BRDA:448,28,0,0
BRDA:448,29,0,0
BRDA:448,30,0,0
BRDA:451,31,0,0
BRDA:451,32,0,0
BRDA:451,32,1,0
BRDA:451,32,2,0
BRDA:464,33,0,0
BRDA:472,34,0,0
BRDA:483,35,0,0
BRDA:500,36,0,0
BRDA:500,36,1,0
BRDA:502,37,0,0
BRDA:504,38,0,0
BRDA:527,39,0,0
BRDA:574,40,0,0
BRDA:574,40,1,0
BRDA:588,41,0,0
BRDA:596,42,0,0
BRDA:596,42,1,0
BRDA:600,43,0,0
BRDA:647,44,0,0
BRDA:647,44,1,0
BRDA:671,45,0,0
BRDA:671,45,1,0
BRDA:672,46,0,0
BRDA:672,46,1,0
BRDA:701,47,0,0
BRDA:701,47,1,0
BRF:67
BRH:0
end_of_record
TN:
SF:src\routes\auth.ts
FN:33,generateToken
FN:45,verifyToken
FN:56,getUserIdFromRequest
FN:71,isAdmin
FN:101,(anonymous_4)
FN:180,(anonymous_5)
FN:236,(anonymous_6)
FN:295,(anonymous_7)
FN:373,(anonymous_8)
FN:439,(anonymous_9)
FN:497,(anonymous_10)
FN:560,(anonymous_11)
FNF:12
FNH:0
FNDA:0,generateToken
FNDA:0,verifyToken
FNDA:0,getUserIdFromRequest
FNDA:0,isAdmin
FNDA:0,(anonymous_4)
FNDA:0,(anonymous_5)
FNDA:0,(anonymous_6)
FNDA:0,(anonymous_7)
FNDA:0,(anonymous_8)
FNDA:0,(anonymous_9)
FNDA:0,(anonymous_10)
FNDA:0,(anonymous_11)
DA:9,0
DA:12,0
DA:13,0
DA:34,0
DA:39,0
DA:46,0
DA:47,0
DA:49,0
DA:57,0
DA:58,0
DA:59,0
DA:62,0
DA:63,0
DA:65,0
DA:72,0
DA:73,0
DA:74,0
DA:77,0
DA:78,0
DA:79,0
DA:84,0
DA:102,0
DA:103,0
DA:106,0
DA:110,0
DA:111,0
DA:119,0
DA:123,0
DA:124,0
DA:132,0
DA:135,0
DA:146,0
DA:148,0
DA:161,0
DA:162,0
DA:172,0
DA:181,0
DA:182,0
DA:185,0
DA:189,0
DA:190,0
DA:198,0
DA:200,0
DA:201,0
DA:209,0
DA:211,0
DA:225,0
DA:226,0
DA:236,0
DA:237,0
DA:238,0
DA:240,0
DA:241,0
DA:248,0
DA:252,0
DA:253,0
DA:260,0
DA:274,0
DA:275,0
DA:285,0
DA:296,0
DA:297,0
DA:299,0
DA:300,0
DA:307,0
DA:310,0
DA:314,0
DA:315,0
DA:326,0
DA:328,0
DA:329,0
DA:332,0
DA:333,0
DA:336,0
DA:341,0
DA:354,0
DA:355,0
DA:365,0
DA:374,0
DA:375,0
DA:377,0
DA:378,0
DA:385,0
DA:388,0
DA:392,0
DA:393,0
DA:401,0
DA:403,0
DA:404,0
DA:412,0
DA:415,0
DA:420,0
DA:427,0
DA:428,0
DA:439,0
DA:440,0
DA:441,0
DA:442,0
DA:449,0
DA:450,0
DA:451,0
DA:453,0
DA:471,0
DA:484,0
DA:485,0
DA:494,0
DA:498,0
DA:499,0
DA:500,0
DA:507,0
DA:510,0
DA:511,0
DA:512,0
DA:520,0
DA:524,0
DA:525,0
DA:533,0
DA:537,0
DA:544,0
DA:545,0
DA:554,0
DA:561,0
DA:562,0
DA:563,0
DA:570,0
DA:571,0
DA:574,0
DA:575,0
DA:576,0
DA:584,0
DA:588,0
DA:589,0
DA:597,0
DA:602,0
DA:611,0
DA:612,0
LF:136
LH:0
BRDA:12,0,0,0
BRDA:12,0,1,0
BRDA:58,1,0,0
BRDA:58,2,0,0
BRDA:58,2,1,0
BRDA:65,3,0,0
BRDA:65,3,1,0
BRDA:73,4,0,0
BRDA:73,5,0,0
BRDA:73,5,1,0
BRDA:110,6,0,0
BRDA:123,7,0,0
BRDA:140,8,0,0
BRDA:140,8,1,0
BRDA:189,9,0,0
BRDA:200,10,0,0
BRDA:219,11,0,0
BRDA:219,11,1,0
BRDA:240,12,0,0
BRDA:252,13,0,0
BRDA:268,14,0,0
BRDA:268,14,1,0
BRDA:299,15,0,0
BRDA:314,16,0,0
BRDA:328,17,0,0
BRDA:332,18,0,0
BRDA:349,19,0,0
BRDA:349,19,1,0
BRDA:377,20,0,0
BRDA:392,21,0,0
BRDA:403,22,0,0
BRDA:441,23,0,0
BRDA:449,24,0,0
BRDA:449,24,1,0
BRDA:450,25,0,0
BRDA:450,25,1,0
BRDA:499,26,0,0
BRDA:511,27,0,0
BRDA:524,28,0,0
BRDA:562,29,0,0
BRDA:575,30,0,0
BRDA:588,31,0,0
BRF:42
BRH:0
end_of_record
TN:
SF:src\routes\chapters.ts
FN:19,(anonymous_0)
FN:58,(anonymous_1)
FN:101,(anonymous_2)
FN:185,(anonymous_3)
FN:265,(anonymous_4)
FNF:5
FNH:0
FNDA:0,(anonymous_0)
FNDA:0,(anonymous_1)
FNDA:0,(anonymous_2)
FNDA:0,(anonymous_3)
FNDA:0,(anonymous_4)
DA:12,0
DA:16,0
DA:20,0
DA:21,0
DA:24,0
DA:25,0
DA:26,0
DA:30,0
DA:40,0
DA:45,0
DA:46,0
DA:55,0
DA:59,0
DA:60,0
DA:62,0
DA:74,0
DA:75,0
DA:81,0
DA:86,0
DA:87,0
DA:96,0
DA:102,0
DA:103,0
DA:106,0
DA:110,0
DA:111,0
DA:118,0
DA:127,0
DA:128,0
DA:135,0
DA:148,0
DA:153,0
DA:156,0
DA:157,0
DA:164,0
DA:165,0
DA:171,0
DA:180,0
DA:186,0
DA:187,0
DA:188,0
DA:191,0
DA:195,0
DA:196,0
DA:203,0
DA:204,0
DA:213,0
DA:214,0
DA:222,0
DA:232,0
DA:237,0
DA:239,0
DA:240,0
DA:246,0
DA:247,0
DA:253,0
DA:262,0
DA:266,0
DA:267,0
DA:270,0
DA:281,0
DA:282,0
DA:289,0
DA:290,0
DA:294,0
DA:298,0
DA:303,0
DA:305,0
DA:306,0
DA:312,0
LF:70
LH:0
BRDA:25,0,0,0
BRDA:74,1,0,0
BRDA:110,2,0,0
BRDA:127,3,0,0
BRDA:156,4,0,0
BRDA:164,5,0,0
BRDA:195,6,0,0
BRDA:203,7,0,0
BRDA:203,8,0,0
BRDA:203,8,1,0
BRDA:213,9,0,0
BRDA:213,10,0,0
BRDA:213,10,1,0
BRDA:239,11,0,0
BRDA:246,12,0,0
BRDA:281,13,0,0
BRDA:289,14,0,0
BRDA:305,15,0,0
BRF:18
BRH:0
end_of_record
TN:
SF:src\routes\courses.ts
FN:8,(anonymous_0)
FN:14,(anonymous_1)
FN:27,(anonymous_2)
FN:72,(anonymous_3)
FN:124,(anonymous_4)
FN:170,(anonymous_5)
FN:211,(anonymous_6)
FNF:7
FNH:0
FNDA:0,(anonymous_0)
FNDA:0,(anonymous_1)
FNDA:0,(anonymous_2)
FNDA:0,(anonymous_3)
FNDA:0,(anonymous_4)
FNDA:0,(anonymous_5)
FNDA:0,(anonymous_6)
DA:5,0
DA:8,0
DA:9,0
DA:10,0
DA:11,0
DA:14,0
DA:20,0
DA:24,0
DA:28,0
DA:29,0
DA:32,0
DA:33,0
DA:34,0
DA:38,0
DA:54,0
DA:59,0
DA:60,0
DA:69,0
DA:73,0
DA:74,0
DA:76,0
DA:94,0
DA:95,0
DA:101,0
DA:106,0
DA:107,0
DA:116,0
DA:125,0
DA:133,0
DA:135,0
DA:146,0
DA:151,0
DA:152,0
DA:161,0
DA:171,0
DA:172,0
DA:173,0
DA:175,0
DA:176,0
DA:177,0
DA:178,0
DA:179,0
DA:180,0
DA:182,0
DA:187,0
DA:192,0
DA:193,0
DA:194,0
DA:199,0
DA:208,0
DA:212,0
DA:213,0
DA:215,0
DA:219,0
DA:224,0
DA:225,0
DA:226,0
DA:231,0
LF:58
LH:0
BRDA:10,0,0,0
BRDA:15,1,0,0
BRDA:15,1,1,0
BRDA:33,2,0,0
BRDA:94,3,0,0
BRDA:128,4,0,0
BRDA:129,5,0,0
BRDA:140,6,0,0
BRDA:140,6,1,0
BRDA:141,7,0,0
BRDA:141,7,1,0
BRDA:175,8,0,0
BRDA:176,9,0,0
BRDA:177,10,0,0
BRDA:178,11,0,0
BRDA:178,12,0,0
BRDA:178,12,1,0
BRDA:179,13,0,0
BRDA:179,14,0,0
BRDA:179,14,1,0
BRDA:180,15,0,0
BRDA:193,16,0,0
BRDA:225,17,0,0
BRF:23
BRH:0
end_of_record
TN:
SF:src\routes\exam-tasks.ts
FN:15,(anonymous_0)
FN:76,(anonymous_1)
FN:121,(anonymous_2)
FN:168,(anonymous_3)
FN:229,(anonymous_4)
FN:287,(anonymous_5)
FN:336,(anonymous_6)
FNF:7
FNH:0
FNDA:0,(anonymous_0)
FNDA:0,(anonymous_1)
FNDA:0,(anonymous_2)
FNDA:0,(anonymous_3)
FNDA:0,(anonymous_4)
FNDA:0,(anonymous_5)
FNDA:0,(anonymous_6)
DA:6,0
DA:9,0
DA:16,0
DA:17,0
DA:19,0
DA:21,0
DA:22,0
DA:25,0
DA:26,0
DA:29,0
DA:30,0
DA:33,0
DA:34,0
DA:35,0
DA:36,0
DA:37,0
DA:38,0
DA:40,0
DA:46,0
DA:62,0
DA:67,0
DA:68,0
DA:76,0
DA:77,0
DA:78,0
DA:79,0
DA:80,0
DA:81,0
DA:83,0
DA:104,0
DA:109,0
DA:110,0
DA:118,0
DA:122,0
DA:123,0
DA:125,0
DA:139,0
DA:140,0
DA:144,0
DA:147,0
DA:152,0
DA:153,0
DA:161,0
DA:169,0
DA:170,0
DA:173,0
DA:177,0
DA:178,0
DA:182,0
DA:185,0
DA:206,0
DA:211,0
DA:212,0
DA:220,0
DA:230,0
DA:231,0
DA:232,0
DA:235,0
DA:239,0
DA:240,0
DA:244,0
DA:247,0
DA:249,0
DA:250,0
DA:251,0
DA:252,0
DA:253,0
DA:254,0
DA:256,0
DA:270,0
DA:275,0
DA:276,0
DA:284,0
DA:288,0
DA:289,0
DA:291,0
DA:295,0
DA:296,0
DA:300,0
DA:303,0
DA:319,0
DA:324,0
DA:325,0
DA:333,0
DA:337,0
DA:338,0
DA:340,0
DA:344,0
DA:345,0
DA:349,0
DA:352,0
DA:356,0
DA:361,0
DA:362,0
LF:94
LH:0
BRDA:21,0,0,0
BRDA:25,1,0,0
BRDA:29,2,0,0
BRDA:33,3,0,0
BRDA:139,4,0,0
BRDA:170,5,0,0
BRDA:177,6,0,0
BRDA:192,7,0,0
BRDA:192,7,1,0
BRDA:239,8,0,0
BRDA:249,9,0,0
BRDA:250,10,0,0
BRDA:251,11,0,0
BRDA:252,12,0,0
BRDA:253,13,0,0
BRDA:254,14,0,0
BRDA:254,15,0,0
BRDA:254,15,1,0
BRDA:295,16,0,0
BRDA:344,17,0,0
BRF:20
BRH:0
end_of_record
TN:
SF:src\routes\exams.ts
FN:36,selectQuestionsByStrategy
FN:57,(anonymous_1)
FN:58,(anonymous_2)
FN:59,(anonymous_3)
FN:79,(anonymous_4)
FN:102,(anonymous_5)
FN:102,(anonymous_6)
FN:117,calculateTotalScore
FN:118,(anonymous_8)
FN:135,(anonymous_9)
FN:191,(anonymous_10)
FN:209,(anonymous_11)
FN:250,(anonymous_12)
FN:339,(anonymous_13)
FN:356,(anonymous_14)
FN:402,(anonymous_15)
FN:447,(anonymous_16)
FN:487,(anonymous_17)
FN:546,(anonymous_18)
FN:627,(anonymous_19)
FN:666,(anonymous_20)
FN:712,(anonymous_21)
FN:789,(anonymous_22)
FN:827,(anonymous_23)
FN:958,(anonymous_24)
FN:1035,(anonymous_25)
FN:1045,(anonymous_26)
FN:1053,(anonymous_27)
FN:1105,getModeTitle
FN:1121,getModeDescription
FN:1146,(anonymous_30)
FN:1190,(anonymous_31)
FN:1208,(anonymous_32)
FN:1253,(anonymous_33)
FN:1316,(anonymous_34)
FN:1360,(anonymous_35)
FN:1414,(anonymous_36)
FN:1416,(anonymous_37)
FN:1478,(anonymous_38)
FN:1481,(anonymous_39)
FN:1488,(anonymous_40)
FN:1489,(anonymous_41)
FN:1505,(anonymous_42)
FN:1511,(anonymous_43)
FN:1547,(anonymous_44)
FN:1617,(anonymous_45)
FN:1622,(anonymous_46)
FN:1624,(anonymous_47)
FN:1630,(anonymous_48)
FN:1650,(anonymous_49)
FN:1703,(anonymous_50)
FN:1740,(anonymous_51)
FN:1766,(anonymous_52)
FN:1776,(anonymous_53)
FN:1784,(anonymous_54)
FN:1824,(anonymous_55)
FN:1911,(anonymous_56)
FN:1912,(anonymous_57)
FN:1928,(anonymous_58)
FN:1929,(anonymous_59)
FN:1979,(anonymous_60)
FN:1981,(anonymous_61)
FN:1991,(anonymous_62)
FN:2014,(anonymous_63)
FN:2024,(anonymous_64)
FN:2042,(anonymous_65)
FN:2053,(anonymous_66)
FN:2082,(anonymous_67)
FN:2145,(anonymous_68)
FN:2177,(anonymous_69)
FN:2228,(anonymous_70)
FNF:71
FNH:0
FNDA:0,selectQuestionsByStrategy
FNDA:0,(anonymous_1)
FNDA:0,(anonymous_2)
FNDA:0,(anonymous_3)
FNDA:0,(anonymous_4)
FNDA:0,(anonymous_5)
FNDA:0,(anonymous_6)
FNDA:0,calculateTotalScore
FNDA:0,(anonymous_8)
FNDA:0,(anonymous_9)
FNDA:0,(anonymous_10)
FNDA:0,(anonymous_11)
FNDA:0,(anonymous_12)
FNDA:0,(anonymous_13)
FNDA:0,(anonymous_14)
FNDA:0,(anonymous_15)
FNDA:0,(anonymous_16)
FNDA:0,(anonymous_17)
FNDA:0,(anonymous_18)
FNDA:0,(anonymous_19)
FNDA:0,(anonymous_20)
FNDA:0,(anonymous_21)
FNDA:0,(anonymous_22)
FNDA:0,(anonymous_23)
FNDA:0,(anonymous_24)
FNDA:0,(anonymous_25)
FNDA:0,(anonymous_26)
FNDA:0,(anonymous_27)
FNDA:0,getModeTitle
FNDA:0,getModeDescription
FNDA:0,(anonymous_30)
FNDA:0,(anonymous_31)
FNDA:0,(anonymous_32)
FNDA:0,(anonymous_33)
FNDA:0,(anonymous_34)
FNDA:0,(anonymous_35)
FNDA:0,(anonymous_36)
FNDA:0,(anonymous_37)
FNDA:0,(anonymous_38)
FNDA:0,(anonymous_39)
FNDA:0,(anonymous_40)
FNDA:0,(anonymous_41)
FNDA:0,(anonymous_42)
FNDA:0,(anonymous_43)
FNDA:0,(anonymous_44)
FNDA:0,(anonymous_45)
FNDA:0,(anonymous_46)
FNDA:0,(anonymous_47)
FNDA:0,(anonymous_48)
FNDA:0,(anonymous_49)
FNDA:0,(anonymous_50)
FNDA:0,(anonymous_51)
FNDA:0,(anonymous_52)
FNDA:0,(anonymous_53)
FNDA:0,(anonymous_54)
FNDA:0,(anonymous_55)
FNDA:0,(anonymous_56)
FNDA:0,(anonymous_57)
FNDA:0,(anonymous_58)
FNDA:0,(anonymous_59)
FNDA:0,(anonymous_60)
FNDA:0,(anonymous_61)
FNDA:0,(anonymous_62)
FNDA:0,(anonymous_63)
FNDA:0,(anonymous_64)
FNDA:0,(anonymous_65)
FNDA:0,(anonymous_66)
FNDA:0,(anonymous_67)
FNDA:0,(anonymous_68)
FNDA:0,(anonymous_69)
FNDA:0,(anonymous_70)
DA:9,0
DA:42,0
DA:45,0
DA:54,0
DA:57,0
DA:58,0
DA:59,0
DA:62,0
DA:63,0
DA:64,0
DA:65,0
DA:66,0
DA:68,0
DA:72,0
DA:73,0
DA:74,0
DA:76,0
DA:79,0
DA:80,0
DA:81,0
DA:82,0
DA:83,0
DA:85,0
DA:89,0
DA:90,0
DA:93,0
DA:94,0
DA:97,0
DA:98,0
DA:101,0
DA:102,0
DA:103,0
DA:104,0
DA:105,0
DA:106,0
DA:111,0
DA:118,0
DA:129,0
DA:136,0
DA:137,0
DA:139,0
DA:140,0
DA:147,0
DA:150,0
DA:154,0
DA:155,0
DA:163,0
DA:174,0
DA:175,0
DA:181,0
DA:182,0
DA:190,0
DA:191,0
DA:194,0
DA:209,0
DA:220,0
DA:233,0
DA:234,0
DA:246,0
DA:251,0
DA:252,0
DA:254,0
DA:255,0
DA:271,0
DA:274,0
DA:278,0
DA:279,0
DA:287,0
DA:292,0
DA:293,0
DA:296,0
DA:297,0
DA:300,0
DA:301,0
DA:304,0
DA:305,0
DA:312,0
DA:317,0
DA:318,0
DA:326,0
DA:327,0
DA:328,0
DA:329,0
DA:330,0
DA:335,0
DA:338,0
DA:339,0
DA:342,0
DA:356,0
DA:367,0
DA:384,0
DA:385,0
DA:397,0
DA:403,0
DA:404,0
DA:406,0
DA:407,0
DA:414,0
DA:415,0
DA:416,0
DA:417,0
DA:419,0
DA:421,0
DA:422,0
DA:425,0
DA:426,0
DA:429,0
DA:444,0
DA:447,0
DA:469,0
DA:470,0
DA:482,0
DA:488,0
DA:489,0
DA:490,0
DA:491,0
DA:493,0
DA:494,0
DA:502,0
DA:506,0
DA:507,0
DA:514,0
DA:515,0
DA:523,0
DA:527,0
DA:528,0
DA:536,0
DA:537,0
DA:538,0
DA:540,0
DA:541,0
DA:542,0
DA:543,0
DA:544,0
DA:545,0
DA:546,0
DA:549,0
DA:552,0
DA:556,0
DA:568,0
DA:573,0
DA:574,0
DA:575,0
DA:577,0
DA:586,0
DA:591,0
DA:599,0
DA:611,0
DA:612,0
DA:624,0
DA:628,0
DA:629,0
DA:630,0
DA:632,0
DA:633,0
DA:641,0
DA:648,0
DA:649,0
DA:656,0
DA:657,0
DA:665,0
DA:666,0
DA:667,0
DA:670,0
DA:681,0
DA:693,0
DA:694,0
DA:708,0
DA:713,0
DA:714,0
DA:716,0
DA:717,0
DA:724,0
DA:727,0
DA:731,0
DA:732,0
DA:740,0
DA:746,0
DA:747,0
DA:750,0
DA:751,0
DA:757,0
DA:758,0
DA:761,0
DA:762,0
DA:766,0
DA:771,0
DA:772,0
DA:780,0
DA:781,0
DA:782,0
DA:783,0
DA:786,0
DA:789,0
DA:801,0
DA:810,0
DA:811,0
DA:823,0
DA:828,0
DA:829,0
DA:831,0
DA:832,0
DA:839,0
DA:842,0
DA:846,0
DA:847,0
DA:850,0
DA:854,0
DA:855,0
DA:864,0
DA:870,0
DA:876,0
DA:877,0
DA:885,0
DA:886,0
DA:887,0
DA:888,0
DA:891,0
DA:897,0
DA:898,0
DA:899,0
DA:901,0
DA:902,0
DA:903,0
DA:905,0
DA:906,0
DA:907,0
DA:908,0
DA:909,0
DA:914,0
DA:919,0
DA:921,0
DA:940,0
DA:941,0
DA:953,0
DA:959,0
DA:960,0
DA:962,0
DA:963,0
DA:970,0
DA:973,0
DA:977,0
DA:978,0
DA:987,0
DA:990,0
DA:991,0
DA:994,0
DA:995,0
DA:998,0
DA:999,0
DA:1001,0
DA:1005,0
DA:1017,0
DA:1018,0
DA:1026,0
DA:1027,0
DA:1028,0
DA:1029,0
DA:1032,0
DA:1035,0
DA:1038,0
DA:1045,0
DA:1053,0
DA:1065,0
DA:1067,0
DA:1068,0
DA:1070,0
DA:1071,0
DA:1073,0
DA:1074,0
DA:1076,0
DA:1079,0
DA:1093,0
DA:1094,0
DA:1106,0
DA:1108,0
DA:1110,0
DA:1112,0
DA:1114,0
DA:1122,0
DA:1124,0
DA:1126,0
DA:1128,0
DA:1130,0
DA:1140,0
DA:1147,0
DA:1148,0
DA:1150,0
DA:1151,0
DA:1158,0
DA:1161,0
DA:1165,0
DA:1166,0
DA:1174,0
DA:1181,0
DA:1182,0
DA:1190,0
DA:1193,0
DA:1208,0
DA:1218,0
DA:1233,0
DA:1234,0
DA:1246,0
DA:1254,0
DA:1255,0
DA:1257,0
DA:1258,0
DA:1265,0
DA:1266,0
DA:1267,0
DA:1269,0
DA:1271,0
DA:1272,0
DA:1275,0
DA:1276,0
DA:1279,0
DA:1280,0
DA:1283,0
DA:1313,0
DA:1316,0
DA:1343,0
DA:1344,0
DA:1356,0
DA:1361,0
DA:1362,0
DA:1364,0
DA:1365,0
DA:1372,0
DA:1376,0
DA:1377,0
DA:1378,0
DA:1379,0
DA:1380,0
DA:1384,0
DA:1385,0
DA:1386,0
DA:1388,0
DA:1389,0
DA:1393,0
DA:1411,0
DA:1414,0
DA:1415,0
DA:1416,0
DA:1420,0
DA:1421,0
DA:1422,0
DA:1423,0
DA:1424,0
DA:1425,0
DA:1427,0
DA:1428,0
DA:1429,0
DA:1431,0
DA:1432,0
DA:1440,0
DA:1441,0
DA:1442,0
DA:1443,0
DA:1444,0
DA:1445,0
DA:1446,0
DA:1448,0
DA:1449,0
DA:1450,0
DA:1452,0
DA:1453,0
DA:1461,0
DA:1462,0
DA:1463,0
DA:1464,0
DA:1465,0
DA:1466,0
DA:1468,0
DA:1469,0
DA:1470,0
DA:1474,0
DA:1475,0
DA:1478,0
DA:1480,0
DA:1481,0
DA:1488,0
DA:1489,0
DA:1493,0
DA:1494,0
DA:1495,0
DA:1496,0
DA:1497,0
DA:1499,0
DA:1500,0
DA:1501,0
DA:1504,0
DA:1505,0
DA:1511,0
DA:1514,0
DA:1528,0
DA:1529,0
DA:1541,0
DA:1548,0
DA:1549,0
DA:1551,0
DA:1552,0
DA:1559,0
DA:1560,0
DA:1561,0
DA:1564,0
DA:1589,0
DA:1596,0
DA:1597,0
DA:1598,0
DA:1605,0
DA:1606,0
DA:1607,0
DA:1608,0
DA:1613,0
DA:1616,0
DA:1617,0
DA:1621,0
DA:1622,0
DA:1624,0
DA:1627,0
DA:1630,0
DA:1636,0
DA:1637,0
DA:1638,0
DA:1639,0
DA:1644,0
DA:1645,0
DA:1648,0
DA:1651,0
DA:1652,0
DA:1653,0
DA:1668,0
DA:1686,0
DA:1687,0
DA:1699,0
DA:1704,0
DA:1705,0
DA:1707,0
DA:1708,0
DA:1715,0
DA:1718,0
DA:1731,0
DA:1732,0
DA:1740,0
DA:1741,0
DA:1748,0
DA:1749,0
DA:1757,0
DA:1758,0
DA:1759,0
DA:1760,0
DA:1763,0
DA:1766,0
DA:1769,0
DA:1776,0
DA:1784,0
DA:1794,0
DA:1807,0
DA:1808,0
DA:1820,0
DA:1825,0
DA:1826,0
DA:1828,0
DA:1829,0
DA:1836,0
DA:1839,0
DA:1843,0
DA:1844,0
DA:1852,0
DA:1873,0
DA:1874,0
DA:1875,0
DA:1876,0
DA:1877,0
DA:1878,0
DA:1880,0
DA:1881,0
DA:1885,0
DA:1900,0
DA:1901,0
DA:1902,0
DA:1903,0
DA:1904,0
DA:1906,0
DA:1910,0
DA:1911,0
DA:1912,0
DA:1915,0
DA:1916,0
DA:1917,0
DA:1918,0
DA:1919,0
DA:1921,0
DA:1922,0
DA:1923,0
DA:1927,0
DA:1928,0
DA:1929,0
DA:1932,0
DA:1944,0
DA:1946,0
DA:1954,0
DA:1955,0
DA:1963,0
DA:1964,0
DA:1965,0
DA:1966,0
DA:1969,0
DA:1972,0
DA:1979,0
DA:1981,0
DA:1986,0
DA:1991,0
DA:2007,0
DA:2008,0
DA:2009,0
DA:2010,0
DA:2013,0
DA:2014,0
DA:2017,0
DA:2024,0
DA:2032,0
DA:2036,0
DA:2042,0
DA:2053,0
DA:2064,0
DA:2065,0
DA:2079,0
DA:2083,0
DA:2084,0
DA:2085,0
DA:2087,0
DA:2088,0
DA:2095,0
DA:2119,0
DA:2120,0
DA:2127,0
DA:2129,0
DA:2145,0
DA:2161,0
DA:2162,0
DA:2174,0
DA:2178,0
DA:2179,0
DA:2180,0
DA:2182,0
DA:2183,0
DA:2190,0
DA:2194,0
DA:2195,0
DA:2202,0
DA:2207,0
DA:2212,0
DA:2213,0
DA:2225,0
DA:2229,0
DA:2230,0
DA:2231,0
DA:2233,0
DA:2234,0
DA:2241,0
DA:2256,0
DA:2257,0
DA:2264,0
DA:2290,0
DA:2291,0
LF:566
LH:0
BRDA:40,0,0,0
BRDA:54,1,0,0
BRDA:58,2,0,0
BRDA:58,2,1,0
BRDA:65,3,0,0
BRDA:101,4,0,0
BRDA:105,5,0,0
BRDA:118,6,0,0
BRDA:118,6,1,0
BRDA:139,7,0,0
BRDA:154,8,0,0
BRDA:164,9,0,0
BRDA:164,9,1,0
BRDA:165,10,0,0
BRDA:165,10,1,0
BRDA:166,11,0,0
BRDA:166,11,1,0
BRDA:167,12,0,0
BRDA:167,12,1,0
BRDA:168,13,0,0
BRDA:168,13,1,0
BRDA:169,14,0,0
BRDA:169,14,1,0
BRDA:170,15,0,0
BRDA:170,15,1,0
BRDA:174,16,0,0
BRDA:174,16,1,0
BRDA:181,17,0,0
BRDA:200,18,0,0
BRDA:200,18,1,0
BRDA:213,19,0,0
BRDA:213,19,1,0
BRDA:217,20,0,0
BRDA:217,20,1,0
BRDA:254,21,0,0
BRDA:269,22,0,0
BRDA:278,23,0,0
BRDA:292,24,0,0
BRDA:292,25,0,0
BRDA:292,25,1,0
BRDA:296,26,0,0
BRDA:296,27,0,0
BRDA:296,27,1,0
BRDA:300,28,0,0
BRDA:300,29,0,0
BRDA:300,29,1,0
BRDA:304,30,0,0
BRDA:304,31,0,0
BRDA:304,31,1,0
BRDA:317,32,0,0
BRDA:327,33,0,0
BRDA:347,34,0,0
BRDA:347,34,1,0
BRDA:360,35,0,0
BRDA:360,35,1,0
BRDA:406,36,0,0
BRDA:414,37,0,0
BRDA:414,37,1,0
BRDA:415,38,0,0
BRDA:415,38,1,0
BRDA:421,39,0,0
BRDA:425,40,0,0
BRDA:493,41,0,0
BRDA:506,42,0,0
BRDA:514,43,0,0
BRDA:527,44,0,0
BRDA:540,45,0,0
BRDA:540,45,1,0
BRDA:540,46,0,0
BRDA:540,46,1,0
BRDA:542,47,0,0
BRDA:542,47,1,0
BRDA:543,48,0,0
BRDA:543,48,1,0
BRDA:544,49,0,0
BRDA:544,49,1,0
BRDA:545,50,0,0
BRDA:545,50,1,0
BRDA:561,51,0,0
BRDA:561,51,1,0
BRDA:563,52,0,0
BRDA:563,52,1,0
BRDA:575,53,0,0
BRDA:575,53,1,0
BRDA:603,54,0,0
BRDA:603,54,1,0
BRDA:605,55,0,0
BRDA:605,55,1,0
BRDA:632,56,0,0
BRDA:648,57,0,0
BRDA:656,58,0,0
BRDA:667,59,0,0
BRDA:667,59,1,0
BRDA:716,60,0,0
BRDA:724,61,0,0
BRDA:724,62,0,0
BRDA:724,63,0,0
BRDA:731,64,0,0
BRDA:746,65,0,0
BRDA:750,66,0,0
BRDA:750,67,0,0
BRDA:750,67,1,0
BRDA:750,67,2,0
BRDA:757,68,0,0
BRDA:761,69,0,0
BRDA:771,70,0,0
BRDA:793,71,0,0
BRDA:793,71,1,0
BRDA:798,72,0,0
BRDA:798,72,1,0
BRDA:831,73,0,0
BRDA:839,74,0,0
BRDA:846,75,0,0
BRDA:854,76,0,0
BRDA:876,77,0,0
BRDA:905,78,0,0
BRDA:905,78,1,0
BRDA:908,79,0,0
BRDA:919,80,0,0
BRDA:919,80,1,0
BRDA:929,81,0,0
BRDA:929,81,1,0
BRDA:962,82,0,0
BRDA:970,83,0,0
BRDA:970,84,0,0
BRDA:977,85,0,0
BRDA:987,86,0,0
BRDA:987,86,1,0
BRDA:987,86,2,0
BRDA:987,86,3,0
BRDA:1017,87,0,0
BRDA:1035,88,0,0
BRDA:1035,88,1,0
BRDA:1057,89,0,0
BRDA:1057,89,1,0
BRDA:1065,90,0,0
BRDA:1065,90,1,0
BRDA:1065,90,2,0
BRDA:1065,90,3,0
BRDA:1106,91,0,0
BRDA:1106,91,1,0
BRDA:1106,91,2,0
BRDA:1106,91,3,0
BRDA:1122,92,0,0
BRDA:1122,92,1,0
BRDA:1122,92,2,0
BRDA:1122,92,3,0
BRDA:1150,93,0,0
BRDA:1165,94,0,0
BRDA:1181,95,0,0
BRDA:1190,96,0,0
BRDA:1190,96,1,0
BRDA:1199,97,0,0
BRDA:1199,97,1,0
BRDA:1212,98,0,0
BRDA:1212,98,1,0
BRDA:1257,99,0,0
BRDA:1265,100,0,0
BRDA:1265,100,1,0
BRDA:1266,101,0,0
BRDA:1266,101,1,0
BRDA:1271,102,0,0
BRDA:1275,103,0,0
BRDA:1279,104,0,0
BRDA:1323,105,0,0
BRDA:1323,105,1,0
BRDA:1364,106,0,0
BRDA:1372,107,0,0
BRDA:1377,108,0,0
BRDA:1377,108,1,0
BRDA:1379,109,0,0
BRDA:1385,110,0,0
BRDA:1388,111,0,0
BRDA:1411,112,0,0
BRDA:1411,112,1,0
BRDA:1415,113,0,0
BRDA:1415,113,1,0
BRDA:1416,114,0,0
BRDA:1416,114,1,0
BRDA:1423,115,0,0
BRDA:1423,115,1,0
BRDA:1424,116,0,0
BRDA:1429,117,0,0
BRDA:1435,118,0,0
BRDA:1435,118,1,0
BRDA:1443,119,0,0
BRDA:1443,119,1,0
BRDA:1444,120,0,0
BRDA:1444,120,1,0
BRDA:1444,121,0,0
BRDA:1444,121,1,0
BRDA:1445,122,0,0
BRDA:1450,123,0,0
BRDA:1456,124,0,0
BRDA:1456,124,1,0
BRDA:1463,125,0,0
BRDA:1465,126,0,0
BRDA:1470,127,0,0
BRDA:1483,128,0,0
BRDA:1483,128,1,0
BRDA:1486,129,0,0
BRDA:1486,129,1,0
BRDA:1488,130,0,0
BRDA:1488,130,1,0
BRDA:1496,131,0,0
BRDA:1501,132,0,0
BRDA:1509,133,0,0
BRDA:1509,133,1,0
BRDA:1551,134,0,0
BRDA:1559,135,0,0
BRDA:1559,135,1,0
BRDA:1560,136,0,0
BRDA:1560,136,1,0
BRDA:1597,137,0,0
BRDA:1607,138,0,0
BRDA:1616,139,0,0
BRDA:1638,140,0,0
BRDA:1655,141,0,0
BRDA:1655,141,1,0
BRDA:1656,142,0,0
BRDA:1656,142,1,0
BRDA:1657,143,0,0
BRDA:1657,143,1,0
BRDA:1658,144,0,0
BRDA:1658,144,1,0
BRDA:1659,145,0,0
BRDA:1659,145,1,0
BRDA:1660,146,0,0
BRDA:1660,146,1,0
BRDA:1663,147,0,0
BRDA:1663,147,1,0
BRDA:1664,148,0,0
BRDA:1664,148,1,0
BRDA:1707,149,0,0
BRDA:1715,150,0,0
BRDA:1724,151,0,0
BRDA:1724,151,1,0
BRDA:1725,152,0,0
BRDA:1725,152,1,0
BRDA:1731,153,0,0
BRDA:1748,154,0,0
BRDA:1766,155,0,0
BRDA:1766,155,1,0
BRDA:1772,156,0,0
BRDA:1772,156,1,0
BRDA:1788,157,0,0
BRDA:1788,157,1,0
BRDA:1828,158,0,0
BRDA:1836,159,0,0
BRDA:1843,160,0,0
BRDA:1875,161,0,0
BRDA:1877,162,0,0
BRDA:1901,163,0,0
BRDA:1903,164,0,0
BRDA:1911,165,0,0
BRDA:1911,165,1,0
BRDA:1917,166,0,0
BRDA:1917,166,1,0
BRDA:1918,167,0,0
BRDA:1923,168,0,0
BRDA:1928,169,0,0
BRDA:1928,169,1,0
BRDA:1944,170,0,0
BRDA:1954,171,0,0
BRDA:1981,172,0,0
BRDA:1981,172,1,0
BRDA:1995,173,0,0
BRDA:1995,173,1,0
BRDA:2014,174,0,0
BRDA:2014,174,1,0
BRDA:2046,175,0,0
BRDA:2046,175,1,0
BRDA:2056,176,0,0
BRDA:2056,176,1,0
BRDA:2057,177,0,0
BRDA:2057,177,1,0
BRDA:2087,178,0,0
BRDA:2119,179,0,0
BRDA:2127,180,0,0
BRDA:2127,180,1,0
BRDA:2150,181,0,0
BRDA:2150,181,1,0
BRDA:2152,182,0,0
BRDA:2152,182,1,0
BRDA:2153,183,0,0
BRDA:2153,183,1,0
BRDA:2182,184,0,0
BRDA:2194,185,0,0
BRDA:2233,186,0,0
BRDA:2256,187,0,0
BRDA:2275,188,0,0
BRDA:2275,188,1,0
BRDA:2279,189,0,0
BRDA:2279,189,1,0
BRDA:2280,190,0,0
BRDA:2280,190,1,0
BRDA:2284,191,0,0
BRDA:2284,191,1,0
BRF:298
BRH:0
end_of_record
TN:
SF:src\routes\knowledge-points.ts
FN:21,(anonymous_0)
FN:64,(anonymous_1)
FN:89,(anonymous_2)
FN:121,(anonymous_3)
FN:168,(anonymous_4)
FN:230,(anonymous_5)
FN:285,(anonymous_6)
FN:340,(anonymous_7)
FN:397,(anonymous_8)
FN:435,(anonymous_9)
FN:536,(anonymous_10)
FN:556,(anonymous_11)
FN:592,(anonymous_12)
FN:606,(anonymous_13)
FN:607,(anonymous_14)
FN:612,(anonymous_15)
FNF:16
FNH:0
FNDA:0,(anonymous_0)
FNDA:0,(anonymous_1)
FNDA:0,(anonymous_2)
FNDA:0,(anonymous_3)
FNDA:0,(anonymous_4)
FNDA:0,(anonymous_5)
FNDA:0,(anonymous_6)
FNDA:0,(anonymous_7)
FNDA:0,(anonymous_8)
FNDA:0,(anonymous_9)
FNDA:0,(anonymous_10)
FNDA:0,(anonymous_11)
FNDA:0,(anonymous_12)
FNDA:0,(anonymous_13)
FNDA:0,(anonymous_14)
FNDA:0,(anonymous_15)
DA:13,0
DA:17,0
DA:22,0
DA:23,0
DA:26,0
DA:27,0
DA:28,0
DA:30,0
DA:31,0
DA:35,0
DA:45,0
DA:50,0
DA:51,0
DA:60,0
DA:65,0
DA:66,0
DA:69,0
DA:89,0
DA:103,0
DA:108,0
DA:109,0
DA:118,0
DA:122,0
DA:123,0
DA:125,0
DA:140,0
DA:141,0
DA:147,0
DA:152,0
DA:153,0
DA:162,0
DA:169,0
DA:170,0
DA:173,0
DA:177,0
DA:178,0
DA:185,0
DA:199,0
DA:204,0
DA:207,0
DA:208,0
DA:214,0
DA:223,0
DA:231,0
DA:232,0
DA:233,0
DA:236,0
DA:240,0
DA:241,0
DA:248,0
DA:258,0
DA:263,0
DA:265,0
DA:266,0
DA:272,0
DA:281,0
DA:286,0
DA:287,0
DA:288,0
DA:292,0
DA:293,0
DA:294,0
DA:295,0
DA:297,0
DA:301,0
DA:314,0
DA:319,0
DA:321,0
DA:322,0
DA:328,0
DA:337,0
DA:341,0
DA:342,0
DA:345,0
DA:357,0
DA:358,0
DA:365,0
DA:366,0
DA:370,0
DA:374,0
DA:379,0
DA:381,0
DA:382,0
DA:388,0
DA:397,0
DA:398,0
DA:400,0
DA:417,0
DA:422,0
DA:423,0
DA:432,0
DA:436,0
DA:437,0
DA:440,0
DA:449,0
DA:450,0
DA:457,0
DA:468,0
DA:469,0
DA:470,0
DA:471,0
DA:472,0
DA:479,0
DA:489,0
DA:506,0
DA:511,0
DA:512,0
DA:528,0
DA:537,0
DA:538,0
DA:544,0
DA:548,0
DA:549,0
DA:556,0
DA:565,0
DA:569,0
DA:577,0
DA:578,0
DA:587,0
DA:593,0
DA:594,0
DA:600,0
DA:605,0
DA:606,0
DA:607,0
DA:609,0
DA:612,0
DA:617,0
DA:622,0
DA:630,0
DA:631,0
LF:131
LH:0
BRDA:27,0,0,0
BRDA:30,1,0,0
BRDA:66,2,0,0
BRDA:70,3,0,0
BRDA:70,3,1,0
BRDA:100,4,0,0
BRDA:100,4,1,0
BRDA:140,5,0,0
BRDA:170,6,0,0
BRDA:170,7,0,0
BRDA:177,8,0,0
BRDA:207,9,0,0
BRDA:240,10,0,0
BRDA:265,11,0,0
BRDA:292,12,0,0
BRDA:292,12,1,0
BRDA:294,13,0,0
BRDA:294,13,1,0
BRDA:321,14,0,0
BRDA:357,15,0,0
BRDA:365,16,0,0
BRDA:365,17,0,0
BRDA:365,17,1,0
BRDA:381,18,0,0
BRDA:449,19,0,0
BRDA:471,20,0,0
BRDA:548,21,0,0
BRDA:559,22,0,0
BRDA:559,22,1,0
BRDA:560,23,0,0
BRDA:560,23,1,0
BRDA:561,24,0,0
BRDA:561,24,1,0
BRDA:605,25,0,0
BRF:34
BRH:0
end_of_record
TN:
SF:src\routes\knowledge-relations.ts
FN:27,(anonymous_0)
FN:81,(anonymous_1)
FN:82,(anonymous_2)
FN:89,(anonymous_3)
FN:90,(anonymous_4)
FN:98,(anonymous_5)
FN:118,(anonymous_6)
FN:119,(anonymous_7)
FN:162,(anonymous_8)
FN:207,(anonymous_9)
FN:301,(anonymous_10)
FN:370,(anonymous_11)
FN:413,(anonymous_12)
FN:485,(anonymous_13)
FN:525,(anonymous_14)
FNF:15
FNH:0
FNDA:0,(anonymous_0)
FNDA:0,(anonymous_1)
FNDA:0,(anonymous_2)
FNDA:0,(anonymous_3)
FNDA:0,(anonymous_4)
FNDA:0,(anonymous_5)
FNDA:0,(anonymous_6)
FNDA:0,(anonymous_7)
FNDA:0,(anonymous_8)
FNDA:0,(anonymous_9)
FNDA:0,(anonymous_10)
FNDA:0,(anonymous_11)
FNDA:0,(anonymous_12)
FNDA:0,(anonymous_13)
FNDA:0,(anonymous_14)
DA:15,0
DA:19,0
DA:23,0
DA:28,0
DA:29,0
DA:30,0
DA:33,0
DA:42,0
DA:43,0
DA:50,0
DA:65,0
DA:80,0
DA:81,0
DA:82,0
DA:88,0
DA:89,0
DA:90,0
DA:97,0
DA:98,0
DA:100,0
DA:101,0
DA:118,0
DA:119,0
DA:120,0
DA:130,0
DA:142,0
DA:147,0
DA:148,0
DA:157,0
DA:163,0
DA:164,0
DA:165,0
DA:166,0
DA:168,0
DA:169,0
DA:170,0
DA:171,0
DA:173,0
DA:186,0
DA:191,0
DA:192,0
DA:201,0
DA:208,0
DA:209,0
DA:212,0
DA:216,0
DA:217,0
DA:224,0
DA:228,0
DA:229,0
DA:236,0
DA:237,0
DA:244,0
DA:254,0
DA:255,0
DA:262,0
DA:279,0
DA:284,0
DA:285,0
DA:294,0
DA:302,0
DA:303,0
DA:305,0
DA:306,0
DA:309,0
DA:310,0
DA:312,0
DA:313,0
DA:314,0
DA:318,0
DA:328,0
DA:329,0
DA:330,0
DA:333,0
DA:342,0
DA:344,0
DA:348,0
DA:357,0
DA:358,0
DA:367,0
DA:371,0
DA:372,0
DA:374,0
DA:386,0
DA:387,0
DA:393,0
DA:398,0
DA:399,0
DA:408,0
DA:414,0
DA:415,0
DA:416,0
DA:419,0
DA:423,0
DA:424,0
DA:431,0
DA:432,0
DA:442,0
DA:443,0
DA:451,0
DA:467,0
DA:472,0
DA:473,0
DA:482,0
DA:486,0
DA:487,0
DA:490,0
DA:494,0
DA:495,0
DA:502,0
DA:506,0
DA:511,0
DA:512,0
DA:521,0
DA:526,0
DA:527,0
DA:530,0
DA:536,0
DA:544,0
DA:545,0
LF:120
LH:0
BRDA:30,0,0,0
BRDA:30,0,1,0
BRDA:42,1,0,0
BRDA:97,2,0,0
BRDA:100,3,0,0
BRDA:119,4,0,0
BRDA:169,5,0,0
BRDA:170,6,0,0
BRDA:171,7,0,0
BRDA:209,8,0,0
BRDA:216,9,0,0
BRDA:228,10,0,0
BRDA:236,11,0,0
BRDA:254,12,0,0
BRDA:312,13,0,0
BRDA:328,14,0,0
BRDA:338,15,0,0
BRDA:338,15,1,0
BRDA:386,16,0,0
BRDA:423,17,0,0
BRDA:431,18,0,0
BRDA:431,19,0,0
BRDA:431,19,1,0
BRDA:442,20,0,0
BRDA:454,21,0,0
BRDA:454,21,1,0
BRDA:455,22,0,0
BRDA:455,22,1,0
BRDA:494,23,0,0
BRF:29
BRH:0
end_of_record
TN:
SF:src\routes\mistakes.ts
FN:15,(anonymous_0)
FN:79,(anonymous_1)
FN:139,(anonymous_2)
FN:220,(anonymous_3)
FN:254,(anonymous_4)
FN:279,(anonymous_5)
FN:306,(anonymous_6)
FN:339,(anonymous_7)
FN:348,(anonymous_8)
FN:356,(anonymous_9)
FNF:10
FNH:0
FNDA:0,(anonymous_0)
FNDA:0,(anonymous_1)
FNDA:0,(anonymous_2)
FNDA:0,(anonymous_3)
FNDA:0,(anonymous_4)
FNDA:0,(anonymous_5)
FNDA:0,(anonymous_6)
FNDA:0,(anonymous_7)
FNDA:0,(anonymous_8)
FNDA:0,(anonymous_9)
DA:6,0
DA:9,0
DA:16,0
DA:17,0
DA:19,0
DA:21,0
DA:22,0
DA:25,0
DA:26,0
DA:29,0
DA:30,0
DA:31,0
DA:32,0
DA:34,0
DA:35,0
DA:39,0
DA:62,0
DA:67,0
DA:68,0
DA:76,0
DA:80,0
DA:81,0
DA:83,0
DA:109,0
DA:110,0
DA:114,0
DA:117,0
DA:122,0
DA:123,0
DA:131,0
DA:140,0
DA:141,0
DA:144,0
DA:148,0
DA:149,0
DA:153,0
DA:157,0
DA:161,0
DA:162,0
DA:166,0
DA:169,0
DA:195,0
DA:203,0
DA:208,0
DA:209,0
DA:217,0
DA:221,0
DA:222,0
DA:224,0
DA:228,0
DA:229,0
DA:233,0
DA:236,0
DA:240,0
DA:245,0
DA:246,0
DA:254,0
DA:255,0
DA:256,0
DA:259,0
DA:260,0
DA:261,0
DA:264,0
DA:279,0
DA:281,0
DA:305,0
DA:306,0
DA:310,0
DA:338,0
DA:339,0
DA:341,0
DA:342,0
DA:343,0
DA:348,0
DA:349,0
DA:350,0
DA:351,0
DA:352,0
DA:356,0
DA:372,0
DA:377,0
DA:378,0
LF:82
LH:0
BRDA:21,0,0,0
BRDA:25,1,0,0
BRDA:29,2,0,0
BRDA:29,3,0,0
BRDA:29,3,1,0
BRDA:31,4,0,0
BRDA:34,5,0,0
BRDA:109,6,0,0
BRDA:148,7,0,0
BRDA:161,8,0,0
BRDA:176,9,0,0
BRDA:176,9,1,0
BRDA:228,10,0,0
BRDA:260,11,0,0
BRDA:342,12,0,0
BRDA:351,13,0,0
BRDA:361,14,0,0
BRDA:361,14,1,0
BRF:18
BRH:0
end_of_record
TN:
SF:src\routes\progress.ts
FN:14,(anonymous_0)
FN:48,(anonymous_1)
FN:53,(anonymous_2)
FN:55,(anonymous_3)
FN:137,(anonymous_4)
FN:210,(anonymous_5)
FN:272,(anonymous_6)
FN:296,(anonymous_7)
FN:337,(anonymous_8)
FN:339,(anonymous_9)
FN:388,(anonymous_10)
FN:432,(anonymous_11)
FN:500,(anonymous_12)
FN:519,(anonymous_13)
FN:520,(anonymous_14)
FN:522,(anonymous_15)
FN:522,(anonymous_16)
FN:539,(anonymous_17)
FN:540,(anonymous_18)
FNF:19
FNH:0
FNDA:0,(anonymous_0)
FNDA:0,(anonymous_1)
FNDA:0,(anonymous_2)
FNDA:0,(anonymous_3)
FNDA:0,(anonymous_4)
FNDA:0,(anonymous_5)
FNDA:0,(anonymous_6)
FNDA:0,(anonymous_7)
FNDA:0,(anonymous_8)
FNDA:0,(anonymous_9)
FNDA:0,(anonymous_10)
FNDA:0,(anonymous_11)
FNDA:0,(anonymous_12)
FNDA:0,(anonymous_13)
FNDA:0,(anonymous_14)
FNDA:0,(anonymous_15)
FNDA:0,(anonymous_16)
FNDA:0,(anonymous_17)
FNDA:0,(anonymous_18)
DA:7,0
DA:11,0
DA:15,0
DA:16,0
DA:19,0
DA:38,0
DA:39,0
DA:47,0
DA:48,0
DA:51,0
DA:52,0
DA:53,0
DA:54,0
DA:55,0
DA:56,0
DA:59,0
DA:60,0
DA:61,0
DA:62,0
DA:63,0
DA:65,0
DA:68,0
DA:69,0
DA:71,0
DA:74,0
DA:87,0
DA:90,0
DA:91,0
DA:92,0
DA:93,0
DA:94,0
DA:95,0
DA:96,0
DA:98,0
DA:102,0
DA:103,0
DA:105,0
DA:121,0
DA:122,0
DA:132,0
DA:138,0
DA:139,0
DA:140,0
DA:143,0
DA:147,0
DA:148,0
DA:156,0
DA:179,0
DA:196,0
DA:197,0
DA:207,0
DA:211,0
DA:212,0
DA:215,0
DA:239,0
DA:240,0
DA:248,0
DA:254,0
DA:272,0
DA:282,0
DA:283,0
DA:293,0
DA:297,0
DA:298,0
DA:301,0
DA:313,0
DA:314,0
DA:330,0
DA:332,0
DA:333,0
DA:334,0
DA:337,0
DA:338,0
DA:339,0
DA:340,0
DA:342,0
DA:343,0
DA:346,0
DA:347,0
DA:348,0
DA:349,0
DA:350,0
DA:352,0
DA:355,0
DA:367,0
DA:369,0
DA:380,0
DA:381,0
DA:382,0
DA:383,0
DA:384,0
DA:386,0
DA:387,0
DA:388,0
DA:391,0
DA:393,0
DA:404,0
DA:416,0
DA:417,0
DA:427,0
DA:433,0
DA:434,0
DA:435,0
DA:438,0
DA:442,0
DA:443,0
DA:451,0
DA:453,0
DA:463,0
DA:465,0
DA:470,0
DA:476,0
DA:489,0
DA:490,0
DA:500,0
DA:501,0
DA:503,0
DA:519,0
DA:520,0
DA:521,0
DA:522,0
DA:525,0
DA:527,0
DA:539,0
DA:540,0
DA:541,0
DA:543,0
DA:554,0
DA:555,0
LF:129
LH:0
BRDA:38,0,0,0
BRDA:56,1,0,0
BRDA:56,1,1,0
BRDA:59,2,0,0
BRDA:59,2,1,0
BRDA:62,3,0,0
BRDA:62,3,1,0
BRDA:68,4,0,0
BRDA:68,4,1,0
BRDA:87,5,0,0
BRDA:87,5,1,0
BRDA:91,6,0,0
BRDA:91,6,1,0
BRDA:93,7,0,0
BRDA:93,7,1,0
BRDA:95,8,0,0
BRDA:95,8,1,0
BRDA:147,9,0,0
BRDA:160,10,0,0
BRDA:160,10,1,0
BRDA:239,11,0,0
BRDA:313,12,0,0
BRDA:340,13,0,0
BRDA:340,13,1,0
BRDA:346,14,0,0
BRDA:346,14,1,0
BRDA:349,15,0,0
BRDA:349,15,1,0
BRDA:367,16,0,0
BRDA:367,16,1,0
BRDA:375,17,0,0
BRDA:375,17,1,0
BRDA:375,18,0,0
BRDA:375,18,1,0
BRDA:380,19,0,0
BRDA:391,20,0,0
BRDA:391,20,1,0
BRDA:399,21,0,0
BRDA:399,21,1,0
BRDA:399,22,0,0
BRDA:399,22,1,0
BRDA:442,23,0,0
BRDA:457,24,0,0
BRDA:457,24,1,0
BRDA:457,25,0,0
BRDA:457,25,1,0
BRDA:463,26,0,0
BRDA:470,27,0,0
BRDA:484,28,0,0
BRDA:484,28,1,0
BRDA:525,29,0,0
BRDA:525,29,1,0
BRDA:541,30,0,0
BRDA:541,30,1,0
BRF:54
BRH:0
end_of_record
TN:
SF:src\routes\questions.ts
FN:20,formatQuestion
FN:59,(anonymous_1)
FN:88,(anonymous_2)
FN:113,(anonymous_3)
FN:122,(anonymous_4)
FN:146,(anonymous_5)
FN:226,(anonymous_6)
FN:285,(anonymous_7)
FN:424,(anonymous_8)
FN:511,(anonymous_9)
FN:586,(anonymous_10)
FNF:11
FNH:0
FNDA:0,formatQuestion
FNDA:0,(anonymous_1)
FNDA:0,(anonymous_2)
FNDA:0,(anonymous_3)
FNDA:0,(anonymous_4)
FNDA:0,(anonymous_5)
FNDA:0,(anonymous_6)
FNDA:0,(anonymous_7)
FNDA:0,(anonymous_8)
FNDA:0,(anonymous_9)
FNDA:0,(anonymous_10)
DA:8,0
DA:21,0
DA:59,0
DA:60,0
DA:61,0
DA:63,0
DA:64,0
DA:71,0
DA:72,0
DA:74,0
DA:75,0
DA:77,0
DA:87,0
DA:88,0
DA:104,0
DA:112,0
DA:113,0
DA:122,0
DA:124,0
DA:125,0
DA:126,0
DA:129,0
DA:130,0
DA:136,0
DA:147,0
DA:148,0
DA:151,0
DA:152,0
DA:153,0
DA:154,0
DA:155,0
DA:156,0
DA:157,0
DA:158,0
DA:159,0
DA:162,0
DA:164,0
DA:165,0
DA:166,0
DA:167,0
DA:168,0
DA:169,0
DA:170,0
DA:178,0
DA:199,0
DA:212,0
DA:213,0
DA:223,0
DA:227,0
DA:228,0
DA:230,0
DA:245,0
DA:246,0
DA:253,0
DA:258,0
DA:259,0
DA:269,0
DA:286,0
DA:287,0
DA:289,0
DA:290,0
DA:311,0
DA:314,0
DA:318,0
DA:319,0
DA:327,0
DA:328,0
DA:332,0
DA:333,0
DA:341,0
DA:342,0
DA:351,0
DA:352,0
DA:356,0
DA:357,0
DA:366,0
DA:396,0
DA:401,0
DA:402,0
DA:412,0
DA:425,0
DA:426,0
DA:427,0
DA:429,0
DA:430,0
DA:438,0
DA:442,0
DA:443,0
DA:460,0
DA:463,0
DA:465,0
DA:466,0
DA:467,0
DA:468,0
DA:469,0
DA:470,0
DA:471,0
DA:472,0
DA:473,0
DA:476,0
DA:492,0
DA:497,0
DA:498,0
DA:508,0
DA:512,0
DA:513,0
DA:514,0
DA:516,0
DA:517,0
DA:525,0
DA:529,0
DA:530,0
DA:538,0
DA:542,0
DA:544,0
DA:549,0
DA:559,0
DA:563,0
DA:571,0
DA:572,0
DA:582,0
DA:587,0
DA:588,0
DA:590,0
DA:591,0
DA:598,0
DA:601,0
DA:605,0
DA:606,0
DA:613,0
DA:614,0
DA:615,0
DA:618,0
DA:619,0
DA:621,0
DA:623,0
DA:624,0
DA:625,0
DA:629,0
DA:630,0
DA:631,0
DA:632,0
DA:636,0
DA:655,0
DA:657,0
DA:661,0
DA:675,0
DA:676,0
LF:148
LH:0
BRDA:28,0,0,0
BRDA:28,0,1,0
BRDA:29,1,0,0
BRDA:29,1,1,0
BRDA:34,2,0,0
BRDA:34,2,1,0
BRDA:42,3,0,0
BRDA:42,3,1,0
BRDA:46,4,0,0
BRDA:46,4,1,0
BRDA:50,5,0,0
BRDA:50,5,1,0
BRDA:63,6,0,0
BRDA:72,7,0,0
BRDA:72,7,1,0
BRDA:75,8,0,0
BRDA:87,9,0,0
BRDA:87,9,1,0
BRDA:91,10,0,0
BRDA:91,10,1,0
BRDA:97,11,0,0
BRDA:97,11,1,0
BRDA:118,12,0,0
BRDA:118,12,1,0
BRDA:119,13,0,0
BRDA:119,13,1,0
BRDA:120,14,0,0
BRDA:120,14,1,0
BRDA:154,15,0,0
BRDA:154,15,1,0
BRDA:157,16,0,0
BRDA:157,16,1,0
BRDA:158,17,0,0
BRDA:158,17,1,0
BRDA:164,18,0,0
BRDA:165,19,0,0
BRDA:166,20,0,0
BRDA:167,21,0,0
BRDA:168,22,0,0
BRDA:169,23,0,0
BRDA:245,24,0,0
BRDA:289,25,0,0
BRDA:306,26,0,0
BRDA:307,27,0,0
BRDA:318,28,0,0
BRDA:327,29,0,0
BRDA:332,30,0,0
BRDA:341,31,0,0
BRDA:351,32,0,0
BRDA:356,33,0,0
BRDA:369,34,0,0
BRDA:369,34,1,0
BRDA:370,35,0,0
BRDA:370,35,1,0
BRDA:373,36,0,0
BRDA:373,36,1,0
BRDA:375,37,0,0
BRDA:375,37,1,0
BRDA:378,38,0,0
BRDA:378,38,1,0
BRDA:379,39,0,0
BRDA:379,39,1,0
BRDA:380,40,0,0
BRDA:380,40,1,0
BRDA:429,41,0,0
BRDA:442,42,0,0
BRDA:465,43,0,0
BRDA:466,44,0,0
BRDA:467,45,0,0
BRDA:468,46,0,0
BRDA:469,47,0,0
BRDA:470,48,0,0
BRDA:471,49,0,0
BRDA:472,50,0,0
BRDA:473,51,0,0
BRDA:516,52,0,0
BRDA:529,53,0,0
BRDA:542,54,0,0
BRDA:590,55,0,0
BRDA:605,56,0,0
BRDA:623,57,0,0
BRDA:623,58,0,0
BRDA:623,58,1,0
BRDA:623,58,2,0
BRDA:630,59,0,0
BRDA:639,60,0,0
BRDA:639,60,1,0
BRDA:640,61,0,0
BRDA:640,61,1,0
BRDA:643,62,0,0
BRDA:643,62,1,0
BRDA:645,63,0,0
BRDA:645,63,1,0
BRDA:646,64,0,0
BRDA:646,64,1,0
BRDA:647,65,0,0
BRDA:647,65,1,0
BRDA:648,66,0,0
BRDA:648,66,1,0
BRDA:649,67,0,0
BRDA:649,67,1,0
BRDA:650,68,0,0
BRDA:650,68,1,0
BRF:103
BRH:0
end_of_record
TN:
SF:src\routes\recommendation.ts
FN:16,calculateRecommendationScore
FN:103,getUserLearningStats
FN:122,(anonymous_2)
FN:123,(anonymous_3)
FN:124,(anonymous_4)
FN:125,(anonymous_5)
FN:132,(anonymous_6)
FN:168,(anonymous_7)
FN:186,(anonymous_8)
FN:192,(anonymous_9)
FN:207,(anonymous_10)
FN:208,(anonymous_11)
FN:245,(anonymous_12)
FN:290,(anonymous_13)
FN:305,(anonymous_14)
FN:312,(anonymous_15)
FN:337,(anonymous_16)
FN:346,(anonymous_17)
FN:362,(anonymous_18)
FN:363,(anonymous_19)
FN:366,(anonymous_20)
FN:398,(anonymous_21)
FN:456,(anonymous_22)
FN:457,(anonymous_23)
FN:458,(anonymous_24)
FN:504,(anonymous_25)
FN:508,(anonymous_26)
FN:529,(anonymous_27)
FN:573,(anonymous_28)
FN:660,(anonymous_29)
FN:688,(anonymous_30)
FN:699,(anonymous_31)
FN:706,(anonymous_32)
FNF:33
FNH:0
FNDA:0,calculateRecommendationScore
FNDA:0,getUserLearningStats
FNDA:0,(anonymous_2)
FNDA:0,(anonymous_3)
FNDA:0,(anonymous_4)
FNDA:0,(anonymous_5)
FNDA:0,(anonymous_6)
FNDA:0,(anonymous_7)
FNDA:0,(anonymous_8)
FNDA:0,(anonymous_9)
FNDA:0,(anonymous_10)
FNDA:0,(anonymous_11)
FNDA:0,(anonymous_12)
FNDA:0,(anonymous_13)
FNDA:0,(anonymous_14)
FNDA:0,(anonymous_15)
FNDA:0,(anonymous_16)
FNDA:0,(anonymous_17)
FNDA:0,(anonymous_18)
FNDA:0,(anonymous_19)
FNDA:0,(anonymous_20)
FNDA:0,(anonymous_21)
FNDA:0,(anonymous_22)
FNDA:0,(anonymous_23)
FNDA:0,(anonymous_24)
FNDA:0,(anonymous_25)
FNDA:0,(anonymous_26)
FNDA:0,(anonymous_27)
FNDA:0,(anonymous_28)
FNDA:0,(anonymous_29)
FNDA:0,(anonymous_30)
FNDA:0,(anonymous_31)
FNDA:0,(anonymous_32)
DA:8,0
DA:20,0
DA:37,0
DA:38,0
DA:41,0
DA:42,0
DA:45,0
DA:46,0
DA:47,0
DA:48,0
DA:49,0
DA:50,0
DA:54,0
DA:55,0
DA:56,0
DA:60,0
DA:63,0
DA:64,0
DA:65,0
DA:66,0
DA:67,0
DA:68,0
DA:69,0
DA:70,0
DA:71,0
DA:75,0
DA:76,0
DA:77,0
DA:81,0
DA:82,0
DA:83,0
DA:87,0
DA:88,0
DA:89,0
DA:90,0
DA:91,0
DA:94,0
DA:110,0
DA:111,0
DA:119,0
DA:120,0
DA:122,0
DA:123,0
DA:124,0
DA:125,0
DA:127,0
DA:132,0
DA:133,0
DA:134,0
DA:135,0
DA:136,0
DA:139,0
DA:154,0
DA:155,0
DA:167,0
DA:169,0
DA:170,0
DA:186,0
DA:189,0
DA:192,0
DA:206,0
DA:207,0
DA:208,0
DA:210,0
DA:211,0
DA:213,0
DA:214,0
DA:218,0
DA:220,0
DA:231,0
DA:232,0
DA:242,0
DA:246,0
DA:247,0
DA:250,0
DA:254,0
DA:255,0
DA:263,0
DA:278,0
DA:279,0
DA:287,0
DA:290,0
DA:295,0
DA:296,0
DA:297,0
DA:298,0
DA:300,0
DA:304,0
DA:306,0
DA:307,0
DA:310,0
DA:311,0
DA:312,0
DA:313,0
DA:314,0
DA:315,0
DA:319,0
DA:337,0
DA:338,0
DA:339,0
DA:340,0
DA:341,0
DA:342,0
DA:346,0
DA:361,0
DA:362,0
DA:363,0
DA:366,0
DA:368,0
DA:384,0
DA:385,0
DA:395,0
DA:399,0
DA:400,0
DA:403,0
DA:419,0
DA:420,0
DA:428,0
DA:437,0
DA:446,0
DA:455,0
DA:456,0
DA:457,0
DA:458,0
DA:460,0
DA:479,0
DA:482,0
DA:483,0
DA:493,0
DA:494,0
DA:504,0
DA:505,0
DA:506,0
DA:508,0
DA:517,0
DA:518,0
DA:529,0
DA:531,0
DA:552,0
DA:553,0
DA:563,0
DA:574,0
DA:575,0
DA:577,0
DA:578,0
DA:585,0
DA:588,0
DA:591,0
DA:593,0
DA:597,0
DA:598,0
DA:599,0
DA:600,0
DA:601,0
DA:602,0
DA:604,0
DA:616,0
DA:617,0
DA:619,0
DA:620,0
DA:622,0
DA:623,0
DA:625,0
DA:626,0
DA:628,0
DA:629,0
DA:631,0
DA:632,0
DA:635,0
DA:646,0
DA:647,0
DA:657,0
DA:661,0
DA:662,0
DA:665,0
DA:687,0
DA:688,0
DA:699,0
DA:702,0
DA:706,0
DA:721,0
DA:722,0
LF:182
LH:0
BRDA:37,0,0,0
BRDA:45,1,0,0
BRDA:45,1,1,0
BRDA:48,2,0,0
BRDA:55,3,0,0
BRDA:63,4,0,0
BRDA:63,4,1,0
BRDA:66,5,0,0
BRDA:66,5,1,0
BRDA:69,6,0,0
BRDA:75,7,0,0
BRDA:81,8,0,0
BRDA:87,9,0,0
BRDA:87,9,1,0
BRDA:90,10,0,0
BRDA:110,11,0,0
BRDA:154,12,0,0
BRDA:200,13,0,0
BRDA:200,13,1,0
BRDA:201,14,0,0
BRDA:201,14,1,0
BRDA:201,15,0,0
BRDA:201,15,1,0
BRDA:202,16,0,0
BRDA:202,16,1,0
BRDA:207,17,0,0
BRDA:207,17,1,0
BRDA:210,18,0,0
BRDA:213,19,0,0
BRDA:225,20,0,0
BRDA:225,20,1,0
BRDA:254,21,0,0
BRDA:278,22,0,0
BRDA:297,23,0,0
BRDA:307,24,0,0
BRDA:307,24,1,0
BRDA:313,25,0,0
BRDA:313,26,0,0
BRDA:313,26,1,0
BRDA:331,27,0,0
BRDA:331,27,1,0
BRDA:338,28,0,0
BRDA:338,29,0,0
BRDA:338,29,1,0
BRDA:339,30,0,0
BRDA:339,31,0,0
BRDA:339,31,1,0
BRDA:340,32,0,0
BRDA:340,33,0,0
BRDA:340,33,1,0
BRDA:341,34,0,0
BRDA:341,35,0,0
BRDA:341,35,1,0
BRDA:348,36,0,0
BRDA:348,36,1,0
BRDA:354,37,0,0
BRDA:354,37,1,0
BRDA:355,38,0,0
BRDA:355,38,1,0
BRDA:356,39,0,0
BRDA:356,39,1,0
BRDA:363,40,0,0
BRDA:363,40,1,0
BRDA:419,41,0,0
BRDA:505,42,0,0
BRDA:505,43,0,0
BRDA:505,43,1,0
BRDA:577,44,0,0
BRDA:591,45,0,0
BRDA:591,46,0,0
BRDA:591,46,1,0
BRDA:597,47,0,0
BRDA:600,48,0,0
BRDA:600,48,1,0
BRDA:601,49,0,0
BRDA:601,49,1,0
BRDA:602,50,0,0
BRDA:617,51,0,0
BRDA:617,51,1,0
BRDA:617,51,2,0
BRDA:617,51,3,0
BRDA:617,51,4,0
BRDA:662,52,0,0
BRDA:662,52,1,0
BRF:84
BRH:0
end_of_record
TN:
SF:src\routes\reminder.ts
FN:15,formatReminderTime
FN:24,shouldTriggerReminder
FN:82,(anonymous_2)
FN:178,(anonymous_3)
FN:213,(anonymous_4)
FN:250,(anonymous_5)
FN:282,(anonymous_6)
FN:296,(anonymous_7)
FN:297,(anonymous_8)
FN:298,(anonymous_9)
FN:299,(anonymous_10)
FN:325,(anonymous_11)
FN:403,(anonymous_12)
FN:489,(anonymous_13)
FN:544,(anonymous_14)
FN:659,(anonymous_15)
FNF:16
FNH:0
FNDA:0,formatReminderTime
FNDA:0,shouldTriggerReminder
FNDA:0,(anonymous_2)
FNDA:0,(anonymous_3)
FNDA:0,(anonymous_4)
FNDA:0,(anonymous_5)
FNDA:0,(anonymous_6)
FNDA:0,(anonymous_7)
FNDA:0,(anonymous_8)
FNDA:0,(anonymous_9)
FNDA:0,(anonymous_10)
FNDA:0,(anonymous_11)
FNDA:0,(anonymous_12)
FNDA:0,(anonymous_13)
FNDA:0,(anonymous_14)
FNDA:0,(anonymous_15)
DA:8,0
DA:16,0
DA:17,0
DA:18,0
DA:28,0
DA:29,0
DA:32,0
DA:33,0
DA:36,0
DA:37,0
DA:38,0
DA:39,0
DA:42,0
DA:47,0
DA:83,0
DA:84,0
DA:86,0
DA:87,0
DA:94,0
DA:97,0
DA:98,0
DA:99,0
DA:107,0
DA:108,0
DA:112,0
DA:113,0
DA:122,0
DA:135,0
DA:149,0
DA:150,0
DA:160,0
DA:179,0
DA:180,0
DA:182,0
DA:183,0
DA:190,0
DA:191,0
DA:192,0
DA:193,0
DA:194,0
DA:197,0
DA:198,0
DA:199,0
DA:202,0
DA:213,0
DA:226,0
DA:239,0
DA:240,0
DA:250,0
DA:251,0
DA:252,0
DA:254,0
DA:255,0
DA:262,0
DA:263,0
DA:265,0
DA:266,0
DA:269,0
DA:282,0
DA:294,0
DA:296,0
DA:297,0
DA:298,0
DA:299,0
DA:302,0
DA:311,0
DA:312,0
DA:322,0
DA:326,0
DA:327,0
DA:328,0
DA:330,0
DA:331,0
DA:338,0
DA:345,0
DA:346,0
DA:353,0
DA:369,0
DA:370,0
DA:380,0
DA:404,0
DA:405,0
DA:406,0
DA:408,0
DA:409,0
DA:417,0
DA:424,0
DA:425,0
DA:432,0
DA:435,0
DA:437,0
DA:438,0
DA:439,0
DA:440,0
DA:441,0
DA:442,0
DA:443,0
DA:449,0
DA:451,0
DA:452,0
DA:456,0
DA:461,0
DA:475,0
DA:476,0
DA:486,0
DA:490,0
DA:491,0
DA:492,0
DA:494,0
DA:495,0
DA:503,0
DA:510,0
DA:511,0
DA:519,0
DA:523,0
DA:530,0
DA:531,0
DA:541,0
DA:545,0
DA:546,0
DA:547,0
DA:549,0
DA:550,0
DA:558,0
DA:565,0
DA:566,0
DA:573,0
DA:574,0
DA:582,0
DA:591,0
DA:592,0
DA:593,0
DA:595,0
DA:596,0
DA:598,0
DA:600,0
DA:601,0
DA:603,0
DA:604,0
DA:606,0
DA:607,0
DA:609,0
DA:613,0
DA:624,0
DA:628,0
DA:640,0
DA:641,0
DA:651,0
DA:660,0
DA:661,0
DA:663,0
DA:664,0
DA:671,0
DA:674,0
DA:681,0
DA:689,0
DA:690,0
LF:157
LH:0
BRDA:28,0,0,0
BRDA:36,1,0,0
BRDA:86,2,0,0
BRDA:98,3,0,0
BRDA:107,4,0,0
BRDA:112,5,0,0
BRDA:125,6,0,0
BRDA:125,6,1,0
BRDA:128,7,0,0
BRDA:128,7,1,0
BRDA:130,8,0,0
BRDA:130,8,1,0
BRDA:143,9,0,0
BRDA:143,9,1,0
BRDA:182,10,0,0
BRDA:192,11,0,0
BRDA:192,11,1,0
BRDA:193,12,0,0
BRDA:193,12,1,0
BRDA:198,13,0,0
BRDA:199,14,0,0
BRDA:220,15,0,0
BRDA:220,15,1,0
BRDA:254,16,0,0
BRDA:289,17,0,0
BRDA:289,17,1,0
BRDA:330,18,0,0
BRDA:345,19,0,0
BRDA:362,20,0,0
BRDA:362,20,1,0
BRDA:408,21,0,0
BRDA:424,22,0,0
BRDA:437,23,0,0
BRDA:438,24,0,0
BRDA:439,25,0,0
BRDA:440,26,0,0
BRDA:442,27,0,0
BRDA:451,28,0,0
BRDA:470,29,0,0
BRDA:470,29,1,0
BRDA:494,30,0,0
BRDA:510,31,0,0
BRDA:549,32,0,0
BRDA:565,33,0,0
BRDA:573,34,0,0
BRDA:592,35,0,0
BRDA:595,36,0,0
BRDA:598,37,0,0
BRDA:598,37,1,0
BRDA:598,37,2,0
BRDA:608,38,0,0
BRDA:608,38,1,0
BRDA:636,39,0,0
BRDA:636,39,1,0
BRDA:663,40,0,0
BRF:55
BRH:0
end_of_record
TN:
SF:src\routes\review.ts
FN:22,(anonymous_0)
FN:79,(anonymous_1)
FN:84,(anonymous_2)
FN:89,(anonymous_3)
FN:94,(anonymous_4)
FN:95,(anonymous_5)
FN:143,(anonymous_6)
FN:181,(anonymous_7)
FN:199,(anonymous_8)
FN:229,(anonymous_9)
FN:274,(anonymous_10)
FN:330,(anonymous_11)
FN:374,(anonymous_12)
FN:407,(anonymous_13)
FN:505,(anonymous_14)
FN:534,(anonymous_15)
FN:535,(anonymous_16)
FN:538,(anonymous_17)
FN:544,(anonymous_18)
FN:566,(anonymous_19)
FN:592,(anonymous_20)
FN:626,(anonymous_21)
FN:627,(anonymous_22)
FN:628,(anonymous_23)
FN:629,(anonymous_24)
FN:630,(anonymous_25)
FN:638,(anonymous_26)
FN:639,(anonymous_27)
FN:643,(anonymous_28)
FN:657,(anonymous_29)
FN:658,(anonymous_30)
FN:675,(anonymous_31)
FN:676,(anonymous_32)
FN:703,(anonymous_33)
FN:762,(anonymous_34)
FN:841,(anonymous_35)
FN:895,(anonymous_36)
FN:936,(anonymous_37)
FN:937,(anonymous_38)
FN:941,(anonymous_39)
FN:942,(anonymous_40)
FN:946,(anonymous_41)
FN:947,(anonymous_42)
FN:968,(anonymous_43)
FN:982,(anonymous_44)
FN:985,(anonymous_45)
FN:986,(anonymous_46)
FN:1040,(anonymous_47)
FN:1108,(anonymous_48)
FN:1109,(anonymous_49)
FN:1111,(anonymous_50)
FNF:51
FNH:0
FNDA:0,(anonymous_0)
FNDA:0,(anonymous_1)
FNDA:0,(anonymous_2)
FNDA:0,(anonymous_3)
FNDA:0,(anonymous_4)
FNDA:0,(anonymous_5)
FNDA:0,(anonymous_6)
FNDA:0,(anonymous_7)
FNDA:0,(anonymous_8)
FNDA:0,(anonymous_9)
FNDA:0,(anonymous_10)
FNDA:0,(anonymous_11)
FNDA:0,(anonymous_12)
FNDA:0,(anonymous_13)
FNDA:0,(anonymous_14)
FNDA:0,(anonymous_15)
FNDA:0,(anonymous_16)
FNDA:0,(anonymous_17)
FNDA:0,(anonymous_18)
FNDA:0,(anonymous_19)
FNDA:0,(anonymous_20)
FNDA:0,(anonymous_21)
FNDA:0,(anonymous_22)
FNDA:0,(anonymous_23)
FNDA:0,(anonymous_24)
FNDA:0,(anonymous_25)
FNDA:0,(anonymous_26)
FNDA:0,(anonymous_27)
FNDA:0,(anonymous_28)
FNDA:0,(anonymous_29)
FNDA:0,(anonymous_30)
FNDA:0,(anonymous_31)
FNDA:0,(anonymous_32)
FNDA:0,(anonymous_33)
FNDA:0,(anonymous_34)
FNDA:0,(anonymous_35)
FNDA:0,(anonymous_36)
FNDA:0,(anonymous_37)
FNDA:0,(anonymous_38)
FNDA:0,(anonymous_39)
FNDA:0,(anonymous_40)
FNDA:0,(anonymous_41)
FNDA:0,(anonymous_42)
FNDA:0,(anonymous_43)
FNDA:0,(anonymous_44)
FNDA:0,(anonymous_45)
FNDA:0,(anonymous_46)
FNDA:0,(anonymous_47)
FNDA:0,(anonymous_48)
FNDA:0,(anonymous_49)
FNDA:0,(anonymous_50)
DA:8,0
DA:11,0
DA:15,0
DA:23,0
DA:30,0
DA:33,0
DA:44,0
DA:45,0
DA:53,0
DA:67,0
DA:68,0
DA:76,0
DA:78,0
DA:79,0
DA:80,0
DA:83,0
DA:84,0
DA:85,0
DA:88,0
DA:89,0
DA:90,0
DA:94,0
DA:95,0
DA:99,0
DA:100,0
DA:114,0
DA:117,0
DA:119,0
DA:120,0
DA:121,0
DA:123,0
DA:124,0
DA:125,0
DA:128,0
DA:129,0
DA:131,0
DA:132,0
DA:136,0
DA:137,0
DA:142,0
DA:143,0
DA:144,0
DA:148,0
DA:149,0
DA:150,0
DA:151,0
DA:153,0
DA:154,0
DA:155,0
DA:157,0
DA:162,0
DA:163,0
DA:164,0
DA:165,0
DA:175,0
DA:177,0
DA:179,0
DA:180,0
DA:181,0
DA:183,0
DA:186,0
DA:187,0
DA:188,0
DA:189,0
DA:191,0
DA:195,0
DA:198,0
DA:199,0
DA:203,0
DA:204,0
DA:205,0
DA:206,0
DA:208,0
DA:212,0
DA:214,0
DA:224,0
DA:229,0
DA:230,0
DA:231,0
DA:235,0
DA:243,0
DA:245,0
DA:263,0
DA:264,0
DA:274,0
DA:275,0
DA:276,0
DA:277,0
DA:279,0
DA:280,0
DA:283,0
DA:320,0
DA:322,0
DA:324,0
DA:325,0
DA:330,0
DA:331,0
DA:334,0
DA:336,0
DA:337,0
DA:338,0
DA:339,0
DA:345,0
DA:346,0
DA:347,0
DA:348,0
DA:349,0
DA:350,0
DA:352,0
DA:355,0
DA:357,0
DA:369,0
DA:374,0
DA:375,0
DA:376,0
DA:377,0
DA:380,0
DA:390,0
DA:391,0
DA:401,0
DA:408,0
DA:409,0
DA:410,0
DA:413,0
DA:417,0
DA:418,0
DA:426,0
DA:427,0
DA:429,0
DA:430,0
DA:432,0
DA:433,0
DA:435,0
DA:436,0
DA:439,0
DA:443,0
DA:444,0
DA:445,0
DA:446,0
DA:447,0
DA:448,0
DA:450,0
DA:454,0
DA:464,0
DA:465,0
DA:467,0
DA:468,0
DA:469,0
DA:470,0
DA:472,0
DA:475,0
DA:477,0
DA:494,0
DA:495,0
DA:505,0
DA:506,0
DA:507,0
DA:508,0
DA:510,0
DA:511,0
DA:513,0
DA:514,0
DA:517,0
DA:533,0
DA:534,0
DA:535,0
DA:538,0
DA:540,0
DA:544,0
DA:545,0
DA:548,0
DA:567,0
DA:568,0
DA:569,0
DA:578,0
DA:579,0
DA:589,0
DA:593,0
DA:594,0
DA:597,0
DA:601,0
DA:602,0
DA:610,0
DA:625,0
DA:626,0
DA:627,0
DA:628,0
DA:629,0
DA:630,0
DA:634,0
DA:635,0
DA:637,0
DA:638,0
DA:640,0
DA:643,0
DA:644,0
DA:645,0
DA:647,0
DA:657,0
DA:658,0
DA:660,0
DA:675,0
DA:676,0
DA:681,0
DA:682,0
DA:696,0
DA:704,0
DA:705,0
DA:707,0
DA:708,0
DA:721,0
DA:724,0
DA:735,0
DA:736,0
DA:744,0
DA:759,0
DA:762,0
DA:763,0
DA:764,0
DA:768,0
DA:769,0
DA:782,0
DA:785,0
DA:786,0
DA:788,0
DA:789,0
DA:790,0
DA:791,0
DA:799,0
DA:801,0
DA:803,0
DA:804,0
DA:805,0
DA:809,0
DA:810,0
DA:811,0
DA:812,0
DA:814,0
DA:819,0
DA:820,0
DA:821,0
DA:822,0
DA:824,0
DA:827,0
DA:829,0
DA:837,0
DA:841,0
DA:842,0
DA:843,0
DA:847,0
DA:848,0
DA:856,0
DA:875,0
DA:876,0
DA:890,0
DA:896,0
DA:897,0
DA:899,0
DA:900,0
DA:911,0
DA:914,0
DA:927,0
DA:928,0
DA:936,0
DA:937,0
DA:940,0
DA:941,0
DA:942,0
DA:945,0
DA:946,0
DA:947,0
DA:950,0
DA:951,0
DA:955,0
DA:968,0
DA:969,0
DA:970,0
DA:971,0
DA:973,0
DA:982,0
DA:985,0
DA:986,0
DA:987,0
DA:988,0
DA:991,0
DA:992,0
DA:994,0
DA:1017,0
DA:1019,0
DA:1020,0
DA:1022,0
DA:1023,0
DA:1024,0
DA:1025,0
DA:1033,0
DA:1035,0
DA:1037,0
DA:1039,0
DA:1040,0
DA:1043,0
DA:1044,0
DA:1045,0
DA:1048,0
DA:1049,0
DA:1052,0
DA:1053,0
DA:1055,0
DA:1056,0
DA:1057,0
DA:1058,0
DA:1059,0
DA:1060,0
DA:1062,0
DA:1063,0
DA:1067,0
DA:1068,0
DA:1069,0
DA:1072,0
DA:1081,0
DA:1088,0
DA:1089,0
DA:1090,0
DA:1091,0
DA:1093,0
DA:1094,0
DA:1098,0
DA:1108,0
DA:1109,0
DA:1111,0
DA:1117,0
DA:1118,0
LF:331
LH:0
BRDA:26,0,0,0
BRDA:27,1,0,0
BRDA:28,2,0,0
BRDA:29,3,0,0
BRDA:44,4,0,0
BRDA:67,5,0,0
BRDA:78,6,0,0
BRDA:79,7,0,0
BRDA:79,7,1,0
BRDA:83,8,0,0
BRDA:88,9,0,0
BRDA:121,10,0,0
BRDA:121,10,1,0
BRDA:131,11,0,0
BRDA:136,12,0,0
BRDA:142,13,0,0
BRDA:144,14,0,0
BRDA:144,14,1,0
BRDA:153,15,0,0
BRDA:153,15,1,0
BRDA:180,16,0,0
BRDA:180,16,1,0
BRDA:183,17,0,0
BRDA:186,18,0,0
BRDA:186,18,1,0
BRDA:186,19,0,0
BRDA:186,19,1,0
BRDA:188,20,0,0
BRDA:188,20,1,0
BRDA:203,21,0,0
BRDA:203,21,1,0
BRDA:205,22,0,0
BRDA:205,22,1,0
BRDA:212,23,0,0
BRDA:212,23,1,0
BRDA:215,24,0,0
BRDA:215,24,1,0
BRDA:330,25,0,0
BRDA:330,25,1,0
BRDA:330,25,2,0
BRDA:334,26,0,0
BRDA:338,27,0,0
BRDA:345,28,0,0
BRDA:345,28,1,0
BRDA:347,29,0,0
BRDA:347,29,1,0
BRDA:349,30,0,0
BRDA:349,30,1,0
BRDA:355,31,0,0
BRDA:355,31,1,0
BRDA:362,32,0,0
BRDA:362,32,1,0
BRDA:375,33,0,0
BRDA:375,34,0,0
BRDA:375,34,1,0
BRDA:376,35,0,0
BRDA:376,36,0,0
BRDA:376,36,1,0
BRDA:410,37,0,0
BRDA:417,38,0,0
BRDA:427,39,0,0
BRDA:427,39,1,0
BRDA:427,39,2,0
BRDA:443,40,0,0
BRDA:443,40,1,0
BRDA:445,41,0,0
BRDA:445,41,1,0
BRDA:447,42,0,0
BRDA:447,42,1,0
BRDA:467,43,0,0
BRDA:467,43,1,0
BRDA:469,44,0,0
BRDA:469,44,1,0
BRDA:535,45,0,0
BRDA:535,45,1,0
BRDA:540,46,0,0
BRDA:540,46,1,0
BRDA:559,47,0,0
BRDA:559,47,1,0
BRDA:601,48,0,0
BRDA:643,49,0,0
BRDA:643,49,1,0
BRDA:654,50,0,0
BRDA:654,50,1,0
BRDA:654,51,0,0
BRDA:654,51,1,0
BRDA:707,52,0,0
BRDA:717,53,0,0
BRDA:718,54,0,0
BRDA:719,55,0,0
BRDA:720,56,0,0
BRDA:735,57,0,0
BRDA:764,58,0,0
BRDA:764,58,1,0
BRDA:803,59,0,0
BRDA:803,59,1,0
BRDA:809,60,0,0
BRDA:809,60,1,0
BRDA:809,61,0,0
BRDA:809,61,1,0
BRDA:811,62,0,0
BRDA:811,62,1,0
BRDA:819,63,0,0
BRDA:819,63,1,0
BRDA:821,64,0,0
BRDA:821,64,1,0
BRDA:827,65,0,0
BRDA:827,65,1,0
BRDA:827,66,0,0
BRDA:827,66,1,0
BRDA:847,67,0,0
BRDA:847,68,0,0
BRDA:847,68,1,0
BRDA:899,69,0,0
BRDA:909,70,0,0
BRDA:910,71,0,0
BRDA:927,72,0,0
BRDA:942,73,0,0
BRDA:942,73,1,0
BRDA:950,74,0,0
BRDA:950,74,1,0
BRDA:951,75,0,0
BRDA:951,75,1,0
BRDA:963,76,0,0
BRDA:963,76,1,0
BRDA:963,77,0,0
BRDA:963,77,1,0
BRDA:987,78,0,0
BRDA:987,78,1,0
BRDA:1044,79,0,0
BRDA:1055,80,0,0
BRDA:1055,80,1,0
BRDA:1055,81,0,0
BRDA:1055,81,1,0
BRDA:1058,82,0,0
BRDA:1058,82,1,0
BRDA:1068,83,0,0
BRDA:1090,84,0,0
BRDA:1090,85,0,0
BRDA:1090,85,1,0
BRDA:1093,86,0,0
BRDA:1104,87,0,0
BRDA:1104,87,1,0
BRF:143
BRH:0
end_of_record
TN:
SF:src\routes\settings.ts
FN:36,parsePreferences
FN:56,(anonymous_1)
FN:131,(anonymous_2)
FN:220,(anonymous_3)
FNF:4
FNH:0
FNDA:0,parsePreferences
FNDA:0,(anonymous_1)
FNDA:0,(anonymous_2)
FNDA:0,(anonymous_3)
DA:8,0
DA:11,0
DA:37,0
DA:38,0
DA:40,0
DA:41,0
DA:43,0
DA:50,0
DA:56,0
DA:57,0
DA:58,0
DA:60,0
DA:61,0
DA:69,0
DA:80,0
DA:81,0
DA:88,0
DA:90,0
DA:101,0
DA:102,0
DA:112,0
DA:132,0
DA:133,0
DA:135,0
DA:136,0
DA:149,0
DA:152,0
DA:157,0
DA:158,0
DA:166,0
DA:168,0
DA:176,0
DA:180,0
DA:181,0
DA:184,0
DA:196,0
DA:198,0
DA:209,0
DA:210,0
DA:220,0
DA:221,0
LF:41
LH:0
BRDA:37,0,0,0
BRDA:60,1,0,0
BRDA:80,2,0,0
BRDA:135,3,0,0
BRDA:157,4,0,0
BRDA:180,5,0,0
BRF:6
BRH:0
end_of_record
TN:
SF:src\routes\statistics.ts
FN:15,(anonymous_0)
FN:70,(anonymous_1)
FN:73,(anonymous_2)
FN:77,(anonymous_3)
FN:79,(anonymous_4)
FN:80,(anonymous_5)
FN:87,(anonymous_6)
FN:92,(anonymous_7)
FN:98,(anonymous_8)
FN:99,(anonymous_9)
FN:103,(anonymous_10)
FN:104,(anonymous_11)
FN:105,(anonymous_12)
FN:106,(anonymous_13)
FN:140,(anonymous_14)
FN:183,(anonymous_15)
FN:184,(anonymous_16)
FN:185,(anonymous_17)
FN:186,(anonymous_18)
FN:189,(anonymous_19)
FN:195,(anonymous_20)
FN:231,(anonymous_21)
FN:292,(anonymous_22)
FN:297,(anonymous_23)
FN:301,(anonymous_24)
FN:309,(anonymous_25)
FN:315,(anonymous_26)
FN:344,(anonymous_27)
FN:378,(anonymous_28)
FN:379,(anonymous_29)
FN:382,(anonymous_30)
FN:383,(anonymous_31)
FN:387,(anonymous_32)
FN:388,(anonymous_33)
FN:389,(anonymous_34)
FN:390,(anonymous_35)
FN:395,(anonymous_36)
FN:432,(anonymous_37)
FN:450,(anonymous_38)
FN:451,(anonymous_39)
FN:453,(anonymous_40)
FN:454,(anonymous_41)
FN:469,(anonymous_42)
FN:470,(anonymous_43)
FN:499,(anonymous_44)
FNF:45
FNH:0
FNDA:0,(anonymous_0)
FNDA:0,(anonymous_1)
FNDA:0,(anonymous_2)
FNDA:0,(anonymous_3)
FNDA:0,(anonymous_4)
FNDA:0,(anonymous_5)
FNDA:0,(anonymous_6)
FNDA:0,(anonymous_7)
FNDA:0,(anonymous_8)
FNDA:0,(anonymous_9)
FNDA:0,(anonymous_10)
FNDA:0,(anonymous_11)
FNDA:0,(anonymous_12)
FNDA:0,(anonymous_13)
FNDA:0,(anonymous_14)
FNDA:0,(anonymous_15)
FNDA:0,(anonymous_16)
FNDA:0,(anonymous_17)
FNDA:0,(anonymous_18)
FNDA:0,(anonymous_19)
FNDA:0,(anonymous_20)
FNDA:0,(anonymous_21)
FNDA:0,(anonymous_22)
FNDA:0,(anonymous_23)
FNDA:0,(anonymous_24)
FNDA:0,(anonymous_25)
FNDA:0,(anonymous_26)
FNDA:0,(anonymous_27)
FNDA:0,(anonymous_28)
FNDA:0,(anonymous_29)
FNDA:0,(anonymous_30)
FNDA:0,(anonymous_31)
FNDA:0,(anonymous_32)
FNDA:0,(anonymous_33)
FNDA:0,(anonymous_34)
FNDA:0,(anonymous_35)
FNDA:0,(anonymous_36)
FNDA:0,(anonymous_37)
FNDA:0,(anonymous_38)
FNDA:0,(anonymous_39)
FNDA:0,(anonymous_40)
FNDA:0,(anonymous_41)
FNDA:0,(anonymous_42)
FNDA:0,(anonymous_43)
FNDA:0,(anonymous_44)
DA:7,0
DA:11,0
DA:16,0
DA:17,0
DA:18,0
DA:21,0
DA:32,0
DA:33,0
DA:41,0
DA:43,0
DA:45,0
DA:46,0
DA:48,0
DA:49,0
DA:51,0
DA:52,0
DA:54,0
DA:58,0
DA:70,0
DA:73,0
DA:74,0
DA:77,0
DA:78,0
DA:79,0
DA:80,0
DA:83,0
DA:86,0
DA:87,0
DA:91,0
DA:92,0
DA:93,0
DA:94,0
DA:97,0
DA:98,0
DA:99,0
DA:102,0
DA:103,0
DA:104,0
DA:105,0
DA:106,0
DA:109,0
DA:126,0
DA:127,0
DA:137,0
DA:141,0
DA:142,0
DA:145,0
DA:149,0
DA:150,0
DA:158,0
DA:183,0
DA:184,0
DA:185,0
DA:186,0
DA:189,0
DA:190,0
DA:195,0
DA:205,0
DA:220,0
DA:221,0
DA:231,0
DA:232,0
DA:240,0
DA:257,0
DA:272,0
DA:286,0
DA:287,0
DA:289,0
DA:292,0
DA:294,0
DA:297,0
DA:300,0
DA:301,0
DA:309,0
DA:315,0
DA:318,0
DA:330,0
DA:331,0
DA:341,0
DA:345,0
DA:346,0
DA:349,0
DA:368,0
DA:369,0
DA:377,0
DA:378,0
DA:379,0
DA:382,0
DA:383,0
DA:386,0
DA:387,0
DA:388,0
DA:389,0
DA:390,0
DA:394,0
DA:395,0
DA:398,0
DA:421,0
DA:422,0
DA:432,0
DA:433,0
DA:435,0
DA:446,0
DA:447,0
DA:448,0
DA:450,0
DA:451,0
DA:452,0
DA:453,0
DA:454,0
DA:458,0
DA:459,0
DA:469,0
DA:470,0
DA:473,0
DA:474,0
DA:481,0
DA:483,0
DA:499,0
DA:506,0
DA:507,0
LF:121
LH:0
BRDA:18,0,0,0
BRDA:32,1,0,0
BRDA:43,2,0,0
BRDA:43,2,1,0
BRDA:43,2,2,0
BRDA:43,2,3,0
BRDA:83,3,0,0
BRDA:83,3,1,0
BRDA:86,4,0,0
BRDA:86,4,1,0
BRDA:94,5,0,0
BRDA:94,5,1,0
BRDA:104,6,0,0
BRDA:104,6,1,0
BRDA:105,7,0,0
BRDA:105,7,1,0
BRDA:149,8,0,0
BRDA:184,9,0,0
BRDA:184,9,1,0
BRDA:190,10,0,0
BRDA:190,10,1,0
BRDA:200,11,0,0
BRDA:200,11,1,0
BRDA:201,12,0,0
BRDA:201,12,1,0
BRDA:304,13,0,0
BRDA:304,13,1,0
BRDA:305,14,0,0
BRDA:305,14,1,0
BRDA:311,15,0,0
BRDA:311,15,1,0
BRDA:368,16,0,0
BRDA:388,17,0,0
BRDA:388,17,1,0
BRDA:389,18,0,0
BRDA:389,18,1,0
BRDA:394,19,0,0
BRDA:394,19,1,0
BRDA:409,20,0,0
BRDA:409,20,1,0
BRDA:481,21,0,0
BRDA:481,21,1,0
BRF:42
BRH:0
end_of_record
TN:
SF:src\routes\study-records.ts
FN:27,(anonymous_0)
FN:82,(anonymous_1)
FN:166,(anonymous_2)
FN:222,(anonymous_3)
FN:303,(anonymous_4)
FN:366,(anonymous_5)
FN:431,(anonymous_6)
FN:509,(anonymous_7)
FN:560,(anonymous_8)
FN:626,(anonymous_9)
FN:666,(anonymous_10)
FN:744,(anonymous_11)
FN:814,(anonymous_12)
FN:832,(anonymous_13)
FN:833,(anonymous_14)
FN:834,(anonymous_15)
FN:855,(anonymous_16)
FN:876,(anonymous_17)
FN:903,(anonymous_18)
FN:948,(anonymous_19)
FN:1029,(anonymous_20)
FN:1048,(anonymous_21)
FN:1049,(anonymous_22)
FN:1066,(anonymous_23)
FN:1103,(anonymous_24)
FN:1126,(anonymous_25)
FN:1127,(anonymous_26)
FN:1134,(anonymous_27)
FNF:28
FNH:0
FNDA:0,(anonymous_0)
FNDA:0,(anonymous_1)
FNDA:0,(anonymous_2)
FNDA:0,(anonymous_3)
FNDA:0,(anonymous_4)
FNDA:0,(anonymous_5)
FNDA:0,(anonymous_6)
FNDA:0,(anonymous_7)
FNDA:0,(anonymous_8)
FNDA:0,(anonymous_9)
FNDA:0,(anonymous_10)
FNDA:0,(anonymous_11)
FNDA:0,(anonymous_12)
FNDA:0,(anonymous_13)
FNDA:0,(anonymous_14)
FNDA:0,(anonymous_15)
FNDA:0,(anonymous_16)
FNDA:0,(anonymous_17)
FNDA:0,(anonymous_18)
FNDA:0,(anonymous_19)
FNDA:0,(anonymous_20)
FNDA:0,(anonymous_21)
FNDA:0,(anonymous_22)
FNDA:0,(anonymous_23)
FNDA:0,(anonymous_24)
FNDA:0,(anonymous_25)
FNDA:0,(anonymous_26)
FNDA:0,(anonymous_27)
DA:16,0
DA:20,0
DA:28,0
DA:29,0
DA:32,0
DA:33,0
DA:34,0
DA:35,0
DA:38,0
DA:39,0
DA:40,0
DA:41,0
DA:45,0
DA:58,0
DA:63,0
DA:64,0
DA:73,0
DA:83,0
DA:84,0
DA:87,0
DA:89,0
DA:90,0
DA:91,0
DA:92,0
DA:94,0
DA:95,0
DA:99,0
DA:100,0
DA:103,0
DA:104,0
DA:107,0
DA:108,0
DA:115,0
DA:116,0
DA:119,0
DA:140,0
DA:153,0
DA:154,0
DA:163,0
DA:167,0
DA:168,0
DA:170,0
DA:190,0
DA:191,0
DA:197,0
DA:202,0
DA:203,0
DA:212,0
DA:223,0
DA:224,0
DA:227,0
DA:231,0
DA:232,0
DA:239,0
DA:243,0
DA:244,0
DA:251,0
DA:272,0
DA:277,0
DA:280,0
DA:281,0
DA:287,0
DA:296,0
DA:304,0
DA:305,0
DA:306,0
DA:309,0
DA:313,0
DA:314,0
DA:321,0
DA:322,0
DA:323,0
DA:327,0
DA:340,0
DA:345,0
DA:347,0
DA:348,0
DA:354,0
DA:363,0
DA:367,0
DA:368,0
DA:371,0
DA:382,0
DA:383,0
DA:390,0
DA:391,0
DA:395,0
DA:399,0
DA:404,0
DA:406,0
DA:407,0
DA:413,0
DA:422,0
DA:432,0
DA:433,0
DA:434,0
DA:437,0
DA:441,0
DA:442,0
DA:449,0
DA:450,0
DA:454,0
DA:455,0
DA:463,0
DA:483,0
DA:488,0
DA:490,0
DA:491,0
DA:497,0
DA:506,0
DA:510,0
DA:511,0
DA:514,0
DA:518,0
DA:519,0
DA:526,0
DA:536,0
DA:541,0
DA:542,0
DA:551,0
DA:561,0
DA:562,0
DA:563,0
DA:566,0
DA:567,0
DA:571,0
DA:572,0
DA:580,0
DA:593,0
DA:598,0
DA:600,0
DA:601,0
DA:607,0
DA:608,0
DA:614,0
DA:623,0
DA:627,0
DA:628,0
DA:631,0
DA:635,0
DA:640,0
DA:642,0
DA:643,0
DA:649,0
DA:658,0
DA:667,0
DA:668,0
DA:669,0
DA:672,0
DA:676,0
DA:677,0
DA:684,0
DA:685,0
DA:689,0
DA:690,0
DA:698,0
DA:718,0
DA:723,0
DA:725,0
DA:726,0
DA:732,0
DA:741,0
DA:745,0
DA:746,0
DA:749,0
DA:769,0
DA:770,0
DA:777,0
DA:796,0
DA:801,0
DA:802,0
DA:811,0
DA:815,0
DA:816,0
DA:819,0
DA:830,0
DA:832,0
DA:833,0
DA:834,0
DA:837,0
DA:842,0
DA:843,0
DA:852,0
DA:856,0
DA:857,0
DA:860,0
DA:876,0
DA:885,0
DA:890,0
DA:891,0
DA:900,0
DA:904,0
DA:905,0
DA:908,0
DA:921,0
DA:926,0
DA:927,0
DA:942,0
DA:949,0
DA:950,0
DA:951,0
DA:954,0
DA:958,0
DA:959,0
DA:966,0
DA:967,0
DA:971,0
DA:972,0
DA:980,0
DA:995,0
DA:1000,0
DA:1001,0
DA:1019,0
DA:1030,0
DA:1031,0
DA:1032,0
DA:1035,0
DA:1039,0
DA:1040,0
DA:1047,0
DA:1048,0
DA:1049,0
DA:1051,0
DA:1052,0
DA:1057,0
DA:1058,0
DA:1066,0
DA:1077,0
DA:1081,0
DA:1089,0
DA:1090,0
DA:1099,0
DA:1104,0
DA:1105,0
DA:1106,0
DA:1109,0
DA:1118,0
DA:1119,0
DA:1126,0
DA:1127,0
DA:1128,0
DA:1129,0
DA:1130,0
DA:1132,0
DA:1134,0
DA:1144,0
DA:1152,0
DA:1153,0
LF:248
LH:0
BRDA:33,0,0,0
BRDA:34,1,0,0
BRDA:35,2,0,0
BRDA:38,3,0,0
BRDA:38,4,0,0
BRDA:38,4,1,0
BRDA:40,5,0,0
BRDA:41,6,0,0
BRDA:84,7,0,0
BRDA:84,8,0,0
BRDA:89,9,0,0
BRDA:89,10,0,0
BRDA:89,10,1,0
BRDA:91,11,0,0
BRDA:94,12,0,0
BRDA:99,13,0,0
BRDA:103,14,0,0
BRDA:107,15,0,0
BRDA:190,16,0,0
BRDA:224,17,0,0
BRDA:224,18,0,0
BRDA:231,19,0,0
BRDA:243,20,0,0
BRDA:280,21,0,0
BRDA:313,22,0,0
BRDA:322,23,0,0
BRDA:347,24,0,0
BRDA:382,25,0,0
BRDA:390,26,0,0
BRDA:406,27,0,0
BRDA:441,28,0,0
BRDA:449,29,0,0
BRDA:454,30,0,0
BRDA:490,31,0,0
BRDA:518,32,0,0
BRDA:566,33,0,0
BRDA:571,34,0,0
BRDA:600,35,0,0
BRDA:607,36,0,0
BRDA:642,37,0,0
BRDA:676,38,0,0
BRDA:684,39,0,0
BRDA:689,40,0,0
BRDA:725,41,0,0
BRDA:769,42,0,0
BRDA:834,43,0,0
BRDA:834,43,1,0
BRDA:834,43,2,0
BRDA:834,43,3,0
BRDA:878,44,0,0
BRDA:878,44,1,0
BRDA:879,45,0,0
BRDA:879,45,1,0
BRDA:958,46,0,0
BRDA:966,47,0,0
BRDA:971,48,0,0
BRDA:983,49,0,0
BRDA:983,49,1,0
BRDA:1039,50,0,0
BRDA:1051,51,0,0
BRDA:1057,52,0,0
BRDA:1068,53,0,0
BRDA:1068,53,1,0
BRDA:1071,54,0,0
BRDA:1071,54,1,0
BRDA:1072,55,0,0
BRDA:1072,55,1,0
BRDA:1073,56,0,0
BRDA:1073,56,1,0
BRDA:1106,57,0,0
BRDA:1106,57,1,0
BRDA:1118,58,0,0
BRDA:1128,59,0,0
BRF:73
BRH:0
end_of_record
TN:
SF:src\routes\time-marks.ts
FN:15,(anonymous_0)
FNF:1
FNH:0
FNDA:0,(anonymous_0)
DA:7,0
DA:11,0
DA:16,0
DA:17,0
DA:18,0
DA:21,0
DA:25,0
DA:26,0
DA:33,0
DA:37,0
DA:38,0
DA:45,0
DA:58,0
DA:63,0
DA:64,0
LF:15
LH:0
BRDA:25,0,0,0
BRDA:37,1,0,0
BRF:2
BRH:0
end_of_record
TN:
SF:src\services\gemini.ts
FN:135,(anonymous_0)
FN:140,(anonymous_1)
FN:161,(anonymous_2)
FN:168,(anonymous_3)
FN:179,(anonymous_4)
FN:202,(anonymous_5)
FN:229,(anonymous_6)
FN:278,(anonymous_7)
FN:300,(anonymous_8)
FN:313,(anonymous_9)
FN:333,(anonymous_10)
FN:339,(anonymous_11)
FN:359,(anonymous_12)
FN:363,(anonymous_13)
FN:388,(anonymous_14)
FN:390,(anonymous_15)
FN:391,(anonymous_16)
FN:395,(anonymous_17)
FN:400,(anonymous_18)
FN:419,(anonymous_19)
FN:444,(anonymous_20)
FN:464,(anonymous_21)
FN:472,(anonymous_22)
FN:512,(anonymous_23)
FNF:24
FNH:0
FNDA:0,(anonymous_0)
FNDA:0,(anonymous_1)
FNDA:0,(anonymous_2)
FNDA:0,(anonymous_3)
FNDA:0,(anonymous_4)
FNDA:0,(anonymous_5)
FNDA:0,(anonymous_6)
FNDA:0,(anonymous_7)
FNDA:0,(anonymous_8)
FNDA:0,(anonymous_9)
FNDA:0,(anonymous_10)
FNDA:0,(anonymous_11)
FNDA:0,(anonymous_12)
FNDA:0,(anonymous_13)
FNDA:0,(anonymous_14)
FNDA:0,(anonymous_15)
FNDA:0,(anonymous_16)
FNDA:0,(anonymous_17)
FNDA:0,(anonymous_18)
FNDA:0,(anonymous_19)
FNDA:0,(anonymous_20)
FNDA:0,(anonymous_21)
FNDA:0,(anonymous_22)
FNDA:0,(anonymous_23)
DA:102,0
DA:109,0
DA:131,0
DA:133,0
DA:136,0
DA:137,0
DA:141,0
DA:142,0
DA:143,0
DA:144,0
DA:147,0
DA:148,0
DA:149,0
DA:150,0
DA:151,0
DA:153,0
DA:154,0
DA:162,0
DA:169,0
DA:180,0
DA:181,0
DA:184,0
DA:185,0
DA:190,0
DA:198,0
DA:199,0
DA:202,0
DA:208,0
DA:209,0
DA:213,0
DA:219,0
DA:221,0
DA:222,0
DA:233,0
DA:234,0
DA:235,0
DA:236,0
DA:238,0
DA:241,0
DA:242,0
DA:247,0
DA:254,0
DA:260,0
DA:261,0
DA:262,0
DA:263,0
DA:267,0
DA:268,0
DA:269,0
DA:270,0
DA:279,0
DA:281,0
DA:287,0
DA:299,0
DA:300,0
DA:303,0
DA:304,0
DA:307,0
DA:322,0
DA:324,0
DA:332,0
DA:333,0
DA:334,0
DA:338,0
DA:339,0
DA:340,0
DA:343,0
DA:353,0
DA:360,0
DA:363,0
DA:365,0
DA:366,0
DA:367,0
DA:369,0
DA:372,0
DA:373,0
DA:374,0
DA:375,0
DA:377,0
DA:380,0
DA:388,0
DA:390,0
DA:391,0
DA:393,0
DA:396,0
DA:399,0
DA:400,0
DA:401,0
DA:405,0
DA:412,0
DA:420,0
DA:423,0
DA:436,0
DA:439,0
DA:441,0
DA:442,0
DA:443,0
DA:444,0
DA:459,0
DA:465,0
DA:466,0
DA:467,0
DA:469,0
DA:474,0
DA:509,0
DA:518,0
DA:520,0
DA:526,0
DA:531,0
DA:536,0
DA:539,0
DA:540,0
DA:541,0
DA:551,0
DA:555,0
DA:556,0
DA:557,0
DA:567,0
DA:571,0
DA:572,0
DA:573,0
DA:584,0
DA:591,0
LF:123
LH:0
BRDA:103,0,0,0
BRDA:103,0,1,0
BRDA:104,1,0,0
BRDA:104,1,1,0
BRDA:105,2,0,0
BRDA:105,2,1,0
BRDA:106,3,0,0
BRDA:106,3,1,0
BRDA:135,4,0,0
BRDA:141,5,0,0
BRDA:141,6,0,0
BRDA:141,6,1,0
BRDA:162,7,0,0
BRDA:162,7,1,0
BRDA:172,8,0,0
BRDA:172,8,1,0
BRDA:180,9,0,0
BRDA:198,10,0,0
BRDA:198,11,0,0
BRDA:198,11,1,0
BRDA:233,12,0,0
BRDA:262,13,0,0
BRDA:299,14,0,0
BRDA:299,15,0,0
BRDA:299,15,1,0
BRDA:299,15,2,0
BRDA:303,16,0,0
BRDA:332,17,0,0
BRDA:332,18,0,0
BRDA:332,18,1,0
BRDA:338,19,0,0
BRDA:338,20,0,0
BRDA:338,20,1,0
BRDA:372,21,0,0
BRDA:372,21,1,0
BRDA:372,22,0,0
BRDA:372,22,1,0
BRDA:374,23,0,0
BRDA:374,23,1,0
BRDA:395,24,0,0
BRDA:395,24,1,0
BRDA:396,25,0,0
BRDA:396,25,1,0
BRDA:399,26,0,0
BRDA:424,27,0,0
BRDA:424,27,1,0
BRDA:425,28,0,0
BRDA:425,28,1,0
BRDA:426,29,0,0
BRDA:426,29,1,0
BRDA:442,30,0,0
BRDA:445,31,0,0
BRDA:445,31,1,0
BRDA:446,32,0,0
BRDA:446,32,1,0
BRDA:447,33,0,0
BRDA:447,33,1,0
BRDA:448,34,0,0
BRDA:448,34,1,0
BRDA:449,35,0,0
BRDA:449,35,1,0
BRDA:450,36,0,0
BRDA:450,36,1,0
BRDA:451,37,0,0
BRDA:451,37,1,0
BRDA:509,38,0,0
BRDA:509,38,1,0
BRDA:539,39,0,0
BRDA:539,40,0,0
BRDA:539,40,1,0
BRDA:555,41,0,0
BRDA:555,42,0,0
BRDA:555,42,1,0
BRDA:571,43,0,0
BRDA:571,44,0,0
BRDA:571,44,1,0
BRF:76
BRH:0
end_of_record
TN:
SF:src\utils\file.ts
FN:46,ensureUploadDir
FN:58,generateUniqueFilename
FN:70,generateUUIDFilename
FN:81,getFileCategory
FN:94,isValidFileType
FN:105,getFilePath
FN:114,getFileUrl
FN:123,fileExists
FN:138,deleteFile
FN:154,getFileInfo
FN:174,formatFileSize
FN:188,isValidFileSize
FN:219,createMulterStorage
FN:221,(anonymous_13)
FN:227,(anonymous_14)
FN:235,(anonymous_15)
FN:248,(anonymous_16)
FN:249,(anonymous_17)
FN:260,createFileFilter
FN:261,(anonymous_19)
FNF:20
FNH:0
FNDA:0,ensureUploadDir
FNDA:0,generateUniqueFilename
FNDA:0,generateUUIDFilename
FNDA:0,getFileCategory
FNDA:0,isValidFileType
FNDA:0,getFilePath
FNDA:0,getFileUrl
FNDA:0,fileExists
FNDA:0,deleteFile
FNDA:0,getFileInfo
FNDA:0,formatFileSize
FNDA:0,isValidFileSize
FNDA:0,createMulterStorage
FNDA:0,(anonymous_13)
FNDA:0,(anonymous_14)
FNDA:0,(anonymous_15)
FNDA:0,(anonymous_16)
FNDA:0,(anonymous_17)
FNDA:0,createFileFilter
FNDA:0,(anonymous_19)
DA:9,0
DA:12,0
DA:15,0
DA:24,0
DA:33,0
DA:47,0
DA:48,0
DA:59,0
DA:60,0
DA:61,0
DA:62,0
DA:71,0
DA:72,0
DA:73,0
DA:82,0
DA:83,0
DA:84,0
DA:85,0
DA:95,0
DA:96,0
DA:97,0
DA:106,0
DA:115,0
DA:124,0
DA:125,0
DA:126,0
DA:127,0
DA:129,0
DA:139,0
DA:140,0
DA:141,0
DA:142,0
DA:144,0
DA:145,0
DA:155,0
DA:156,0
DA:157,0
DA:158,0
DA:165,0
DA:175,0
DA:176,0
DA:177,0
DA:178,0
DA:179,0
DA:189,0
DA:220,0
DA:222,0
DA:223,0
DA:224,0
DA:227,0
DA:228,0
DA:229,0
DA:232,0
DA:233,0
DA:234,0
DA:235,0
DA:236,0
DA:249,0
DA:250,0
DA:261,0
DA:262,0
DA:263,0
DA:265,0
LF:63
LH:0
BRDA:9,0,0,0
BRDA:9,0,1,0
BRDA:12,1,0,0
BRDA:12,1,1,0
BRDA:47,2,0,0
BRDA:61,3,0,0
BRDA:61,3,1,0
BRDA:82,4,0,0
BRDA:83,5,0,0
BRDA:84,6,0,0
BRDA:96,7,0,0
BRDA:175,8,0,0
BRDA:188,9,0,0
BRDA:189,10,0,0
BRDA:189,10,1,0
BRDA:228,11,0,0
BRDA:262,12,0,0
BRDA:262,12,1,0
BRF:18
BRH:0
end_of_record
